Log file open, 05/11/20 20:07:22
LogWindows: Failed to load 'aqProf.dll' (GetLastError=126)
LogWindows: File 'aqProf.dll' does not exist
LogWindows: Failed to load 'VtuneApi.dll' (GetLastError=126)
LogWindows: File 'VtuneApi.dll' does not exist
LogWindows: Failed to load 'VtuneApi32e.dll' (GetLastError=126)
LogWindows: File 'VtuneApi32e.dll' does not exist
LogConsoleResponse: Display: Failed to find resolution value strings in scalability ini. Falling back to default.
LogInit: Display: Running engine for game: Staying_alive
LogPlatformFile: Not using cached read wrapper
LogTaskGraph: Started task graph with 5 named threads and 14 total threads with 3 sets of task threads.
LogStats: Stats thread started at 0.060966
LogD3D11RHI: Loaded GFSDK_Aftermath_Lib.x64.dll
LogICUInternationalization: ICU TimeZone Detection - Raw Offset: -8:00, Platform Override: ''
LogPluginManager: Mounting plugin Paper2D
LogPluginManager: Mounting plugin AISupport
LogPluginManager: Mounting plugin LightPropagationVolume
LogPluginManager: Mounting plugin ActorLayerUtilities
LogPluginManager: Mounting plugin AnimationSharing
LogPluginManager: Mounting plugin CLionSourceCodeAccess
LogPluginManager: Mounting plugin CodeLiteSourceCodeAccess
LogPluginManager: Mounting plugin GitSourceControl
LogPluginManager: Mounting plugin KDevelopSourceCodeAccess
LogPluginManager: Mounting plugin NullSourceCodeAccess
LogPluginManager: Mounting plugin PerforceSourceControl
LogPluginManager: Mounting plugin PlasticSourceControl
LogPluginManager: Mounting plugin SubversionSourceControl
LogPluginManager: Mounting plugin UObjectPlugin
LogPluginManager: Mounting plugin VisualStudioCodeSourceCodeAccess
LogPluginManager: Mounting plugin VisualStudioSourceCodeAccess
LogPluginManager: Mounting plugin XCodeSourceCodeAccess
LogPluginManager: Mounting plugin AssetManagerEditor
LogPluginManager: Mounting plugin CryptoKeys
LogPluginManager: Mounting plugin CurveEditorTools
LogPluginManager: Mounting plugin DataValidation
LogPluginManager: Mounting plugin FacialAnimation
LogPluginManager: Mounting plugin GameplayTagsEditor
LogPluginManager: Mounting plugin MacGraphicsSwitching
LogPluginManager: Mounting plugin MaterialAnalyzer
LogPluginManager: Mounting plugin MobileLauncherProfileWizard
LogPluginManager: Mounting plugin PluginBrowser
LogPluginManager: Mounting plugin SpeedTreeImporter
LogPluginManager: Mounting plugin DatasmithContent
LogPluginManager: Mounting plugin VariantManagerContent
LogPluginManager: Mounting plugin AlembicImporter
LogPluginManager: Mounting plugin AutomationUtils
LogPluginManager: Mounting plugin BackChannel
LogPluginManager: Mounting plugin CharacterAI
LogPluginManager: Mounting plugin GeometryCache
LogPluginManager: Mounting plugin PlatformCrypto
LogPluginManager: Mounting plugin ProxyLODPlugin
LogPluginManager: Mounting plugin SkeletalReduction
LogPluginManager: Mounting plugin MagicLeap
LogPluginManager: Mounting plugin MagicLeapMedia
LogPluginManager: Mounting plugin MLSDK
LogPluginManager: Mounting plugin AndroidMedia
LogPluginManager: Mounting plugin AvfMedia
LogPluginManager: Mounting plugin ImgMedia
LogPluginManager: Mounting plugin MediaCompositing
LogPluginManager: Mounting plugin MediaPlayerEditor
LogPluginManager: Mounting plugin WebMMedia
LogPluginManager: Mounting plugin WmfMedia
LogPluginManager: Mounting plugin TcpMessaging
LogPluginManager: Mounting plugin UdpMessaging
LogPluginManager: Mounting plugin ActorSequence
LogPluginManager: Mounting plugin LevelSequenceEditor
LogPluginManager: Mounting plugin MatineeToLevelSequence
LogPluginManager: Mounting plugin NetcodeUnitTest
LogPluginManager: Mounting plugin NUTUnrealEngine4
LogPluginManager: Mounting plugin OnlineSubsystemGooglePlay
LogPluginManager: Mounting plugin OnlineSubsystemIOS
LogPluginManager: Mounting plugin OnlineSubsystem
LogPluginManager: Mounting plugin OnlineSubsystemNull
LogPluginManager: Mounting plugin OnlineSubsystemUtils
LogPluginManager: Mounting plugin LauncherChunkInstaller
LogPluginManager: Mounting plugin AndroidDeviceProfileSelector
LogPluginManager: Mounting plugin AndroidMoviePlayer
LogPluginManager: Mounting plugin AndroidPermission
LogPluginManager: Mounting plugin AppleImageUtils
LogPluginManager: Mounting plugin AppleMoviePlayer
LogPluginManager: Mounting plugin ArchVisCharacter
LogPluginManager: Mounting plugin AssetTags
LogPluginManager: Mounting plugin AudioCapture
LogPluginManager: Mounting plugin CableComponent
LogPluginManager: Mounting plugin CustomMeshComponent
LogPluginManager: Mounting plugin EditableMesh
LogPluginManager: Mounting plugin ExampleDeviceProfileSelector
LogPluginManager: Mounting plugin GoogleCloudMessaging
LogPluginManager: Mounting plugin IOSDeviceProfileSelector
LogPluginManager: Mounting plugin LinuxDeviceProfileSelector
LogPluginManager: Mounting plugin LocationServicesBPLibrary
LogPluginManager: Mounting plugin MobilePatchingUtils
LogPluginManager: Mounting plugin OculusVR
LogPluginManager: Mounting plugin PhysXVehicles
LogPluginManager: Mounting plugin PostSplashScreen
LogPluginManager: Mounting plugin ProceduralMeshComponent
LogPluginManager: Mounting plugin RuntimePhysXCooking
LogPluginManager: Mounting plugin SignificanceManager
LogPluginManager: Mounting plugin SteamVR
LogPluginManager: Mounting plugin WebMMoviePlayer
LogPluginManager: Mounting plugin WindowsMoviePlayer
LogPluginManager: Mounting plugin ScreenshotTools
LogInit: Using libcurl 7.55.1-DEV
LogInit:  - built for x86_64-pc-win32
LogInit:  - supports SSL with OpenSSL/1.1.1
LogInit:  - supports HTTP deflate (compression) using libz 1.2.8
LogInit:  - other features:
LogInit:      CURL_VERSION_SSL
LogInit:      CURL_VERSION_LIBZ
LogInit:      CURL_VERSION_IPV6
LogInit:      CURL_VERSION_ASYNCHDNS
LogInit:      CURL_VERSION_LARGEFILE
LogInit:      CURL_VERSION_IDN
LogInit:  CurlRequestOptions (configurable via config and command line):
LogInit:  - bVerifyPeer = true  - Libcurl will verify peer certificate
LogInit:  - bUseHttpProxy = false  - Libcurl will NOT use HTTP proxy
LogInit:  - bDontReuseConnections = false  - Libcurl will reuse connections
LogInit:  - MaxHostConnections = 16  - Libcurl will limit the number of connections to a host
LogInit:  - LocalHostAddr = Default
LogInit:  - BufferSize = 65536
LogOnline: OSS: Creating online subsystem instance for: NULL
LogInit: WinSock: version 1.1 (2.2), MaxSocks=32767, MaxUdp=65467
LogOnline: OSS: TryLoadSubsystemAndSetDefault: Loaded subsystem for module [NULL]
LogInit: Build: ++UE4+Release-4.24-CL-11100242
LogInit: Engine Version: 4.24.2-11100242+++UE4+Release-4.24
LogInit: Compatible Engine Version: 4.24.0-10570792+++UE4+Release-4.24
LogInit: Net CL: 10570792
LogInit: OS: Windows 10 (Release 1903) (), CPU: Intel(R) Core(TM) i5-6600K CPU @ 3.50GHz, GPU: NVIDIA GeForce GTX 1060 6GB
LogInit: Compiled (64-bit): Jan 24 2020 02:05:53
LogInit: Compiled with Visual C++: 19.16.27032.01
LogInit: Build Configuration: Development
LogInit: Branch Name: ++UE4+Release-4.24
LogInit: Command Line:  -EpicPortal -epicusername=lcoal -epicuserid=20f55b3b57654f279da0de9771224831 -epiclocale=en
LogInit: Base Directory: G:/Fortnite/UE_4.24/Engine/Binaries/Win64/
LogInit: Installed Engine Build: 1
LogDevObjectVersion: Number of dev versions registered: 25
LogDevObjectVersion:   Dev-Blueprints (B0D832E4-1F89-4F0D-ACCF-7EB736FD4AA2): 10
LogDevObjectVersion:   Dev-Build (E1C64328-A22C-4D53-A36C-8E866417BD8C): 0
LogDevObjectVersion:   Dev-Core (375EC13C-06E4-48FB-B500-84F0262A717E): 3
LogDevObjectVersion:   Dev-Editor (E4B068ED-F494-42E9-A231-DA0B2E46BB41): 37
LogDevObjectVersion:   Dev-Framework (CFFC743F-43B0-4480-9391-14DF171D2073): 36
LogDevObjectVersion:   Dev-Mobile (B02B49B5-BB20-44E9-A304-32B752E40360): 2
LogDevObjectVersion:   Dev-Networking (A4E4105C-59A1-49B5-A7C5-40C4547EDFEE): 0
LogDevObjectVersion:   Dev-Online (39C831C9-5AE6-47DC-9A44-9C173E1C8E7C): 0
LogDevObjectVersion:   Dev-Physics (78F01B33-EBEA-4F98-B9B4-84EACCB95AA2): 2
LogDevObjectVersion:   Dev-Platform (6631380F-2D4D-43E0-8009-CF276956A95A): 0
LogDevObjectVersion:   Dev-Rendering (12F88B9F-8875-4AFC-A67C-D90C383ABD29): 36
LogDevObjectVersion:   Dev-Sequencer (7B5AE74C-D270-4C10-A958-57980B212A5A): 11
LogDevObjectVersion:   Dev-VR (D7296918-1DD6-4BDD-9DE2-64A83CC13884): 2
LogDevObjectVersion:   Dev-LoadTimes (C2A15278-BFE7-4AFE-6C17-90FF531DF755): 1
LogDevObjectVersion:   Private-Geometry (6EACA3D4-40EC-4CC1-B786-8BED09428FC5): 3
LogDevObjectVersion:   Dev-AnimPhys (29E575DD-E0A3-4627-9D10-D276232CDCEA): 17
LogDevObjectVersion:   Dev-Anim (AF43A65D-7FD3-4947-9873-3E8ED9C1BB05): 2
LogDevObjectVersion:   Dev-ReflectionCapture (6B266CEC-1EC7-4B8F-A30B-E4D90942FC07): 1
LogDevObjectVersion:   Dev-Automation (0DF73D61-A23F-47EA-B727-89E90C41499A): 1
LogDevObjectVersion:   FortniteMain (601D1886-AC64-4F84-AA16-D3DE0DEAC7D6): 31
LogDevObjectVersion:   Dev-Enterprise (9DFFBCD6-494F-0158-E221-12823C92A888): 8
LogDevObjectVersion:   Dev-Niagara (F2AED0AC-9AFE-416F-8664-AA7FFA26D6FC): 1
LogDevObjectVersion:   Dev-Destruction (174F1F0B-B4C6-45A5-B13F-2EE8D0FB917D): 9
LogDevObjectVersion:   Dev-Physics-Ext (35F94A83-E258-406C-A318-09F59610247C): 8
LogDevObjectVersion:   Dev-CineCamera (B2E18506-4273-CFC2-A54E-F4BB758BBA07): 1
LogInit: Presizing for max 25165824 objects, including 0 objects not considered by GC, pre-allocating 0 bytes for permanent pool.
LogInit: Object subsystem initialized
LogConfig: Setting CVar [[con.DebugEarlyDefault:1]]
LogConfig: Setting CVar [[r.setres:1280x720]]
[2020.05.12-03.07.22:446][  0]LogConfig: Setting CVar [[r.VSync:0]]
[2020.05.12-03.07.22:446][  0]LogConfig: Setting CVar [[r.RHICmdBypass:0]]
[2020.05.12-03.07.22:446][  0]LogConfig: Applying CVar settings from Section [/Script/Engine.RendererSettings] File [G:/git/CECS_343_project/Staying_alive/Saved/Config/Windows/Engine.ini]
[2020.05.12-03.07.22:446][  0]LogConfig: Setting CVar [[r.GPUCrashDebugging:0]]
[2020.05.12-03.07.22:446][  0]LogConfig: Applying CVar settings from Section [/Script/Engine.RendererOverrideSettings] File [G:/git/CECS_343_project/Staying_alive/Saved/Config/Windows/Engine.ini]
[2020.05.12-03.07.22:446][  0]LogConfig: Applying CVar settings from Section [/Script/Engine.StreamingSettings] File [G:/git/CECS_343_project/Staying_alive/Saved/Config/Windows/Engine.ini]
[2020.05.12-03.07.22:446][  0]LogConfig: Setting CVar [[s.MinBulkDataSizeForAsyncLoading:131072]]
[2020.05.12-03.07.22:446][  0]LogConfig: Setting CVar [[s.AsyncLoadingThreadEnabled:0]]
[2020.05.12-03.07.22:446][  0]LogConfig: Setting CVar [[s.EventDrivenLoaderEnabled:1]]
[2020.05.12-03.07.22:446][  0]LogConfig: Setting CVar [[s.WarnIfTimeLimitExceeded:0]]
[2020.05.12-03.07.22:446][  0]LogConfig: Setting CVar [[s.TimeLimitExceededMultiplier:1.5]]
[2020.05.12-03.07.22:446][  0]LogConfig: Setting CVar [[s.TimeLimitExceededMinTime:0.005]]
[2020.05.12-03.07.22:446][  0]LogConfig: Setting CVar [[s.UseBackgroundLevelStreaming:1]]
[2020.05.12-03.07.22:446][  0]LogConfig: Setting CVar [[s.PriorityAsyncLoadingExtraTime:15.0]]
[2020.05.12-03.07.22:446][  0]LogConfig: Setting CVar [[s.LevelStreamingActorsUpdateTimeLimit:5.0]]
[2020.05.12-03.07.22:446][  0]LogConfig: Setting CVar [[s.PriorityLevelStreamingActorsUpdateExtraTime:5.0]]
[2020.05.12-03.07.22:446][  0]LogConfig: Setting CVar [[s.LevelStreamingComponentsRegistrationGranularity:10]]
[2020.05.12-03.07.22:446][  0]LogConfig: Setting CVar [[s.UnregisterComponentsTimeLimit:1.0]]
[2020.05.12-03.07.22:446][  0]LogConfig: Setting CVar [[s.LevelStreamingComponentsUnregistrationGranularity:5]]
[2020.05.12-03.07.22:446][  0]LogConfig: Setting CVar [[s.FlushStreamingOnExit:1]]
[2020.05.12-03.07.22:446][  0]LogConfig: Applying CVar settings from Section [/Script/Engine.GarbageCollectionSettings] File [G:/git/CECS_343_project/Staying_alive/Saved/Config/Windows/Engine.ini]
[2020.05.12-03.07.22:446][  0]LogConfig: Setting CVar [[gc.MaxObjectsNotConsideredByGC:1]]
[2020.05.12-03.07.22:446][  0]LogConfig: Setting CVar [[gc.SizeOfPermanentObjectPool:0]]
[2020.05.12-03.07.22:446][  0]LogConfig: Setting CVar [[gc.FlushStreamingOnGC:0]]
[2020.05.12-03.07.22:446][  0]LogConfig: Setting CVar [[gc.NumRetriesBeforeForcingGC:10]]
[2020.05.12-03.07.22:446][  0]LogConfig: Setting CVar [[gc.AllowParallelGC:1]]
[2020.05.12-03.07.22:446][  0]LogConfig: Setting CVar [[gc.TimeBetweenPurgingPendingKillObjects:61.1]]
[2020.05.12-03.07.22:446][  0]LogConfig: Setting CVar [[gc.MaxObjectsInEditor:25165824]]
[2020.05.12-03.07.22:446][  0]LogConfig: Setting CVar [[gc.IncrementalBeginDestroyEnabled:1]]
[2020.05.12-03.07.22:446][  0]LogConfig: Setting CVar [[gc.CreateGCClusters:1]]
[2020.05.12-03.07.22:446][  0]LogConfig: Setting CVar [[gc.MinGCClusterSize:5]]
[2020.05.12-03.07.22:446][  0]LogConfig: Setting CVar [[gc.ActorClusteringEnabled:0]]
[2020.05.12-03.07.22:446][  0]LogConfig: Setting CVar [[gc.BlueprintClusteringEnabled:0]]
[2020.05.12-03.07.22:446][  0]LogConfig: Setting CVar [[gc.UseDisregardForGCOnDedicatedServers:0]]
[2020.05.12-03.07.22:446][  0]LogConfig: Applying CVar settings from Section [/Script/Engine.NetworkSettings] File [G:/git/CECS_343_project/Staying_alive/Saved/Config/Windows/Engine.ini]
[2020.05.12-03.07.22:446][  0]LogConfig: Applying CVar settings from Section [/Script/UnrealEd.CookerSettings] File [G:/git/CECS_343_project/Staying_alive/Saved/Config/Windows/Engine.ini]
[2020.05.12-03.07.22:451][  0]LogConfig: Applying CVar settings from Section [ViewDistanceQuality@3] File [G:/git/CECS_343_project/Staying_alive/Saved/Config/Windows/Scalability.ini]
[2020.05.12-03.07.22:452][  0]LogConfig: Setting CVar [[r.SkeletalMeshLODBias:0]]
[2020.05.12-03.07.22:452][  0]LogConfig: Setting CVar [[r.ViewDistanceScale:1.0]]
[2020.05.12-03.07.22:452][  0]LogConfig: Applying CVar settings from Section [AntiAliasingQuality@3] File [G:/git/CECS_343_project/Staying_alive/Saved/Config/Windows/Scalability.ini]
[2020.05.12-03.07.22:452][  0]LogConfig: Setting CVar [[r.PostProcessAAQuality:4]]
[2020.05.12-03.07.22:452][  0]LogConfig: Applying CVar settings from Section [ShadowQuality@3] File [G:/git/CECS_343_project/Staying_alive/Saved/Config/Windows/Scalability.ini]
[2020.05.12-03.07.22:452][  0]LogConfig: Setting CVar [[r.LightFunctionQuality:1]]
[2020.05.12-03.07.22:452][  0]LogConfig: Setting CVar [[r.ShadowQuality:5]]
[2020.05.12-03.07.22:452][  0]LogConfig: Setting CVar [[r.Shadow.CSM.MaxCascades:10]]
[2020.05.12-03.07.22:452][  0]LogConfig: Setting CVar [[r.Shadow.MaxResolution:2048]]
[2020.05.12-03.07.22:452][  0]LogConfig: Setting CVar [[r.Shadow.MaxCSMResolution:2048]]
[2020.05.12-03.07.22:452][  0]LogConfig: Setting CVar [[r.Shadow.RadiusThreshold:0.01]]
[2020.05.12-03.07.22:452][  0]LogConfig: Setting CVar [[r.Shadow.DistanceScale:1.0]]
[2020.05.12-03.07.22:452][  0]LogConfig: Setting CVar [[r.Shadow.CSM.TransitionScale:1.0]]
[2020.05.12-03.07.22:452][  0]LogConfig: Setting CVar [[r.Shadow.PreShadowResolutionFactor:1.0]]
[2020.05.12-03.07.22:452][  0]LogConfig: Setting CVar [[r.DistanceFieldShadowing:1]]
[2020.05.12-03.07.22:452][  0]LogConfig: Setting CVar [[r.DistanceFieldAO:1]]
[2020.05.12-03.07.22:452][  0]LogConfig: Setting CVar [[r.AOQuality:2]]
[2020.05.12-03.07.22:452][  0]LogConfig: Setting CVar [[r.VolumetricFog:1]]
[2020.05.12-03.07.22:452][  0]LogConfig: Setting CVar [[r.VolumetricFog.GridPixelSize:8]]
[2020.05.12-03.07.22:452][  0]LogConfig: Setting CVar [[r.VolumetricFog.GridSizeZ:128]]
[2020.05.12-03.07.22:452][  0]LogConfig: Setting CVar [[r.VolumetricFog.HistoryMissSupersampleCount:4]]
[2020.05.12-03.07.22:452][  0]LogConfig: Setting CVar [[r.LightMaxDrawDistanceScale:1]]
[2020.05.12-03.07.22:452][  0]LogConfig: Setting CVar [[r.CapsuleShadows:1]]
[2020.05.12-03.07.22:452][  0]LogConfig: Applying CVar settings from Section [PostProcessQuality@3] File [G:/git/CECS_343_project/Staying_alive/Saved/Config/Windows/Scalability.ini]
[2020.05.12-03.07.22:452][  0]LogConfig: Setting CVar [[r.MotionBlurQuality:4]]
[2020.05.12-03.07.22:452][  0]LogConfig: Setting CVar [[r.AmbientOcclusionMipLevelFactor:0.4]]
[2020.05.12-03.07.22:452][  0]LogConfig: Setting CVar [[r.AmbientOcclusionMaxQuality:100]]
[2020.05.12-03.07.22:452][  0]LogConfig: Setting CVar [[r.AmbientOcclusionLevels:-1]]
[2020.05.12-03.07.22:452][  0]LogConfig: Setting CVar [[r.AmbientOcclusionRadiusScale:1.0]]
[2020.05.12-03.07.22:452][  0]LogConfig: Setting CVar [[r.DepthOfFieldQuality:2]]
[2020.05.12-03.07.22:452][  0]LogConfig: Setting CVar [[r.RenderTargetPoolMin:400]]
[2020.05.12-03.07.22:452][  0]LogConfig: Setting CVar [[r.LensFlareQuality:2]]
[2020.05.12-03.07.22:452][  0]LogConfig: Setting CVar [[r.SceneColorFringeQuality:1]]
[2020.05.12-03.07.22:452][  0]LogConfig: Setting CVar [[r.EyeAdaptationQuality:2]]
[2020.05.12-03.07.22:452][  0]LogConfig: Setting CVar [[r.BloomQuality:5]]
[2020.05.12-03.07.22:452][  0]LogConfig: Setting CVar [[r.FastBlurThreshold:100]]
[2020.05.12-03.07.22:452][  0]LogConfig: Setting CVar [[r.Upscale.Quality:3]]
[2020.05.12-03.07.22:452][  0]LogConfig: Setting CVar [[r.Tonemapper.GrainQuantization:1]]
[2020.05.12-03.07.22:452][  0]LogConfig: Setting CVar [[r.LightShaftQuality:1]]
[2020.05.12-03.07.22:452][  0]LogConfig: Setting CVar [[r.Filter.SizeScale:1]]
[2020.05.12-03.07.22:452][  0]LogConfig: Setting CVar [[r.Tonemapper.Quality:5]]
[2020.05.12-03.07.22:452][  0]LogConfig: Setting CVar [[r.DOF.Gather.AccumulatorQuality:1        ; higher gathering accumulator quality]]
[2020.05.12-03.07.22:452][  0]LogConfig: Setting CVar [[r.DOF.Gather.PostfilterMethod:1          ; Median3x3 postfilering method]]
[2020.05.12-03.07.22:452][  0]LogConfig: Setting CVar [[r.DOF.Gather.EnableBokehSettings:0       ; no bokeh simulation when gathering]]
[2020.05.12-03.07.22:452][  0]LogConfig: Setting CVar [[r.DOF.Gather.RingCount:4                 ; medium number of samples when gathering]]
[2020.05.12-03.07.22:452][  0]LogConfig: Setting CVar [[r.DOF.Scatter.ForegroundCompositing:1    ; additive foreground scattering]]
[2020.05.12-03.07.22:452][  0]LogConfig: Setting CVar [[r.DOF.Scatter.BackgroundCompositing:2    ; additive background scattering]]
[2020.05.12-03.07.22:452][  0]LogConfig: Setting CVar [[r.DOF.Scatter.EnableBokehSettings:1      ; bokeh simulation when scattering]]
[2020.05.12-03.07.22:452][  0]LogConfig: Setting CVar [[r.DOF.Scatter.MaxSpriteRatio:0.1         ; only a maximum of 10% of scattered bokeh]]
[2020.05.12-03.07.22:452][  0]LogConfig: Setting CVar [[r.DOF.Recombine.Quality:1                ; cheap slight out of focus]]
[2020.05.12-03.07.22:452][  0]LogConfig: Setting CVar [[r.DOF.Recombine.EnableBokehSettings:0    ; no bokeh simulation on slight out of focus]]
[2020.05.12-03.07.22:452][  0]LogConfig: Setting CVar [[r.DOF.TemporalAAQuality:1                ; more stable temporal accumulation]]
[2020.05.12-03.07.22:452][  0]LogConfig: Setting CVar [[r.DOF.Kernel.MaxForegroundRadius:0.025]]
[2020.05.12-03.07.22:452][  0]LogConfig: Setting CVar [[r.DOF.Kernel.MaxBackgroundRadius:0.025]]
[2020.05.12-03.07.22:452][  0]LogConfig: Applying CVar settings from Section [TextureQuality@3] File [G:/git/CECS_343_project/Staying_alive/Saved/Config/Windows/Scalability.ini]
[2020.05.12-03.07.22:452][  0]LogConfig: Setting CVar [[r.Streaming.MipBias:0]]
[2020.05.12-03.07.22:452][  0]LogConfig: Setting CVar [[r.Streaming.AmortizeCPUToGPUCopy:0]]
[2020.05.12-03.07.22:452][  0]LogConfig: Setting CVar [[r.Streaming.MaxNumTexturesToStreamPerFrame:0]]
[2020.05.12-03.07.22:452][  0]LogConfig: Setting CVar [[r.Streaming.Boost:1]]
[2020.05.12-03.07.22:452][  0]LogConfig: Setting CVar [[r.MaxAnisotropy:8]]
[2020.05.12-03.07.22:452][  0]LogConfig: Setting CVar [[r.VT.MaxAnisotropy:8]]
[2020.05.12-03.07.22:452][  0]LogConfig: Setting CVar [[r.Streaming.LimitPoolSizeToVRAM:0]]
[2020.05.12-03.07.22:452][  0]LogConfig: Setting CVar [[r.Streaming.PoolSize:1000]]
[2020.05.12-03.07.22:452][  0]LogConfig: Setting CVar [[r.Streaming.MaxEffectiveScreenSize:0]]
[2020.05.12-03.07.22:452][  0]LogConfig: Applying CVar settings from Section [EffectsQuality@3] File [G:/git/CECS_343_project/Staying_alive/Saved/Config/Windows/Scalability.ini]
[2020.05.12-03.07.22:452][  0]LogConfig: Setting CVar [[r.TranslucencyLightingVolumeDim:64]]
[2020.05.12-03.07.22:452][  0]LogConfig: Setting CVar [[r.RefractionQuality:2]]
[2020.05.12-03.07.22:452][  0]LogConfig: Setting CVar [[r.SSR.Quality:3]]
[2020.05.12-03.07.22:452][  0]LogConfig: Setting CVar [[r.SSR.HalfResSceneColor:0]]
[2020.05.12-03.07.22:452][  0]LogConfig: Setting CVar [[r.SceneColorFormat:4]]
[2020.05.12-03.07.22:452][  0]LogConfig: Setting CVar [[r.DetailMode:2]]
[2020.05.12-03.07.22:452][  0]LogConfig: Setting CVar [[r.TranslucencyVolumeBlur:1]]
[2020.05.12-03.07.22:453][  0]LogConfig: Setting CVar [[r.MaterialQualityLevel:1 ; High quality]]
[2020.05.12-03.07.22:453][  0]LogConfig: Setting CVar [[r.SSS.Scale:1]]
[2020.05.12-03.07.22:453][  0]LogConfig: Setting CVar [[r.SSS.SampleSet:2]]
[2020.05.12-03.07.22:453][  0]LogConfig: Setting CVar [[r.SSS.Quality:1]]
[2020.05.12-03.07.22:453][  0]LogConfig: Setting CVar [[r.SSS.HalfRes:1]]
[2020.05.12-03.07.22:453][  0]LogConfig: Setting CVar [[r.SSGI.Quality:3]]
[2020.05.12-03.07.22:453][  0]LogConfig: Setting CVar [[r.EmitterSpawnRateScale:1.0]]
[2020.05.12-03.07.22:453][  0]LogConfig: Setting CVar [[r.ParticleLightQuality:2]]
[2020.05.12-03.07.22:453][  0]LogConfig: Setting CVar [[r.SkyAtmosphere.AerialPerspectiveLUT.FastApplyOnOpaque:1 ; Always have FastSkyLUT 1 in this case to avoid wrong sky]]
[2020.05.12-03.07.22:453][  0]LogConfig: Setting CVar [[r.SkyAtmosphere.AerialPerspectiveLUT.SampleCountPerSlice:1]]
[2020.05.12-03.07.22:453][  0]LogConfig: Setting CVar [[r.SkyAtmosphere.AerialPerspectiveLUT.DepthResolution:16.0]]
[2020.05.12-03.07.22:453][  0]LogConfig: Setting CVar [[r.SkyAtmosphere.FastSkyLUT:1]]
[2020.05.12-03.07.22:453][  0]LogConfig: Setting CVar [[r.SkyAtmosphere.FastSkyLUT.SampleCountMin:4.0]]
[2020.05.12-03.07.22:453][  0]LogConfig: Setting CVar [[r.SkyAtmosphere.FastSkyLUT.SampleCountMax:32.0]]
[2020.05.12-03.07.22:453][  0]LogConfig: Setting CVar [[r.SkyAtmosphere.SampleCountMin:4.0]]
[2020.05.12-03.07.22:453][  0]LogConfig: Setting CVar [[r.SkyAtmosphere.SampleCountMax:32.0]]
[2020.05.12-03.07.22:453][  0]LogConfig: Setting CVar [[r.SkyAtmosphere.TransmittanceLUT.UseSmallFormat:0]]
[2020.05.12-03.07.22:453][  0]LogConfig: Setting CVar [[r.SkyAtmosphere.TransmittanceLUT.SampleCount:10.0]]
[2020.05.12-03.07.22:453][  0]LogConfig: Setting CVar [[r.SkyAtmosphere.MultiScatteringLUT.SampleCount:15.0]]
[2020.05.12-03.07.22:453][  0]LogConfig: Applying CVar settings from Section [FoliageQuality@3] File [G:/git/CECS_343_project/Staying_alive/Saved/Config/Windows/Scalability.ini]
[2020.05.12-03.07.22:453][  0]LogConfig: Setting CVar [[foliage.DensityScale:1.0]]
[2020.05.12-03.07.22:453][  0]LogConfig: Setting CVar [[grass.DensityScale:1.0]]
[2020.05.12-03.07.22:453][  0]LogConfig: Applying CVar settings from Section [ShadingQuality@3] File [G:/git/CECS_343_project/Staying_alive/Saved/Config/Windows/Scalability.ini]
[2020.05.12-03.07.22:453][  0]LogConfig: Setting CVar [[r.HairStrands.SkyLighting.SampleCount:16]]
[2020.05.12-03.07.22:453][  0]LogConfig: Setting CVar [[r.HairStrands.SkyLighting.JitterIntegration:0]]
[2020.05.12-03.07.22:453][  0]LogConfig: Setting CVar [[r.HairStrands.SkyAO.SampleCount:16]]
[2020.05.12-03.07.22:453][  0]LogInit: Selected Device Profile: [Windows]
[2020.05.12-03.07.22:453][  0]LogInit: Applying CVar settings loaded from the selected device profile: [Windows]
[2020.05.12-03.07.22:455][  0]LogHAL: Display: Platform has ~ 16 GB [17137238016 / 17179869184 / 16], which maps to Larger [LargestMinGB=32, LargerMinGB=12, DefaultMinGB=8, SmallerMinGB=6, SmallestMinGB=0)
[2020.05.12-03.07.22:455][  0]LogInit: Going up to parent DeviceProfile []
[2020.05.12-03.07.22:455][  0]LogConfig: Applying CVar settings from Section [ViewDistanceQuality@3] File [G:/git/CECS_343_project/Staying_alive/Saved/Config/Windows/Scalability.ini]
[2020.05.12-03.07.22:455][  0]LogConfig: Setting CVar [[r.SkeletalMeshLODBias:0]]
[2020.05.12-03.07.22:455][  0]LogConfig: Setting CVar [[r.ViewDistanceScale:1.0]]
[2020.05.12-03.07.22:455][  0]LogConfig: Applying CVar settings from Section [AntiAliasingQuality@3] File [G:/git/CECS_343_project/Staying_alive/Saved/Config/Windows/Scalability.ini]
[2020.05.12-03.07.22:455][  0]LogConfig: Setting CVar [[r.PostProcessAAQuality:4]]
[2020.05.12-03.07.22:455][  0]LogConfig: Applying CVar settings from Section [ShadowQuality@3] File [G:/git/CECS_343_project/Staying_alive/Saved/Config/Windows/Scalability.ini]
[2020.05.12-03.07.22:455][  0]LogConfig: Setting CVar [[r.LightFunctionQuality:1]]
[2020.05.12-03.07.22:455][  0]LogConfig: Setting CVar [[r.ShadowQuality:5]]
[2020.05.12-03.07.22:455][  0]LogConfig: Setting CVar [[r.Shadow.CSM.MaxCascades:10]]
[2020.05.12-03.07.22:455][  0]LogConfig: Setting CVar [[r.Shadow.MaxResolution:2048]]
[2020.05.12-03.07.22:455][  0]LogConfig: Setting CVar [[r.Shadow.MaxCSMResolution:2048]]
[2020.05.12-03.07.22:455][  0]LogConfig: Setting CVar [[r.Shadow.RadiusThreshold:0.01]]
[2020.05.12-03.07.22:455][  0]LogConfig: Setting CVar [[r.Shadow.DistanceScale:1.0]]
[2020.05.12-03.07.22:455][  0]LogConfig: Setting CVar [[r.Shadow.CSM.TransitionScale:1.0]]
[2020.05.12-03.07.22:455][  0]LogConfig: Setting CVar [[r.Shadow.PreShadowResolutionFactor:1.0]]
[2020.05.12-03.07.22:455][  0]LogConfig: Setting CVar [[r.DistanceFieldShadowing:1]]
[2020.05.12-03.07.22:455][  0]LogConfig: Setting CVar [[r.DistanceFieldAO:1]]
[2020.05.12-03.07.22:455][  0]LogConfig: Setting CVar [[r.AOQuality:2]]
[2020.05.12-03.07.22:455][  0]LogConfig: Setting CVar [[r.VolumetricFog:1]]
[2020.05.12-03.07.22:455][  0]LogConfig: Setting CVar [[r.VolumetricFog.GridPixelSize:8]]
[2020.05.12-03.07.22:455][  0]LogConfig: Setting CVar [[r.VolumetricFog.GridSizeZ:128]]
[2020.05.12-03.07.22:455][  0]LogConfig: Setting CVar [[r.VolumetricFog.HistoryMissSupersampleCount:4]]
[2020.05.12-03.07.22:455][  0]LogConfig: Setting CVar [[r.LightMaxDrawDistanceScale:1]]
[2020.05.12-03.07.22:455][  0]LogConfig: Setting CVar [[r.CapsuleShadows:1]]
[2020.05.12-03.07.22:455][  0]LogConfig: Applying CVar settings from Section [PostProcessQuality@3] File [G:/git/CECS_343_project/Staying_alive/Saved/Config/Windows/Scalability.ini]
[2020.05.12-03.07.22:455][  0]LogConfig: Setting CVar [[r.MotionBlurQuality:4]]
[2020.05.12-03.07.22:455][  0]LogConfig: Setting CVar [[r.AmbientOcclusionMipLevelFactor:0.4]]
[2020.05.12-03.07.22:455][  0]LogConfig: Setting CVar [[r.AmbientOcclusionMaxQuality:100]]
[2020.05.12-03.07.22:455][  0]LogConfig: Setting CVar [[r.AmbientOcclusionLevels:-1]]
[2020.05.12-03.07.22:456][  0]LogConfig: Setting CVar [[r.AmbientOcclusionRadiusScale:1.0]]
[2020.05.12-03.07.22:456][  0]LogConfig: Setting CVar [[r.DepthOfFieldQuality:2]]
[2020.05.12-03.07.22:456][  0]LogConfig: Setting CVar [[r.RenderTargetPoolMin:400]]
[2020.05.12-03.07.22:456][  0]LogConfig: Setting CVar [[r.LensFlareQuality:2]]
[2020.05.12-03.07.22:456][  0]LogConfig: Setting CVar [[r.SceneColorFringeQuality:1]]
[2020.05.12-03.07.22:456][  0]LogConfig: Setting CVar [[r.EyeAdaptationQuality:2]]
[2020.05.12-03.07.22:456][  0]LogConfig: Setting CVar [[r.BloomQuality:5]]
[2020.05.12-03.07.22:456][  0]LogConfig: Setting CVar [[r.FastBlurThreshold:100]]
[2020.05.12-03.07.22:456][  0]LogConfig: Setting CVar [[r.Upscale.Quality:3]]
[2020.05.12-03.07.22:456][  0]LogConfig: Setting CVar [[r.Tonemapper.GrainQuantization:1]]
[2020.05.12-03.07.22:456][  0]LogConfig: Setting CVar [[r.LightShaftQuality:1]]
[2020.05.12-03.07.22:456][  0]LogConfig: Setting CVar [[r.Filter.SizeScale:1]]
[2020.05.12-03.07.22:456][  0]LogConfig: Setting CVar [[r.Tonemapper.Quality:5]]
[2020.05.12-03.07.22:456][  0]LogConfig: Setting CVar [[r.DOF.Gather.AccumulatorQuality:1        ; higher gathering accumulator quality]]
[2020.05.12-03.07.22:456][  0]LogConfig: Setting CVar [[r.DOF.Gather.PostfilterMethod:1          ; Median3x3 postfilering method]]
[2020.05.12-03.07.22:456][  0]LogConfig: Setting CVar [[r.DOF.Gather.EnableBokehSettings:0       ; no bokeh simulation when gathering]]
[2020.05.12-03.07.22:456][  0]LogConfig: Setting CVar [[r.DOF.Gather.RingCount:4                 ; medium number of samples when gathering]]
[2020.05.12-03.07.22:456][  0]LogConfig: Setting CVar [[r.DOF.Scatter.ForegroundCompositing:1    ; additive foreground scattering]]
[2020.05.12-03.07.22:456][  0]LogConfig: Setting CVar [[r.DOF.Scatter.BackgroundCompositing:2    ; additive background scattering]]
[2020.05.12-03.07.22:456][  0]LogConfig: Setting CVar [[r.DOF.Scatter.EnableBokehSettings:1      ; bokeh simulation when scattering]]
[2020.05.12-03.07.22:456][  0]LogConfig: Setting CVar [[r.DOF.Scatter.MaxSpriteRatio:0.1         ; only a maximum of 10% of scattered bokeh]]
[2020.05.12-03.07.22:456][  0]LogConfig: Setting CVar [[r.DOF.Recombine.Quality:1                ; cheap slight out of focus]]
[2020.05.12-03.07.22:456][  0]LogConfig: Setting CVar [[r.DOF.Recombine.EnableBokehSettings:0    ; no bokeh simulation on slight out of focus]]
[2020.05.12-03.07.22:456][  0]LogConfig: Setting CVar [[r.DOF.TemporalAAQuality:1                ; more stable temporal accumulation]]
[2020.05.12-03.07.22:456][  0]LogConfig: Setting CVar [[r.DOF.Kernel.MaxForegroundRadius:0.025]]
[2020.05.12-03.07.22:456][  0]LogConfig: Setting CVar [[r.DOF.Kernel.MaxBackgroundRadius:0.025]]
[2020.05.12-03.07.22:456][  0]LogConfig: Applying CVar settings from Section [TextureQuality@3] File [G:/git/CECS_343_project/Staying_alive/Saved/Config/Windows/Scalability.ini]
[2020.05.12-03.07.22:456][  0]LogConfig: Setting CVar [[r.Streaming.MipBias:0]]
[2020.05.12-03.07.22:456][  0]LogConfig: Setting CVar [[r.Streaming.AmortizeCPUToGPUCopy:0]]
[2020.05.12-03.07.22:456][  0]LogConfig: Setting CVar [[r.Streaming.MaxNumTexturesToStreamPerFrame:0]]
[2020.05.12-03.07.22:456][  0]LogConfig: Setting CVar [[r.Streaming.Boost:1]]
[2020.05.12-03.07.22:456][  0]LogConfig: Setting CVar [[r.MaxAnisotropy:8]]
[2020.05.12-03.07.22:456][  0]LogConfig: Setting CVar [[r.VT.MaxAnisotropy:8]]
[2020.05.12-03.07.22:456][  0]LogConfig: Setting CVar [[r.Streaming.LimitPoolSizeToVRAM:0]]
[2020.05.12-03.07.22:456][  0]LogConfig: Setting CVar [[r.Streaming.PoolSize:1000]]
[2020.05.12-03.07.22:456][  0]LogConfig: Setting CVar [[r.Streaming.MaxEffectiveScreenSize:0]]
[2020.05.12-03.07.22:456][  0]LogConfig: Applying CVar settings from Section [EffectsQuality@3] File [G:/git/CECS_343_project/Staying_alive/Saved/Config/Windows/Scalability.ini]
[2020.05.12-03.07.22:456][  0]LogConfig: Setting CVar [[r.TranslucencyLightingVolumeDim:64]]
[2020.05.12-03.07.22:456][  0]LogConfig: Setting CVar [[r.RefractionQuality:2]]
[2020.05.12-03.07.22:456][  0]LogConfig: Setting CVar [[r.SSR.Quality:3]]
[2020.05.12-03.07.22:456][  0]LogConfig: Setting CVar [[r.SSR.HalfResSceneColor:0]]
[2020.05.12-03.07.22:456][  0]LogConfig: Setting CVar [[r.SceneColorFormat:4]]
[2020.05.12-03.07.22:456][  0]LogConfig: Setting CVar [[r.DetailMode:2]]
[2020.05.12-03.07.22:456][  0]LogConfig: Setting CVar [[r.TranslucencyVolumeBlur:1]]
[2020.05.12-03.07.22:456][  0]LogConfig: Setting CVar [[r.MaterialQualityLevel:1 ; High quality]]
[2020.05.12-03.07.22:456][  0]LogConfig: Setting CVar [[r.SSS.Scale:1]]
[2020.05.12-03.07.22:456][  0]LogConfig: Setting CVar [[r.SSS.SampleSet:2]]
[2020.05.12-03.07.22:456][  0]LogConfig: Setting CVar [[r.SSS.Quality:1]]
[2020.05.12-03.07.22:456][  0]LogConfig: Setting CVar [[r.SSS.HalfRes:1]]
[2020.05.12-03.07.22:456][  0]LogConfig: Setting CVar [[r.SSGI.Quality:3]]
[2020.05.12-03.07.22:456][  0]LogConfig: Setting CVar [[r.EmitterSpawnRateScale:1.0]]
[2020.05.12-03.07.22:456][  0]LogConfig: Setting CVar [[r.ParticleLightQuality:2]]
[2020.05.12-03.07.22:456][  0]LogConfig: Setting CVar [[r.SkyAtmosphere.AerialPerspectiveLUT.FastApplyOnOpaque:1 ; Always have FastSkyLUT 1 in this case to avoid wrong sky]]
[2020.05.12-03.07.22:456][  0]LogConfig: Setting CVar [[r.SkyAtmosphere.AerialPerspectiveLUT.SampleCountPerSlice:1]]
[2020.05.12-03.07.22:456][  0]LogConfig: Setting CVar [[r.SkyAtmosphere.AerialPerspectiveLUT.DepthResolution:16.0]]
[2020.05.12-03.07.22:456][  0]LogConfig: Setting CVar [[r.SkyAtmosphere.FastSkyLUT:1]]
[2020.05.12-03.07.22:456][  0]LogConfig: Setting CVar [[r.SkyAtmosphere.FastSkyLUT.SampleCountMin:4.0]]
[2020.05.12-03.07.22:456][  0]LogConfig: Setting CVar [[r.SkyAtmosphere.FastSkyLUT.SampleCountMax:32.0]]
[2020.05.12-03.07.22:456][  0]LogConfig: Setting CVar [[r.SkyAtmosphere.SampleCountMin:4.0]]
[2020.05.12-03.07.22:456][  0]LogConfig: Setting CVar [[r.SkyAtmosphere.SampleCountMax:32.0]]
[2020.05.12-03.07.22:456][  0]LogConfig: Setting CVar [[r.SkyAtmosphere.TransmittanceLUT.UseSmallFormat:0]]
[2020.05.12-03.07.22:456][  0]LogConfig: Setting CVar [[r.SkyAtmosphere.TransmittanceLUT.SampleCount:10.0]]
[2020.05.12-03.07.22:456][  0]LogConfig: Setting CVar [[r.SkyAtmosphere.MultiScatteringLUT.SampleCount:15.0]]
[2020.05.12-03.07.22:456][  0]LogConfig: Applying CVar settings from Section [FoliageQuality@3] File [G:/git/CECS_343_project/Staying_alive/Saved/Config/Windows/Scalability.ini]
[2020.05.12-03.07.22:456][  0]LogConfig: Setting CVar [[foliage.DensityScale:1.0]]
[2020.05.12-03.07.22:456][  0]LogConfig: Setting CVar [[grass.DensityScale:1.0]]
[2020.05.12-03.07.22:456][  0]LogConfig: Applying CVar settings from Section [ShadingQuality@3] File [G:/git/CECS_343_project/Staying_alive/Saved/Config/Windows/Scalability.ini]
[2020.05.12-03.07.22:456][  0]LogConfig: Setting CVar [[r.HairStrands.SkyLighting.SampleCount:16]]
[2020.05.12-03.07.22:457][  0]LogConfig: Setting CVar [[r.HairStrands.SkyLighting.JitterIntegration:0]]
[2020.05.12-03.07.22:457][  0]LogConfig: Setting CVar [[r.HairStrands.SkyAO.SampleCount:16]]
[2020.05.12-03.07.22:457][  0]LogConfig: Applying CVar settings from Section [Startup] File [../../../Engine/Config/ConsoleVariables.ini]
[2020.05.12-03.07.22:457][  0]LogConfig: Setting CVar [[net.UseAdaptiveNetUpdateFrequency:0]]
[2020.05.12-03.07.22:457][  0]LogConfig: Setting CVar [[p.chaos.AllowCreatePhysxBodies:1]]
[2020.05.12-03.07.22:457][  0]LogConfig: Applying CVar settings from Section [ConsoleVariables] File [G:/git/CECS_343_project/Staying_alive/Saved/Config/Windows/Engine.ini]
[2020.05.12-03.07.22:457][  0]LogInit: Computer: DESKTOP-624KD1S
[2020.05.12-03.07.22:457][  0]LogInit: User: LucasC
[2020.05.12-03.07.22:457][  0]LogInit: CPU Page size=4096, Cores=4
[2020.05.12-03.07.22:457][  0]LogInit: High frequency timer resolution =10.000000 MHz
[2020.05.12-03.07.22:457][  0]LogMemory: Memory total: Physical=16.0GB (16GB approx)
[2020.05.12-03.07.22:457][  0]LogMemory: Platform Memory Stats for Windows
[2020.05.12-03.07.22:457][  0]LogMemory: Process Physical Memory: 104.63 MB used, 104.63 MB peak
[2020.05.12-03.07.22:457][  0]LogMemory: Process Virtual Memory: 99.79 MB used, 99.79 MB peak
[2020.05.12-03.07.22:457][  0]LogMemory: Physical Memory: 6503.16 MB used,  9840.18 MB free, 16343.34 MB total
[2020.05.12-03.07.22:457][  0]LogMemory: Virtual Memory: 5121.14 MB used,  134212608.00 MB free, 134217728.00 MB total
[2020.05.12-03.07.22:460][  0]LogWindows: WindowsPlatformFeatures enabled
[2020.05.12-03.07.22:476][  0]LogInit: Using OS detected language (en-US).
[2020.05.12-03.07.22:476][  0]LogInit: Using OS detected locale (en-US).
[2020.05.12-03.07.22:476][  0]LogTextLocalizationManager: No specific localization for 'en-US' exists, so the 'en' localization will be used.
[2020.05.12-03.07.22:629][  0]LogInit: Setting process to per monitor DPI aware
[2020.05.12-03.07.22:660][  0]LogSlate: New Slate User Created.  User Index 0, Is Virtual User: 0
[2020.05.12-03.07.22:660][  0]LogSlate: Slate User Registered.  User Index 0, Is Virtual User: 0
[2020.05.12-03.07.22:762][  0]LogHMD: Failed to initialize OpenVR with code 110
[2020.05.12-03.07.22:762][  0]LogD3D11RHI: D3D11 min allowed feature level: 11_0
[2020.05.12-03.07.22:762][  0]LogD3D11RHI: D3D11 max allowed feature level: 11_0
[2020.05.12-03.07.22:762][  0]LogD3D11RHI: D3D11 adapters:
[2020.05.12-03.07.22:832][  0]LogD3D11RHI:    0. 'NVIDIA GeForce GTX 1060 6GB' (Feature Level 11_0)
[2020.05.12-03.07.22:832][  0]LogD3D11RHI:       6052/0/8171 MB DedicatedVideo/DedicatedSystem/SharedSystem, Outputs:2, VendorId:0x10de
[2020.05.12-03.07.22:834][  0]LogD3D11RHI:    1. 'Microsoft Basic Render Driver' (Feature Level 11_0)
[2020.05.12-03.07.22:834][  0]LogD3D11RHI:       0/0/8171 MB DedicatedVideo/DedicatedSystem/SharedSystem, Outputs:0, VendorId:0x1414
[2020.05.12-03.07.22:834][  0]LogD3D11RHI: Chosen D3D11 Adapter: 0
[2020.05.12-03.07.22:843][  0]LogD3D11RHI: Creating new Direct3DDevice
[2020.05.12-03.07.22:843][  0]LogD3D11RHI:     GPU DeviceId: 0x1c03 (for the marketing name, search the web for "GPU Device Id")
[2020.05.12-03.07.22:843][  0]LogWindows: EnumDisplayDevices:
[2020.05.12-03.07.22:843][  0]LogWindows:    0. 'NVIDIA GeForce GTX 1060 6GB' (P:1 D:1)
[2020.05.12-03.07.22:843][  0]LogWindows:    1. 'NVIDIA GeForce GTX 1060 6GB' (P:0 D:1)
[2020.05.12-03.07.22:843][  0]LogWindows:    2. 'NVIDIA GeForce GTX 1060 6GB' (P:0 D:0)
[2020.05.12-03.07.22:844][  0]LogWindows:    3. 'NVIDIA GeForce GTX 1060 6GB' (P:0 D:0)
[2020.05.12-03.07.22:844][  0]LogWindows: DebugString: FoundDriverCount:4 
[2020.05.12-03.07.22:844][  0]LogD3D11RHI:     Adapter Name: NVIDIA GeForce GTX 1060 6GB
[2020.05.12-03.07.22:844][  0]LogD3D11RHI:   Driver Version: 445.75 (internal:26.21.14.4575, unified:445.75)
[2020.05.12-03.07.22:844][  0]LogD3D11RHI:      Driver Date: 3-17-2020
[2020.05.12-03.07.22:844][  0]LogRHI: Texture pool is 4236 MB (70% of 6052 MB)
[2020.05.12-03.07.22:880][  0]LogD3D11RHI: RHI has support for 64 bit atomics
[2020.05.12-03.07.22:880][  0]LogD3D11RHI: Async texture creation enabled
[2020.05.12-03.07.22:893][  0]LogD3D11RHI: GPU Timing Frequency: 1000.000000 (Debug: 2 1)
[2020.05.12-03.07.23:164][  0]LogTargetPlatformManager: Display: Loaded TargetPlatform 'AllDesktop'
[2020.05.12-03.07.23:193][  0]LogTargetPlatformManager: Display: Loaded TargetPlatform 'Android'
[2020.05.12-03.07.23:193][  0]LogTargetPlatformManager: Display: Loaded TargetPlatform 'Android_ASTC'
[2020.05.12-03.07.23:193][  0]LogTargetPlatformManager: Display: Loaded TargetPlatform 'Android_ATC'
[2020.05.12-03.07.23:193][  0]LogTargetPlatformManager: Display: Loaded TargetPlatform 'Android_DXT'
[2020.05.12-03.07.23:193][  0]LogTargetPlatformManager: Display: Loaded TargetPlatform 'Android_ETC1'
[2020.05.12-03.07.23:193][  0]LogTargetPlatformManager: Display: Loaded TargetPlatform 'Android_ETC1a'
[2020.05.12-03.07.23:193][  0]LogTargetPlatformManager: Display: Loaded TargetPlatform 'Android_ETC2'
[2020.05.12-03.07.23:193][  0]LogTargetPlatformManager: Display: Loaded TargetPlatform 'Android_PVRTC'
[2020.05.12-03.07.23:193][  0]LogTargetPlatformManager: Display: Loaded TargetPlatform 'AndroidClient'
[2020.05.12-03.07.23:193][  0]LogTargetPlatformManager: Display: Loaded TargetPlatform 'Android_ASTCClient'
[2020.05.12-03.07.23:193][  0]LogTargetPlatformManager: Display: Loaded TargetPlatform 'Android_ATCClient'
[2020.05.12-03.07.23:193][  0]LogTargetPlatformManager: Display: Loaded TargetPlatform 'Android_DXTClient'
[2020.05.12-03.07.23:193][  0]LogTargetPlatformManager: Display: Loaded TargetPlatform 'Android_ETC1Client'
[2020.05.12-03.07.23:193][  0]LogTargetPlatformManager: Display: Loaded TargetPlatform 'Android_ETC1aClient'
[2020.05.12-03.07.23:193][  0]LogTargetPlatformManager: Display: Loaded TargetPlatform 'Android_ETC2Client'
[2020.05.12-03.07.23:193][  0]LogTargetPlatformManager: Display: Loaded TargetPlatform 'Android_PVRTCClient'
[2020.05.12-03.07.23:193][  0]LogTargetPlatformManager: Display: Loaded TargetPlatform 'Android_Multi'
[2020.05.12-03.07.23:193][  0]LogTargetPlatformManager: Display: Loaded TargetPlatform 'Android_MultiClient'
[2020.05.12-03.07.23:210][  0]LogTargetPlatformManager: Display: Loaded TargetPlatform 'IOSClient'
[2020.05.12-03.07.23:210][  0]LogTargetPlatformManager: Display: Loaded TargetPlatform 'IOS'
[2020.05.12-03.07.23:216][  0]LogTargetPlatformManager: Display: Loaded TargetPlatform 'LinuxNoEditor'
[2020.05.12-03.07.23:222][  0]LogTargetPlatformManager: Display: Loaded TargetPlatform 'LinuxClient'
[2020.05.12-03.07.23:227][  0]LogTargetPlatformManager: Display: Loaded TargetPlatform 'LinuxServer'
[2020.05.12-03.07.23:234][  0]LogTargetPlatformManager: Display: Loaded TargetPlatform 'LinuxAArch64NoEditor'
[2020.05.12-03.07.23:240][  0]LogTargetPlatformManager: Display: Loaded TargetPlatform 'LinuxAArch64Client'
[2020.05.12-03.07.23:246][  0]LogTargetPlatformManager: Display: Loaded TargetPlatform 'LinuxAArch64Server'
[2020.05.12-03.07.23:267][  0]LogTargetPlatformManager: Display: Loaded TargetPlatform 'Lumin'
[2020.05.12-03.07.23:267][  0]LogTargetPlatformManager: Display: Loaded TargetPlatform 'LuminClient'
[2020.05.12-03.07.23:278][  0]LogTargetPlatformManager: Display: Loaded TargetPlatform 'TVOSClient'
[2020.05.12-03.07.23:278][  0]LogTargetPlatformManager: Display: Loaded TargetPlatform 'TVOS'
[2020.05.12-03.07.23:285][  0]LogTargetPlatformManager: Display: Loaded TargetPlatform 'WindowsNoEditor'
[2020.05.12-03.07.23:292][  0]LogTargetPlatformManager: Display: Loaded TargetPlatform 'Windows'
[2020.05.12-03.07.23:299][  0]LogTargetPlatformManager: Display: Loaded TargetPlatform 'WindowsClient'
[2020.05.12-03.07.23:306][  0]LogTargetPlatformManager: Display: Loaded TargetPlatform 'WindowsServer'
[2020.05.12-03.07.23:306][  0]LogTargetPlatformManager: Display: Building Assets For Windows
[2020.05.12-03.07.23:309][  0]LogAudioDebug: Display: Lib vorbis DLL was dynamically loaded.
[2020.05.12-03.07.23:328][  0]LogShaderCompilers: Guid format shader working directory is -1 characters bigger than the processId version (../../../../../git/CECS_343_project/Staying_alive/Intermediate/Shaders/WorkingDirectory/2656/).
[2020.05.12-03.07.23:328][  0]LogShaderCompilers: Cleaned the shader compiler working directory 'C:/Users/Lucas C/AppData/Local/Temp/UnrealShaderWorkingDir/942755F0483B059E61E18BA6A89F5A99/'.
[2020.05.12-03.07.23:329][  0]LogXGEController: Cannot use XGE Controller as Incredibuild is not installed on this machine.
[2020.05.12-03.07.23:329][  0]LogShaderCompilers: Cannot use XGE Shader Compiler as Incredibuild is not installed on this machine.
[2020.05.12-03.07.23:329][  0]LogShaderCompilers: Display: Using Local Shader Compiler.
[2020.05.12-03.07.24:000][  0]LogDerivedDataCache: Display: Max Cache Size: 512 MB
[2020.05.12-03.07.24:052][  0]LogDerivedDataCache: Loaded boot cache 0.05s 78MB C:/Users/Lucas C/AppData/Local/UnrealEngine/4.24/DerivedDataCache/Boot.ddc.
[2020.05.12-03.07.24:052][  0]LogDerivedDataCache: Display: Loaded Boot cache: C:/Users/Lucas C/AppData/Local/UnrealEngine/4.24/DerivedDataCache/Boot.ddc
[2020.05.12-03.07.24:052][  0]LogDerivedDataCache: FDerivedDataBackendGraph:  Pak pak cache file ../../../../../git/CECS_343_project/Staying_alive/DerivedDataCache/DDC.ddp not found, will not use a pak cache.
[2020.05.12-03.07.24:052][  0]LogDerivedDataCache: Unable to find inner node Pak for hierarchical cache Hierarchy.
[2020.05.12-03.07.24:052][  0]LogDerivedDataCache: FDerivedDataBackendGraph:  CompressedPak pak cache file ../../../../../git/CECS_343_project/Staying_alive/DerivedDataCache/Compressed.ddp not found, will not use a pak cache.
[2020.05.12-03.07.24:052][  0]LogDerivedDataCache: Unable to find inner node CompressedPak for hierarchical cache Hierarchy.
[2020.05.12-03.07.24:062][  0]LogDerivedDataCache: Display: Pak cache opened for reading ../../../Engine/DerivedDataCache/Compressed.ddp.
[2020.05.12-03.07.24:063][  0]LogDerivedDataCache: FDerivedDataBackendGraph:  EnterprisePak pak cache file ../../../Enterprise/DerivedDataCache/Compressed.ddp not found, will not use a pak cache.
[2020.05.12-03.07.24:063][  0]LogDerivedDataCache: Unable to find inner node EnterprisePak for hierarchical cache Hierarchy.
[2020.05.12-03.07.24:064][  0]LogDerivedDataCache: Using Local data cache path C:/Users/Lucas C/AppData/Local/UnrealEngine/Common/DerivedDataCache: Writable
[2020.05.12-03.07.24:064][  0]LogDerivedDataCache: Shared data cache path not found in *engine.ini, will not use an Shared cache.
[2020.05.12-03.07.24:064][  0]LogDerivedDataCache: Unable to find inner node Shared for hierarchical cache Hierarchy.
[2020.05.12-03.07.24:089][  0]LogMaterial: Verifying Global Shaders for PCD3D_SM5
[2020.05.12-03.07.24:091][  0]LogSlate: Using FreeType 2.10.0
[2020.05.12-03.07.24:092][  0]LogSlate: SlateFontServices - WITH_FREETYPE: 1, WITH_HARFBUZZ: 1
[2020.05.12-03.07.24:139][  0]LogAssetRegistry: FAssetRegistry took 0.0022 seconds to start up
[2020.05.12-03.07.24:403][  0]LogInit: Selected Device Profile: [Windows]
[2020.05.12-03.07.24:546][  0]LogMeshReduction: Using QuadricMeshReduction for automatic static mesh reduction
[2020.05.12-03.07.24:546][  0]LogMeshReduction: Using SimplygonMeshReduction for automatic skeletal mesh reduction
[2020.05.12-03.07.24:546][  0]LogMeshReduction: Using ProxyLODMeshReduction for automatic mesh merging
[2020.05.12-03.07.24:546][  0]LogMeshReduction: No distributed automatic mesh merging module available
[2020.05.12-03.07.24:546][  0]LogMeshMerging: No distributed automatic mesh merging module available
[2020.05.12-03.07.24:559][  0]LogNetVersion: Staying_alive 1.0.0, NetCL: 10570792, EngineNetVer: 13, GameNetVer: 0 (Checksum: 368689442)
[2020.05.12-03.07.25:479][  0]LogPackageLocalizationCache: Processed 10 localized package path(s) for 1 prioritized culture(s) in 0.035657 seconds
[2020.05.12-03.07.25:487][  0]LogUObjectArray: 46750 objects as part of root set at end of initial load.
[2020.05.12-03.07.25:487][  0]LogUObjectAllocator: 8137160 out of 0 bytes used by permanent object pool.
[2020.05.12-03.07.25:487][  0]LogUObjectArray: CloseDisregardForGC: 0/0 objects in disregard for GC pool
[2020.05.12-03.07.25:837][  0]LogTcpMessaging: Initializing TcpMessaging bridge
[2020.05.12-03.07.25:839][  0]LogUdpMessaging: Initializing bridge on interface 0.0.0.0:0 to multicast group 230.0.0.1:6666.
[2020.05.12-03.07.25:882][  0]SourceControl: Source control is disabled
[2020.05.12-03.07.25:882][  0]SourceControl: Source control is disabled
[2020.05.12-03.07.25:883][  0]SourceControl: Source control is disabled
[2020.05.12-03.07.25:884][  0]SourceControl: Source control is disabled
[2020.05.12-03.07.25:884][  0]SourceControl: Source control is disabled
[2020.05.12-03.07.25:954][  0]LogAndroidPermission: UAndroidPermissionCallbackProxy::GetInstance
[2020.05.12-03.07.25:964][  0]LogAudioCaptureCore: Display: No Audio Capture implementations found. Audio input will be silent.
[2020.05.12-03.07.25:964][  0]LogAudioCaptureCore: Display: No Audio Capture implementations found. Audio input will be silent.
[2020.05.12-03.07.26:040][  0]LogOcInput: OculusInput pre-init called
[2020.05.12-03.07.26:046][  0]LogWindows: Failed to load 'OVRPlugin.dll' (GetLastError=126)
[2020.05.12-03.07.26:046][  0]LogWindows: File 'OVRPlugin.dll' does not exist
[2020.05.12-03.07.26:107][  0]LogEngine: Initializing Engine...
[2020.05.12-03.07.26:108][  0]LogHMD: Failed to initialize OpenVR with code 110
[2020.05.12-03.07.26:109][  0]LogStats: UGameplayTagsManager::InitializeManager -  0.000 s
[2020.05.12-03.07.26:421][  0]LogInit: Initializing FReadOnlyCVARCache
[2020.05.12-03.07.26:427][  0]LogAIModule: Creating AISystem for world Untitled
[2020.05.12-03.07.26:446][  0]LogAudioMixer: Display: Audio Mixer Platform Settings:
[2020.05.12-03.07.26:446][  0]LogAudioMixer: Display: 	Sample Rate:						  48000
[2020.05.12-03.07.26:446][  0]LogAudioMixer: Display: 	Callback Buffer Frame Size Requested: 1024
[2020.05.12-03.07.26:446][  0]LogAudioMixer: Display: 	Callback Buffer Frame Size To Use:	  1024
[2020.05.12-03.07.26:446][  0]LogAudioMixer: Display: 	Number of buffers to queue:			  2
[2020.05.12-03.07.26:446][  0]LogAudioMixer: Display: 	Max Channels (voices):				  32
[2020.05.12-03.07.26:446][  0]LogAudioMixer: Display: 	Number of Async Source Workers:		  0
[2020.05.12-03.07.26:446][  0]LogAudio: Display: AudioDevice MaxSources: 32
[2020.05.12-03.07.26:446][  0]LogAudio: Display: Using built-in audio occlusion.
[2020.05.12-03.07.26:447][  0]LogAudioMixer: Display: Initializing audio mixer.
[2020.05.12-03.07.26:470][  0]LogAudioMixer: Display: Audio Device Output Speaker Info:
[2020.05.12-03.07.26:470][  0]LogAudioMixer: Display: Name: Headset Earphone (Corsair VOID PRO USB Gaming Headset )
[2020.05.12-03.07.26:470][  0]LogAudioMixer: Display: Is Default: Yes
[2020.05.12-03.07.26:470][  0]LogAudioMixer: Display: Sample Rate: 48000
[2020.05.12-03.07.26:470][  0]LogAudioMixer: Display: Channel Count Used: 2
[2020.05.12-03.07.26:470][  0]LogAudioMixer: Display: Device Channel Count: 2
[2020.05.12-03.07.26:470][  0]LogAudioMixer: Display: Channel Order:
[2020.05.12-03.07.26:470][  0]LogAudioMixer: Display: 0: FrontLeft
[2020.05.12-03.07.26:470][  0]LogAudioMixer: Display: 1: FrontRight
[2020.05.12-03.07.26:499][  0]LogAudioMixer: Display: Using Audio Device Headset Earphone (Corsair VOID PRO USB Gaming Headset )
[2020.05.12-03.07.26:503][  0]LogInit: FAudioDevice initialized.
[2020.05.12-03.07.26:503][  0]LogNetVersion: Set ProjectVersion to 1.0.0.0. Version Checksum will be recalculated on next use.
[2020.05.12-03.07.26:575][  0]LogDerivedDataCache: Saved boot cache 0.07s 78MB C:/Users/Lucas C/AppData/Local/UnrealEngine/4.24/DerivedDataCache/Boot.ddc.
[2020.05.12-03.07.26:580][  0]LogInit: Texture streaming: Enabled
[2020.05.12-03.07.26:589][  0]LogEngineSessionManager: EngineSessionManager initialized
[2020.05.12-03.07.26:589][  0]LogEditorSessionSummary: Verbose: Initializing EditorSessionSummaryWriter for editor session tracking
[2020.05.12-03.07.26:592][  0]LogEditorSessionSummary: EditorSessionSummaryWriter initialized
[2020.05.12-03.07.26:636][  0]LogInit: Transaction tracking system initialized
[2020.05.12-03.07.26:644][  0]BlueprintLog: New page: Editor Load
[2020.05.12-03.07.26:669][  0]LocalizationService: Localization service is disabled
[2020.05.12-03.07.26:701][  0]LogLinker: Warning: Failed to load '/Game/ThirdPersonBP/ThirdPersonOverview': Can't find file.
[2020.05.12-03.07.26:701][  0]LogLinker: Warning: Failed to load '/Game/ThirdPersonBP/ThirdPersonOverview': Can't find file.
[2020.05.12-03.07.26:701][  0]LogUObjectGlobals: Warning: Failed to find object 'Class /Game/ThirdPersonBP/ThirdPersonOverview.ThirdPersonOverview_C'
[2020.05.12-03.07.26:901][  0]LogFileCache: Scanning file cache for directory 'G:/git/CECS_343_project/Staying_alive/Content/' took 0.01s
[2020.05.12-03.07.26:901][  0]LogCook: Display: Max memory allowance for cook 16384mb min free memory 0mb
[2020.05.12-03.07.26:901][  0]LogCook: Display: Mobile HDR setting 1
[2020.05.12-03.07.27:461][  0]SourceControl: Source control is disabled
[2020.05.12-03.07.27:461][  0]Cmd: MAP LOAD FILE="../../../../../git/CECS_343_project/Staying_alive/Content/TopDownBP/Maps/level_1.umap" TEMPLATE=0 SHOWPROGRESS=1 FEATURELEVEL=3
[2020.05.12-03.07.27:461][  0]LightingResults: New page: Lighting Build
[2020.05.12-03.07.27:462][  0]LogWorld: UWorld::CleanupWorld for Untitled, bSessionEnded=true, bCleanupResources=true
[2020.05.12-03.07.27:462][  0]LogSlate: InvalidateAllWidgets triggered.  All widgets were invalidated
[2020.05.12-03.07.27:462][  0]MapCheck: New page: Map Check
[2020.05.12-03.07.27:462][  0]LightingResults: New page: Lighting Build
[2020.05.12-03.07.27:483][  0]LogUObjectHash: Compacting FUObjectHashTables data took   1.63ms
[2020.05.12-03.07.27:490][  0]LogLinker: Warning: Asset '../../../../../git/CECS_343_project/Staying_alive/Content/TopDownBP/Blueprints/TopDownCharacter.uasset' has been saved with empty engine version. The asset will be loaded but may be incompatible.
[2020.05.12-03.07.27:516][  0]LogLinker: Warning: Asset '../../../../../git/CECS_343_project/Staying_alive/Content/TopDownBP/Blueprints/Player_HUD/Player_HUD.uasset' has been saved with empty engine version. The asset will be loaded but may be incompatible.
[2020.05.12-03.07.27:517][  0]LogLinker: Warning: Asset '../../../../../git/CECS_343_project/Staying_alive/Content/TopDownBP/Blueprints/Player_HUD/HUD_Armor.uasset' has been saved with empty engine version. The asset will be loaded but may be incompatible.
[2020.05.12-03.07.27:518][  0]LogLinker: Warning: Asset '../../../../../git/CECS_343_project/Staying_alive/Content/TopDownBP/Blueprints/Player_HUD/HUD_Heart.uasset' has been saved with empty engine version. The asset will be loaded but may be incompatible.
[2020.05.12-03.07.27:915][  0]LogAIModule: Creating AISystem for world level_1
[2020.05.12-03.07.27:925][  0]LogEditorServer: Finished looking for orphan Actors (0.000 secs)
[2020.05.12-03.07.27:949][  0]LogUObjectHash: Compacting FUObjectHashTables data took   2.21ms
[2020.05.12-03.07.27:949][  0]Cmd: MAP CHECKDEP NOCLEARLOG
[2020.05.12-03.07.27:950][  0]MapCheck: Map check complete: 0 Error(s), 0 Warning(s), took 0.108ms to complete.
[2020.05.12-03.07.27:950][  0]LogFileHelpers: Loading map 'level_1' took 0.489
[2020.05.12-03.07.28:106][  0]LogSlate: Updating window title bar state: overlay mode, drag disabled, window buttons hidden, title bar hidden
[2020.05.12-03.07.28:113][  0]LogSlate: Updating window title bar state: overlay mode, drag disabled, window buttons hidden, title bar hidden
[2020.05.12-03.07.28:120][  0]LogSlate: Updating window title bar state: overlay mode, drag disabled, window buttons hidden, title bar hidden
[2020.05.12-03.07.28:126][  0]LogSlate: Updating window title bar state: overlay mode, drag disabled, window buttons hidden, title bar hidden
[2020.05.12-03.07.28:129][  0]LogCollectionManager: Loaded 0 collections in 0.000671 seconds
[2020.05.12-03.07.28:143][  0]LogFileCache: Scanning file cache for directory 'G:/git/CECS_343_project/Staying_alive/Saved/Collections/' took 0.00s
[2020.05.12-03.07.28:143][  0]LogFileCache: Scanning file cache for directory 'G:/git/CECS_343_project/Staying_alive/Content/Developers/LucasC/Collections/' took 0.00s
[2020.05.12-03.07.28:143][  0]LogFileCache: Scanning file cache for directory 'G:/git/CECS_343_project/Staying_alive/Content/Collections/' took 0.00s
[2020.05.12-03.07.28:143][  0]LogContentBrowser: Native class hierarchy populated in 0.0078 seconds. Added 3015 classes and 717 folders.
[2020.05.12-03.07.28:145][  0]LogContentBrowser: Native class hierarchy updated for 'WidgetCarousel' in 0.0002 seconds. Added 0 classes and 0 folders.
[2020.05.12-03.07.28:179][  0]LogContentBrowser: Native class hierarchy updated for 'AddContentDialog' in 0.0002 seconds. Added 0 classes and 0 folders.
[2020.05.12-03.07.28:182][  0]LogContentBrowser: Native class hierarchy updated for 'SceneOutliner' in 0.0002 seconds. Added 2 classes and 3 folders.
[2020.05.12-03.07.28:276][  0]LogContentBrowser: Native class hierarchy updated for 'HierarchicalLODOutliner' in 0.0003 seconds. Added 0 classes and 0 folders.
[2020.05.12-03.07.28:276][  0]LogLoad: (Engine Initialization) Total time: 6.61 seconds
[2020.05.12-03.07.28:276][  0]LogLoad: (Engine Initialization) Total Blueprint compile time: 0.00 seconds
[2020.05.12-03.07.28:320][  0]LogAssetRegistry: Asset discovery search completed in 4.1824 seconds
[2020.05.12-03.07.28:324][  0]LogCollectionManager: Fixed up redirectors for 0 collections in 0.000008 seconds (updated 0 objects)
[2020.05.12-03.07.28:329][  0]LogContentStreaming: Texture pool size now 1000 MB
[2020.05.12-03.07.28:337][  0]LogSlate: Took 0.000130 seconds to synchronously load lazily loaded font '../../../Engine/Content/Slate/Fonts/Roboto-Regular.ttf' (155K)
[2020.05.12-03.07.28:339][  0]LogSlate: Took 0.000101 seconds to synchronously load lazily loaded font '../../../Engine/Content/Slate/Fonts/Roboto-Bold.ttf' (160K)
[2020.05.12-03.07.28:342][  0]LogSlate: Took 0.000092 seconds to synchronously load lazily loaded font '../../../Engine/Content/Editor/Slate/Fonts/FontAwesome.ttf' (139K)
[2020.05.12-03.07.28:398][  0]LogRenderer: Reallocating scene render targets to support 936x600 Format 10 NumSamples 1 (Frame:1).
[2020.05.12-03.07.28:398][  0]LogSlate: Took 0.000177 seconds to synchronously load lazily loaded font '../../../Engine/Content/Slate/Fonts/Roboto-Light.ttf' (167K)
[2020.05.12-03.08.38:866][320]LogSlate: Took 0.000126 seconds to synchronously load lazily loaded font '../../../Engine/Content/Slate/Fonts/Roboto-Light.ttf' (167K)
[2020.05.12-03.08.38:879][320]LogAssetEditorSubsystem: Opening Asset editor for MapBuildDataRegistry /Game/TopDownBP/Maps/level_1_BuiltData.level_1_BuiltData
[2020.05.12-03.08.45:659][ 93]LogAssetEditorSubsystem: Opening Asset editor for World /Game/TopDownBP/Maps/level_1.level_1
[2020.05.12-03.08.45:691][ 93]LogUObjectHash: Compacting FUObjectHashTables data took   1.32ms
[2020.05.12-03.08.45:693][ 93]Cmd: MAP LOAD FILE="../../../../../git/CECS_343_project/Staying_alive/Content/TopDownBP/Maps/level_1.umap" TEMPLATE=0 SHOWPROGRESS=1 FEATURELEVEL=3
[2020.05.12-03.08.45:693][ 93]LightingResults: New page: Lighting Build
[2020.05.12-03.08.45:693][ 93]LoadErrors: New page: Loading map: level_1.umap
[2020.05.12-03.08.45:705][ 93]LogWorld: UWorld::CleanupWorld for level_1, bSessionEnded=true, bCleanupResources=true
[2020.05.12-03.08.45:706][ 93]LogSlate: InvalidateAllWidgets triggered.  All widgets were invalidated
[2020.05.12-03.08.45:706][ 93]MapCheck: New page: Map Check
[2020.05.12-03.08.45:706][ 93]LightingResults: New page: Lighting Build
[2020.05.12-03.08.45:729][ 93]LogUObjectHash: Compacting FUObjectHashTables data took   1.87ms
[2020.05.12-03.08.45:743][ 93]LogAIModule: Creating AISystem for world level_1
[2020.05.12-03.08.45:893][ 93]LogEditorServer: Finished looking for orphan Actors (0.000 secs)
[2020.05.12-03.08.45:920][ 93]LogUObjectHash: Compacting FUObjectHashTables data took   2.14ms
[2020.05.12-03.08.45:946][ 93]Cmd: MAP CHECKDEP NOCLEARLOG
[2020.05.12-03.08.45:946][ 93]MapCheck: Map check complete: 0 Error(s), 0 Warning(s), took 0.115ms to complete.
[2020.05.12-03.08.45:947][ 93]LogFileHelpers: Loading map 'level_1' took 0.255
[2020.05.12-03.09.02:163][903]LogTemp: Repeating last play command: Selected Viewport
[2020.05.12-03.09.02:177][903]LogBlueprintUserMessages: Early PlayInEditor Detection: Level '/Game/TopDownBP/Maps/level_1.level_1:PersistentLevel' has LevelScriptBlueprint '/Game/TopDownBP/Maps/level_1.level_1:PersistentLevel.level_1' with GeneratedClass '/Game/TopDownBP/Maps/level_1.level_1_C' with ClassGeneratedBy '/Game/TopDownBP/Maps/level_1.level_1:PersistentLevel.level_1'
[2020.05.12-03.09.02:177][903]LogPlayLevel: PlayLevel: No blueprints needed recompiling
[2020.05.12-03.09.02:177][903]PIE: New page: PIE session: level_1 (May 11, 2020, 1:09:02 PM)
[2020.05.12-03.09.02:178][903]LogOnline: OSS: Creating online subsystem instance for: NULL
[2020.05.12-03.09.02:179][903]LogOnline: OSS: TryLoadSubsystemAndSetDefault: Loaded subsystem for module [NULL]
[2020.05.12-03.09.02:179][903]LogPlayLevel: Creating play world package: /Game/TopDownBP/Maps/UEDPIE_0_level_1
[2020.05.12-03.09.02:194][903]LogPlayLevel: PIE: StaticDuplicateObject took: (0.015066s)
[2020.05.12-03.09.02:196][903]LogAIModule: Creating AISystem for world level_1
[2020.05.12-03.09.02:196][903]LogPlayLevel: PIE: World Init took: (0.001435s)
[2020.05.12-03.09.02:196][903]LogPlayLevel: PIE: Created PIE world by copying editor world from /Game/TopDownBP/Maps/level_1.level_1 to /Game/TopDownBP/Maps/UEDPIE_0_level_1.level_1 (0.016776s)
[2020.05.12-03.09.02:220][903]LogUObjectHash: Compacting FUObjectHashTables data took   1.22ms
[2020.05.12-03.09.02:221][903]LogAudioMixer: Display: Audio Mixer Platform Settings:
[2020.05.12-03.09.02:221][903]LogAudioMixer: Display: 	Sample Rate:						  48000
[2020.05.12-03.09.02:221][903]LogAudioMixer: Display: 	Callback Buffer Frame Size Requested: 1024
[2020.05.12-03.09.02:221][903]LogAudioMixer: Display: 	Callback Buffer Frame Size To Use:	  1024
[2020.05.12-03.09.02:221][903]LogAudioMixer: Display: 	Number of buffers to queue:			  2
[2020.05.12-03.09.02:221][903]LogAudioMixer: Display: 	Max Channels (voices):				  32
[2020.05.12-03.09.02:221][903]LogAudioMixer: Display: 	Number of Async Source Workers:		  0
[2020.05.12-03.09.02:221][903]LogAudio: Display: AudioDevice MaxSources: 32
[2020.05.12-03.09.02:222][903]LogAudio: Display: Using built-in audio occlusion.
[2020.05.12-03.09.02:222][903]LogAudioMixer: Display: Initializing audio mixer.
[2020.05.12-03.09.02:239][903]LogAudioMixer: Display: Audio Device Output Speaker Info:
[2020.05.12-03.09.02:239][903]LogAudioMixer: Display: Name: Headset Earphone (Corsair VOID PRO USB Gaming Headset )
[2020.05.12-03.09.02:239][903]LogAudioMixer: Display: Is Default: Yes
[2020.05.12-03.09.02:239][903]LogAudioMixer: Display: Sample Rate: 48000
[2020.05.12-03.09.02:239][903]LogAudioMixer: Display: Channel Count Used: 2
[2020.05.12-03.09.02:239][903]LogAudioMixer: Display: Device Channel Count: 2
[2020.05.12-03.09.02:239][903]LogAudioMixer: Display: Channel Order:
[2020.05.12-03.09.02:239][903]LogAudioMixer: Display: 0: FrontLeft
[2020.05.12-03.09.02:239][903]LogAudioMixer: Display: 1: FrontRight
[2020.05.12-03.09.02:251][903]LogAudioMixer: Display: Using Audio Device Headset Earphone (Corsair VOID PRO USB Gaming Headset )
[2020.05.12-03.09.02:253][903]LogInit: FAudioDevice initialized.
[2020.05.12-03.09.02:262][903]LogLoad: Game class is 'TopDownGameMode_C'
[2020.05.12-03.09.02:265][903]LogWorld: Bringing World /Game/TopDownBP/Maps/UEDPIE_0_level_1.level_1 up for play (max tick rate 0) at 2020.05.11-20.09.02
[2020.05.12-03.09.02:266][903]LogWorld: Bringing up level for play took: 0.002285
[2020.05.12-03.09.02:266][903]LogOnline: OSS: Creating online subsystem instance for: :Context_3
[2020.05.12-03.09.02:268][903]LogContentBrowser: Native class hierarchy updated for 'MovieSceneCapture' in 0.0003 seconds. Added 20 classes and 0 folders.
[2020.05.12-03.09.02:271][903]PIE: Play in editor start time for /Game/TopDownBP/Maps/UEDPIE_0_level_1 1.07
[2020.05.12-03.09.02:271][903]LogBlueprintUserMessages: Late PlayInEditor Detection: Level '/Game/TopDownBP/Maps/level_1.level_1:PersistentLevel' has LevelScriptBlueprint '/Game/TopDownBP/Maps/level_1.level_1:PersistentLevel.level_1' with GeneratedClass '/Game/TopDownBP/Maps/level_1.level_1_C' with ClassGeneratedBy '/Game/TopDownBP/Maps/level_1.level_1:PersistentLevel.level_1'
[2020.05.12-03.09.06:133][358]LogAudioMixer: Display: No commands were queued while flushing the source manager.
[2020.05.12-03.09.06:133][358]LogAudioMixer: Display: No commands were queued while flushing the source manager.
[2020.05.12-03.09.06:133][358]LogBlueprintUserMessages: Early EndPlayMap Detection: Level '/Game/TopDownBP/Maps/level_1.level_1:PersistentLevel' has LevelScriptBlueprint '/Game/TopDownBP/Maps/level_1.level_1:PersistentLevel.level_1' with GeneratedClass '/Game/TopDownBP/Maps/level_1.level_1_C' with ClassGeneratedBy '/Game/TopDownBP/Maps/level_1.level_1:PersistentLevel.level_1'
[2020.05.12-03.09.06:133][358]LogSlate: Updating window title bar state: overlay mode, drag disabled, window buttons hidden, title bar hidden
[2020.05.12-03.09.06:133][358]LogWorld: BeginTearingDown for /Game/TopDownBP/Maps/UEDPIE_0_level_1
[2020.05.12-03.09.06:133][358]LogAudioMixer: Display: No commands were queued while flushing the source manager.
[2020.05.12-03.09.06:134][358]LogWorld: UWorld::CleanupWorld for level_1, bSessionEnded=true, bCleanupResources=true
[2020.05.12-03.09.06:134][358]LogSlate: InvalidateAllWidgets triggered.  All widgets were invalidated
[2020.05.12-03.09.06:140][358]LogPlayLevel: Display: Shutting down PIE online subsystems
[2020.05.12-03.09.06:140][358]LogBlueprintUserMessages: Late EndPlayMap Detection: Level '/Game/TopDownBP/Maps/level_1.level_1:PersistentLevel' has LevelScriptBlueprint '/Game/TopDownBP/Maps/level_1.level_1:PersistentLevel.level_1' with GeneratedClass '/Game/TopDownBP/Maps/level_1.level_1_C' with ClassGeneratedBy '/Game/TopDownBP/Maps/level_1.level_1:PersistentLevel.level_1'
[2020.05.12-03.09.06:142][358]LogSlate: InvalidateAllWidgets triggered.  All widgets were invalidated
[2020.05.12-03.09.06:165][358]LogAudioMixer: Display: No commands were queued while flushing the source manager.
[2020.05.12-03.09.06:168][358]LogSlate: Updating window title bar state: overlay mode, drag disabled, window buttons hidden, title bar hidden
[2020.05.12-03.09.06:171][358]LogUObjectHash: Compacting FUObjectHashTables data took   1.34ms
[2020.05.12-03.09.06:239][364]LogPlayLevel: Display: Destroying online subsystem :Context_3
[2020.05.12-03.09.45:627][437]LogAssetEditorSubsystem: Opening Asset editor for Blueprint /Game/TopDownBP/Blueprints/Characters/TopDownCharacter.TopDownCharacter
[2020.05.12-03.09.45:751][437]LogContentBrowser: Native class hierarchy updated for 'BlueprintGraph' in 0.0005 seconds. Added 121 classes and 0 folders.
[2020.05.12-03.09.46:556][437]LogSlate: Took 0.000190 seconds to synchronously load lazily loaded font '../../../Engine/Content/Slate/Fonts/Roboto-BoldCondensed.ttf' (158K)
[2020.05.12-03.09.48:692][644]LogSlate: Took 0.000143 seconds to synchronously load lazily loaded font '../../../Engine/Content/Slate/Fonts/Roboto-Italic.ttf' (157K)
[2020.05.12-03.11.36:166][598]BlueprintLog: New page: Compile TopDownCharacter
[2020.05.12-03.11.36:407][598]LogUObjectHash: Compacting FUObjectHashTables data took   3.99ms
[2020.05.12-03.11.40:729][ 65]LogAssetEditorSubsystem: Opening Asset editor for Blueprint /Game/TopDownBP/Blueprints/Characters/AI/extra_health_zombie.extra_health_zombie
[2020.05.12-03.12.19:721][231]BlueprintLog: New page: Compile extra_health_zombie
[2020.05.12-03.12.19:948][231]LogUObjectHash: Compacting FUObjectHashTables data took   3.64ms
[2020.05.12-03.12.45:056][630]LogTemp: Repeating last play command: Selected Viewport
[2020.05.12-03.12.45:071][630]LogBlueprintUserMessages: Early PlayInEditor Detection: Level '/Game/TopDownBP/Maps/level_1.level_1:PersistentLevel' has LevelScriptBlueprint '/Game/TopDownBP/Maps/level_1.level_1:PersistentLevel.level_1' with GeneratedClass '/Game/TopDownBP/Maps/level_1.level_1_C' with ClassGeneratedBy '/Game/TopDownBP/Maps/level_1.level_1:PersistentLevel.level_1'
[2020.05.12-03.12.45:071][630]LogPlayLevel: PlayLevel: No blueprints needed recompiling
[2020.05.12-03.12.45:071][630]PIE: New page: PIE session: level_1 (May 11, 2020, 1:12:45 PM)
[2020.05.12-03.12.45:071][630]LogPlayLevel: Creating play world package: /Game/TopDownBP/Maps/UEDPIE_0_level_1
[2020.05.12-03.12.45:083][630]LogPlayLevel: PIE: StaticDuplicateObject took: (0.011713s)
[2020.05.12-03.12.45:083][630]LogAIModule: Creating AISystem for world level_1
[2020.05.12-03.12.45:084][630]LogPlayLevel: PIE: World Init took: (0.001020s)
[2020.05.12-03.12.45:084][630]LogPlayLevel: PIE: Created PIE world by copying editor world from /Game/TopDownBP/Maps/level_1.level_1 to /Game/TopDownBP/Maps/UEDPIE_0_level_1.level_1 (0.012876s)
[2020.05.12-03.12.45:116][630]LogUObjectHash: Compacting FUObjectHashTables data took   3.02ms
[2020.05.12-03.12.45:117][630]LogAudioMixer: Display: Audio Mixer Platform Settings:
[2020.05.12-03.12.45:117][630]LogAudioMixer: Display: 	Sample Rate:						  48000
[2020.05.12-03.12.45:117][630]LogAudioMixer: Display: 	Callback Buffer Frame Size Requested: 1024
[2020.05.12-03.12.45:117][630]LogAudioMixer: Display: 	Callback Buffer Frame Size To Use:	  1024
[2020.05.12-03.12.45:117][630]LogAudioMixer: Display: 	Number of buffers to queue:			  2
[2020.05.12-03.12.45:118][630]LogAudioMixer: Display: 	Max Channels (voices):				  32
[2020.05.12-03.12.45:118][630]LogAudioMixer: Display: 	Number of Async Source Workers:		  0
[2020.05.12-03.12.45:118][630]LogAudio: Display: AudioDevice MaxSources: 32
[2020.05.12-03.12.45:118][630]LogAudio: Display: Using built-in audio occlusion.
[2020.05.12-03.12.45:118][630]LogAudioMixer: Display: Initializing audio mixer.
[2020.05.12-03.12.45:136][630]LogAudioMixer: Display: Audio Device Output Speaker Info:
[2020.05.12-03.12.45:136][630]LogAudioMixer: Display: Name: Headset Earphone (Corsair VOID PRO USB Gaming Headset )
[2020.05.12-03.12.45:136][630]LogAudioMixer: Display: Is Default: Yes
[2020.05.12-03.12.45:136][630]LogAudioMixer: Display: Sample Rate: 48000
[2020.05.12-03.12.45:136][630]LogAudioMixer: Display: Channel Count Used: 2
[2020.05.12-03.12.45:136][630]LogAudioMixer: Display: Device Channel Count: 2
[2020.05.12-03.12.45:136][630]LogAudioMixer: Display: Channel Order:
[2020.05.12-03.12.45:136][630]LogAudioMixer: Display: 0: FrontLeft
[2020.05.12-03.12.45:136][630]LogAudioMixer: Display: 1: FrontRight
[2020.05.12-03.12.45:148][630]LogAudioMixer: Display: Using Audio Device Headset Earphone (Corsair VOID PRO USB Gaming Headset )
[2020.05.12-03.12.45:149][630]LogInit: FAudioDevice initialized.
[2020.05.12-03.12.45:156][630]LogLoad: Game class is 'TopDownGameMode_C'
[2020.05.12-03.12.45:158][630]LogWorld: Bringing World /Game/TopDownBP/Maps/UEDPIE_0_level_1.level_1 up for play (max tick rate 0) at 2020.05.11-20.12.45
[2020.05.12-03.12.45:158][630]LogWorld: Bringing up level for play took: 0.001810
[2020.05.12-03.12.45:159][630]LogOnline: OSS: Creating online subsystem instance for: :Context_13
[2020.05.12-03.12.45:161][630]PIE: Play in editor start time for /Game/TopDownBP/Maps/UEDPIE_0_level_1 -0.039
[2020.05.12-03.12.45:161][630]LogBlueprintUserMessages: Late PlayInEditor Detection: Level '/Game/TopDownBP/Maps/level_1.level_1:PersistentLevel' has LevelScriptBlueprint '/Game/TopDownBP/Maps/level_1.level_1:PersistentLevel.level_1' with GeneratedClass '/Game/TopDownBP/Maps/level_1.level_1_C' with ClassGeneratedBy '/Game/TopDownBP/Maps/level_1.level_1:PersistentLevel.level_1'
[2020.05.12-03.12.59:968][  6]LogSlate: Updating window title bar state: overlay mode, drag disabled, window buttons hidden, title bar hidden
[2020.05.12-03.12.59:968][  6]LogBlueprintUserMessages: Early EndPlayMap Detection: Level '/Game/TopDownBP/Maps/level_1.level_1:PersistentLevel' has LevelScriptBlueprint '/Game/TopDownBP/Maps/level_1.level_1:PersistentLevel.level_1' with GeneratedClass '/Game/TopDownBP/Maps/level_1.level_1_C' with ClassGeneratedBy '/Game/TopDownBP/Maps/level_1.level_1:PersistentLevel.level_1'
[2020.05.12-03.12.59:968][  6]LogWorld: BeginTearingDown for /Game/TopDownBP/Maps/UEDPIE_0_level_1
[2020.05.12-03.12.59:969][  6]LogAudioMixer: Display: No commands were queued while flushing the source manager.
[2020.05.12-03.12.59:969][  6]LogWorld: UWorld::CleanupWorld for level_1, bSessionEnded=true, bCleanupResources=true
[2020.05.12-03.12.59:969][  6]LogSlate: InvalidateAllWidgets triggered.  All widgets were invalidated
[2020.05.12-03.12.59:988][  6]LogPlayLevel: Display: Shutting down PIE online subsystems
[2020.05.12-03.12.59:988][  6]LogBlueprintUserMessages: Late EndPlayMap Detection: Level '/Game/TopDownBP/Maps/level_1.level_1:PersistentLevel' has LevelScriptBlueprint '/Game/TopDownBP/Maps/level_1.level_1:PersistentLevel.level_1' with GeneratedClass '/Game/TopDownBP/Maps/level_1.level_1_C' with ClassGeneratedBy '/Game/TopDownBP/Maps/level_1.level_1:PersistentLevel.level_1'
[2020.05.12-03.12.59:992][  6]LogSlate: InvalidateAllWidgets triggered.  All widgets were invalidated
[2020.05.12-03.13.00:025][  6]LogAudioMixer: Display: No commands were queued while flushing the source manager.
[2020.05.12-03.13.00:028][  6]LogSlate: Updating window title bar state: overlay mode, drag disabled, window buttons hidden, title bar hidden
[2020.05.12-03.13.00:031][  6]LogUObjectHash: Compacting FUObjectHashTables data took   2.29ms
[2020.05.12-03.13.00:086][  7]LogPlayLevel: Display: Destroying online subsystem :Context_13
[2020.05.12-03.13.11:450][ 33]LogTemp: Repeating last play command: Selected Viewport
[2020.05.12-03.13.11:464][ 33]LogBlueprintUserMessages: Early PlayInEditor Detection: Level '/Game/TopDownBP/Maps/level_1.level_1:PersistentLevel' has LevelScriptBlueprint '/Game/TopDownBP/Maps/level_1.level_1:PersistentLevel.level_1' with GeneratedClass '/Game/TopDownBP/Maps/level_1.level_1_C' with ClassGeneratedBy '/Game/TopDownBP/Maps/level_1.level_1:PersistentLevel.level_1'
[2020.05.12-03.13.11:464][ 33]LogPlayLevel: PlayLevel: No blueprints needed recompiling
[2020.05.12-03.13.11:464][ 33]PIE: New page: PIE session: level_1 (May 11, 2020, 1:13:11 PM)
[2020.05.12-03.13.11:464][ 33]LogPlayLevel: Creating play world package: /Game/TopDownBP/Maps/UEDPIE_0_level_1
[2020.05.12-03.13.11:476][ 33]LogPlayLevel: PIE: StaticDuplicateObject took: (0.011278s)
[2020.05.12-03.13.11:477][ 33]LogAIModule: Creating AISystem for world level_1
[2020.05.12-03.13.11:477][ 33]LogPlayLevel: PIE: World Init took: (0.001322s)
[2020.05.12-03.13.11:477][ 33]LogPlayLevel: PIE: Created PIE world by copying editor world from /Game/TopDownBP/Maps/level_1.level_1 to /Game/TopDownBP/Maps/UEDPIE_0_level_1.level_1 (0.012941s)
[2020.05.12-03.13.11:513][ 33]LogUObjectHash: Compacting FUObjectHashTables data took   2.02ms
[2020.05.12-03.13.11:514][ 33]LogAudioMixer: Display: Audio Mixer Platform Settings:
[2020.05.12-03.13.11:514][ 33]LogAudioMixer: Display: 	Sample Rate:						  48000
[2020.05.12-03.13.11:514][ 33]LogAudioMixer: Display: 	Callback Buffer Frame Size Requested: 1024
[2020.05.12-03.13.11:514][ 33]LogAudioMixer: Display: 	Callback Buffer Frame Size To Use:	  1024
[2020.05.12-03.13.11:514][ 33]LogAudioMixer: Display: 	Number of buffers to queue:			  2
[2020.05.12-03.13.11:514][ 33]LogAudioMixer: Display: 	Max Channels (voices):				  32
[2020.05.12-03.13.11:514][ 33]LogAudioMixer: Display: 	Number of Async Source Workers:		  0
[2020.05.12-03.13.11:514][ 33]LogAudio: Display: AudioDevice MaxSources: 32
[2020.05.12-03.13.11:514][ 33]LogAudio: Display: Using built-in audio occlusion.
[2020.05.12-03.13.11:514][ 33]LogAudioMixer: Display: Initializing audio mixer.
[2020.05.12-03.13.11:533][ 33]LogAudioMixer: Display: Audio Device Output Speaker Info:
[2020.05.12-03.13.11:533][ 33]LogAudioMixer: Display: Name: Headset Earphone (Corsair VOID PRO USB Gaming Headset )
[2020.05.12-03.13.11:533][ 33]LogAudioMixer: Display: Is Default: Yes
[2020.05.12-03.13.11:533][ 33]LogAudioMixer: Display: Sample Rate: 48000
[2020.05.12-03.13.11:533][ 33]LogAudioMixer: Display: Channel Count Used: 2
[2020.05.12-03.13.11:533][ 33]LogAudioMixer: Display: Device Channel Count: 2
[2020.05.12-03.13.11:533][ 33]LogAudioMixer: Display: Channel Order:
[2020.05.12-03.13.11:533][ 33]LogAudioMixer: Display: 0: FrontLeft
[2020.05.12-03.13.11:533][ 33]LogAudioMixer: Display: 1: FrontRight
[2020.05.12-03.13.11:545][ 33]LogAudioMixer: Display: Using Audio Device Headset Earphone (Corsair VOID PRO USB Gaming Headset )
[2020.05.12-03.13.11:546][ 33]LogInit: FAudioDevice initialized.
[2020.05.12-03.13.11:555][ 33]LogLoad: Game class is 'TopDownGameMode_C'
[2020.05.12-03.13.11:557][ 33]LogWorld: Bringing World /Game/TopDownBP/Maps/UEDPIE_0_level_1.level_1 up for play (max tick rate 0) at 2020.05.11-20.13.11
[2020.05.12-03.13.11:558][ 33]LogWorld: Bringing up level for play took: 0.002352
[2020.05.12-03.13.11:558][ 33]LogOnline: OSS: Creating online subsystem instance for: :Context_14
[2020.05.12-03.13.11:561][ 33]PIE: Play in editor start time for /Game/TopDownBP/Maps/UEDPIE_0_level_1 0.36
[2020.05.12-03.13.11:561][ 33]LogBlueprintUserMessages: Late PlayInEditor Detection: Level '/Game/TopDownBP/Maps/level_1.level_1:PersistentLevel' has LevelScriptBlueprint '/Game/TopDownBP/Maps/level_1.level_1:PersistentLevel.level_1' with GeneratedClass '/Game/TopDownBP/Maps/level_1.level_1_C' with ClassGeneratedBy '/Game/TopDownBP/Maps/level_1.level_1:PersistentLevel.level_1'
[2020.05.12-03.13.44:214][911]LogAudioMixer: Display: No commands were queued while flushing the source manager.
[2020.05.12-03.13.44:214][911]LogAudioMixer: Display: No commands were queued while flushing the source manager.
[2020.05.12-03.13.44:214][911]LogBlueprintUserMessages: Early EndPlayMap Detection: Level '/Game/TopDownBP/Maps/level_1.level_1:PersistentLevel' has LevelScriptBlueprint '/Game/TopDownBP/Maps/level_1.level_1:PersistentLevel.level_1' with GeneratedClass '/Game/TopDownBP/Maps/level_1.level_1_C' with ClassGeneratedBy '/Game/TopDownBP/Maps/level_1.level_1:PersistentLevel.level_1'
[2020.05.12-03.13.44:214][911]LogSlate: Updating window title bar state: overlay mode, drag disabled, window buttons hidden, title bar hidden
[2020.05.12-03.13.44:214][911]LogWorld: BeginTearingDown for /Game/TopDownBP/Maps/UEDPIE_0_level_1
[2020.05.12-03.13.44:214][911]LogAudioMixer: Display: No commands were queued while flushing the source manager.
[2020.05.12-03.13.44:215][911]LogWorld: UWorld::CleanupWorld for level_1, bSessionEnded=true, bCleanupResources=true
[2020.05.12-03.13.44:215][911]LogSlate: InvalidateAllWidgets triggered.  All widgets were invalidated
[2020.05.12-03.13.44:228][911]LogPlayLevel: Display: Shutting down PIE online subsystems
[2020.05.12-03.13.44:228][911]LogBlueprintUserMessages: Late EndPlayMap Detection: Level '/Game/TopDownBP/Maps/level_1.level_1:PersistentLevel' has LevelScriptBlueprint '/Game/TopDownBP/Maps/level_1.level_1:PersistentLevel.level_1' with GeneratedClass '/Game/TopDownBP/Maps/level_1.level_1_C' with ClassGeneratedBy '/Game/TopDownBP/Maps/level_1.level_1:PersistentLevel.level_1'
[2020.05.12-03.13.44:232][911]LogSlate: InvalidateAllWidgets triggered.  All widgets were invalidated
[2020.05.12-03.13.44:264][911]LogAudioMixer: Display: No commands were queued while flushing the source manager.
[2020.05.12-03.13.44:267][911]LogSlate: Updating window title bar state: overlay mode, drag disabled, window buttons hidden, title bar hidden
[2020.05.12-03.13.44:270][911]LogUObjectHash: Compacting FUObjectHashTables data took   2.07ms
[2020.05.12-03.13.44:321][912]LogPlayLevel: Display: Destroying online subsystem :Context_14
[2020.05.12-03.13.57:656][156]BlueprintLog: New page: Compile extra_health_zombie
[2020.05.12-03.13.57:876][156]LogUObjectHash: Compacting FUObjectHashTables data took   3.03ms
[2020.05.12-03.14.00:446][372]LogTemp: Repeating last play command: Selected Viewport
[2020.05.12-03.14.00:460][372]LogBlueprintUserMessages: Early PlayInEditor Detection: Level '/Game/TopDownBP/Maps/level_1.level_1:PersistentLevel' has LevelScriptBlueprint '/Game/TopDownBP/Maps/level_1.level_1:PersistentLevel.level_1' with GeneratedClass '/Game/TopDownBP/Maps/level_1.level_1_C' with ClassGeneratedBy '/Game/TopDownBP/Maps/level_1.level_1:PersistentLevel.level_1'
[2020.05.12-03.14.00:460][372]LogPlayLevel: PlayLevel: No blueprints needed recompiling
[2020.05.12-03.14.00:460][372]PIE: New page: PIE session: level_1 (May 11, 2020, 1:14:00 PM)
[2020.05.12-03.14.00:460][372]LogPlayLevel: Creating play world package: /Game/TopDownBP/Maps/UEDPIE_0_level_1
[2020.05.12-03.14.00:471][372]LogPlayLevel: PIE: StaticDuplicateObject took: (0.010990s)
[2020.05.12-03.14.00:472][372]LogAIModule: Creating AISystem for world level_1
[2020.05.12-03.14.00:472][372]LogPlayLevel: PIE: World Init took: (0.000926s)
[2020.05.12-03.14.00:472][372]LogPlayLevel: PIE: Created PIE world by copying editor world from /Game/TopDownBP/Maps/level_1.level_1 to /Game/TopDownBP/Maps/UEDPIE_0_level_1.level_1 (0.012142s)
[2020.05.12-03.14.00:503][372]LogUObjectHash: Compacting FUObjectHashTables data took   2.99ms
[2020.05.12-03.14.00:504][372]LogAudioMixer: Display: Audio Mixer Platform Settings:
[2020.05.12-03.14.00:504][372]LogAudioMixer: Display: 	Sample Rate:						  48000
[2020.05.12-03.14.00:504][372]LogAudioMixer: Display: 	Callback Buffer Frame Size Requested: 1024
[2020.05.12-03.14.00:504][372]LogAudioMixer: Display: 	Callback Buffer Frame Size To Use:	  1024
[2020.05.12-03.14.00:504][372]LogAudioMixer: Display: 	Number of buffers to queue:			  2
[2020.05.12-03.14.00:504][372]LogAudioMixer: Display: 	Max Channels (voices):				  32
[2020.05.12-03.14.00:504][372]LogAudioMixer: Display: 	Number of Async Source Workers:		  0
[2020.05.12-03.14.00:504][372]LogAudio: Display: AudioDevice MaxSources: 32
[2020.05.12-03.14.00:504][372]LogAudio: Display: Using built-in audio occlusion.
[2020.05.12-03.14.00:505][372]LogAudioMixer: Display: Initializing audio mixer.
[2020.05.12-03.14.00:523][372]LogAudioMixer: Display: Audio Device Output Speaker Info:
[2020.05.12-03.14.00:523][372]LogAudioMixer: Display: Name: Headset Earphone (Corsair VOID PRO USB Gaming Headset )
[2020.05.12-03.14.00:523][372]LogAudioMixer: Display: Is Default: Yes
[2020.05.12-03.14.00:523][372]LogAudioMixer: Display: Sample Rate: 48000
[2020.05.12-03.14.00:523][372]LogAudioMixer: Display: Channel Count Used: 2
[2020.05.12-03.14.00:523][372]LogAudioMixer: Display: Device Channel Count: 2
[2020.05.12-03.14.00:523][372]LogAudioMixer: Display: Channel Order:
[2020.05.12-03.14.00:523][372]LogAudioMixer: Display: 0: FrontLeft
[2020.05.12-03.14.00:523][372]LogAudioMixer: Display: 1: FrontRight
[2020.05.12-03.14.00:534][372]LogAudioMixer: Display: Using Audio Device Headset Earphone (Corsair VOID PRO USB Gaming Headset )
[2020.05.12-03.14.00:535][372]LogInit: FAudioDevice initialized.
[2020.05.12-03.14.00:541][372]LogLoad: Game class is 'TopDownGameMode_C'
[2020.05.12-03.14.00:543][372]LogWorld: Bringing World /Game/TopDownBP/Maps/UEDPIE_0_level_1.level_1 up for play (max tick rate 0) at 2020.05.11-20.14.00
[2020.05.12-03.14.00:543][372]LogWorld: Bringing up level for play took: 0.001967
[2020.05.12-03.14.00:544][372]LogOnline: OSS: Creating online subsystem instance for: :Context_15
[2020.05.12-03.14.00:547][372]PIE: Play in editor start time for /Game/TopDownBP/Maps/UEDPIE_0_level_1 -0.654
[2020.05.12-03.14.00:547][372]LogBlueprintUserMessages: Late PlayInEditor Detection: Level '/Game/TopDownBP/Maps/level_1.level_1:PersistentLevel' has LevelScriptBlueprint '/Game/TopDownBP/Maps/level_1.level_1:PersistentLevel.level_1' with GeneratedClass '/Game/TopDownBP/Maps/level_1.level_1_C' with ClassGeneratedBy '/Game/TopDownBP/Maps/level_1.level_1:PersistentLevel.level_1'
[2020.05.12-03.14.25:104][778]LogSlate: Updating window title bar state: overlay mode, drag disabled, window buttons hidden, title bar hidden
[2020.05.12-03.14.25:104][778]LogBlueprintUserMessages: Early EndPlayMap Detection: Level '/Game/TopDownBP/Maps/level_1.level_1:PersistentLevel' has LevelScriptBlueprint '/Game/TopDownBP/Maps/level_1.level_1:PersistentLevel.level_1' with GeneratedClass '/Game/TopDownBP/Maps/level_1.level_1_C' with ClassGeneratedBy '/Game/TopDownBP/Maps/level_1.level_1:PersistentLevel.level_1'
[2020.05.12-03.14.25:104][778]LogWorld: BeginTearingDown for /Game/TopDownBP/Maps/UEDPIE_0_level_1
[2020.05.12-03.14.25:104][778]LogAudioMixer: Display: No commands were queued while flushing the source manager.
[2020.05.12-03.14.25:104][778]LogWorld: UWorld::CleanupWorld for level_1, bSessionEnded=true, bCleanupResources=true
[2020.05.12-03.14.25:105][778]LogSlate: InvalidateAllWidgets triggered.  All widgets were invalidated
[2020.05.12-03.14.25:121][778]LogPlayLevel: Display: Shutting down PIE online subsystems
[2020.05.12-03.14.25:121][778]LogBlueprintUserMessages: Late EndPlayMap Detection: Level '/Game/TopDownBP/Maps/level_1.level_1:PersistentLevel' has LevelScriptBlueprint '/Game/TopDownBP/Maps/level_1.level_1:PersistentLevel.level_1' with GeneratedClass '/Game/TopDownBP/Maps/level_1.level_1_C' with ClassGeneratedBy '/Game/TopDownBP/Maps/level_1.level_1:PersistentLevel.level_1'
[2020.05.12-03.14.25:124][778]LogSlate: InvalidateAllWidgets triggered.  All widgets were invalidated
[2020.05.12-03.14.25:154][778]LogAudioMixer: Display: No commands were queued while flushing the source manager.
[2020.05.12-03.14.25:157][778]LogSlate: Updating window title bar state: overlay mode, drag disabled, window buttons hidden, title bar hidden
[2020.05.12-03.14.25:160][778]LogUObjectHash: Compacting FUObjectHashTables data took   2.30ms
[2020.05.12-03.14.25:218][780]LogPlayLevel: Display: Destroying online subsystem :Context_15
