Log file open, 05/07/20 01:38:41
LogWindows: Failed to load 'aqProf.dll' (GetLastError=126)
LogWindows: File 'aqProf.dll' does not exist
LogWindows: Failed to load 'VtuneApi.dll' (GetLastError=126)
LogWindows: File 'VtuneApi.dll' does not exist
LogWindows: Failed to load 'VtuneApi32e.dll' (GetLastError=126)
LogWindows: File 'VtuneApi32e.dll' does not exist
LogConsoleResponse: Display: Failed to find resolution value strings in scalability ini. Falling back to default.
LogInit: Display: Running engine for game: Staying_alive
LogPlatformFile: Not using cached read wrapper
LogTaskGraph: Started task graph with 5 named threads and 35 total threads with 3 sets of task threads.
LogStats: Stats thread started at 0.060023
LogD3D11RHI: Loaded GFSDK_Aftermath_Lib.x64.dll
LogICUInternationalization: ICU TimeZone Detection - Raw Offset: -8:00, Platform Override: ''
LogPluginManager: Mounting plugin Paper2D
LogPluginManager: Mounting plugin AISupport
LogPluginManager: Mounting plugin LightPropagationVolume
LogPluginManager: Mounting plugin ActorLayerUtilities
LogPluginManager: Mounting plugin AnimationSharing
LogPluginManager: Mounting plugin CLionSourceCodeAccess
LogPluginManager: Mounting plugin CodeLiteSourceCodeAccess
LogPluginManager: Mounting plugin GitSourceControl
LogPluginManager: Mounting plugin KDevelopSourceCodeAccess
LogPluginManager: Mounting plugin NullSourceCodeAccess
LogPluginManager: Mounting plugin PerforceSourceControl
LogPluginManager: Mounting plugin PlasticSourceControl
LogPluginManager: Mounting plugin SubversionSourceControl
LogPluginManager: Mounting plugin UObjectPlugin
LogPluginManager: Mounting plugin VisualStudioCodeSourceCodeAccess
LogPluginManager: Mounting plugin VisualStudioSourceCodeAccess
LogPluginManager: Mounting plugin XCodeSourceCodeAccess
LogPluginManager: Mounting plugin AssetManagerEditor
LogPluginManager: Mounting plugin CryptoKeys
LogPluginManager: Mounting plugin CurveEditorTools
LogPluginManager: Mounting plugin DataValidation
LogPluginManager: Mounting plugin FacialAnimation
LogPluginManager: Mounting plugin GameplayTagsEditor
LogPluginManager: Mounting plugin MacGraphicsSwitching
LogPluginManager: Mounting plugin MaterialAnalyzer
LogPluginManager: Mounting plugin MobileLauncherProfileWizard
LogPluginManager: Mounting plugin PluginBrowser
LogPluginManager: Mounting plugin SpeedTreeImporter
LogPluginManager: Mounting plugin DatasmithContent
LogPluginManager: Mounting plugin VariantManagerContent
LogPluginManager: Mounting plugin AlembicImporter
LogPluginManager: Mounting plugin AutomationUtils
LogPluginManager: Mounting plugin BackChannel
LogPluginManager: Mounting plugin CharacterAI
LogPluginManager: Mounting plugin GeometryCache
LogPluginManager: Mounting plugin PlatformCrypto
LogPluginManager: Mounting plugin ProxyLODPlugin
LogPluginManager: Mounting plugin SkeletalReduction
LogPluginManager: Mounting plugin MagicLeap
LogPluginManager: Mounting plugin MagicLeapMedia
LogPluginManager: Mounting plugin MLSDK
LogPluginManager: Mounting plugin AndroidMedia
LogPluginManager: Mounting plugin AvfMedia
LogPluginManager: Mounting plugin ImgMedia
LogPluginManager: Mounting plugin MediaCompositing
LogPluginManager: Mounting plugin MediaPlayerEditor
LogPluginManager: Mounting plugin WebMMedia
LogPluginManager: Mounting plugin WmfMedia
LogPluginManager: Mounting plugin TcpMessaging
LogPluginManager: Mounting plugin UdpMessaging
LogPluginManager: Mounting plugin ActorSequence
LogPluginManager: Mounting plugin LevelSequenceEditor
LogPluginManager: Mounting plugin MatineeToLevelSequence
LogPluginManager: Mounting plugin NetcodeUnitTest
LogPluginManager: Mounting plugin NUTUnrealEngine4
LogPluginManager: Mounting plugin OnlineSubsystemGooglePlay
LogPluginManager: Mounting plugin OnlineSubsystemIOS
LogPluginManager: Mounting plugin OnlineSubsystem
LogPluginManager: Mounting plugin OnlineSubsystemNull
LogPluginManager: Mounting plugin OnlineSubsystemUtils
LogPluginManager: Mounting plugin LauncherChunkInstaller
LogPluginManager: Mounting plugin AndroidDeviceProfileSelector
LogPluginManager: Mounting plugin AndroidMoviePlayer
LogPluginManager: Mounting plugin AndroidPermission
LogPluginManager: Mounting plugin AppleImageUtils
LogPluginManager: Mounting plugin AppleMoviePlayer
LogPluginManager: Mounting plugin ArchVisCharacter
LogPluginManager: Mounting plugin AssetTags
LogPluginManager: Mounting plugin AudioCapture
LogPluginManager: Mounting plugin CableComponent
LogPluginManager: Mounting plugin CustomMeshComponent
LogPluginManager: Mounting plugin EditableMesh
LogPluginManager: Mounting plugin ExampleDeviceProfileSelector
LogPluginManager: Mounting plugin GoogleCloudMessaging
LogPluginManager: Mounting plugin IOSDeviceProfileSelector
LogPluginManager: Mounting plugin LinuxDeviceProfileSelector
LogPluginManager: Mounting plugin LocationServicesBPLibrary
LogPluginManager: Mounting plugin MobilePatchingUtils
LogPluginManager: Mounting plugin OculusVR
LogPluginManager: Mounting plugin PhysXVehicles
LogPluginManager: Mounting plugin PostSplashScreen
LogPluginManager: Mounting plugin ProceduralMeshComponent
LogPluginManager: Mounting plugin RuntimePhysXCooking
LogPluginManager: Mounting plugin SignificanceManager
LogPluginManager: Mounting plugin SteamVR
LogPluginManager: Mounting plugin WebMMoviePlayer
LogPluginManager: Mounting plugin WindowsMoviePlayer
LogPluginManager: Mounting plugin ScreenshotTools
LogInit: Using libcurl 7.55.1-DEV
LogInit:  - built for x86_64-pc-win32
LogInit:  - supports SSL with OpenSSL/1.1.1
LogInit:  - supports HTTP deflate (compression) using libz 1.2.8
LogInit:  - other features:
LogInit:      CURL_VERSION_SSL
LogInit:      CURL_VERSION_LIBZ
LogInit:      CURL_VERSION_IPV6
LogInit:      CURL_VERSION_ASYNCHDNS
LogInit:      CURL_VERSION_LARGEFILE
LogInit:      CURL_VERSION_IDN
LogInit:  CurlRequestOptions (configurable via config and command line):
LogInit:  - bVerifyPeer = true  - Libcurl will verify peer certificate
LogInit:  - bUseHttpProxy = false  - Libcurl will NOT use HTTP proxy
LogInit:  - bDontReuseConnections = false  - Libcurl will reuse connections
LogInit:  - MaxHostConnections = 16  - Libcurl will limit the number of connections to a host
LogInit:  - LocalHostAddr = Default
LogInit:  - BufferSize = 65536
LogOnline: OSS: Creating online subsystem instance for: NULL
LogInit: WinSock: version 1.1 (2.2), MaxSocks=32767, MaxUdp=65467
LogOnline: OSS: TryLoadSubsystemAndSetDefault: Loaded subsystem for module [NULL]
LogInit: Build: ++UE4+Release-4.24-CL-11590370
LogInit: Engine Version: 4.24.3-11590370+++UE4+Release-4.24
LogInit: Compatible Engine Version: 4.24.0-10570792+++UE4+Release-4.24
LogInit: Net CL: 10570792
LogInit: OS: Windows 10 (Release 1909) (), CPU: Intel(R) Core(TM) i7-10710U CPU @ 1.10GHz, GPU: Trigger 6 External Graphics
LogInit: Compiled (64-bit): Feb 24 2020 15:39:18
LogInit: Compiled with Visual C++: 19.16.27032.01
LogInit: Build Configuration: Development
LogInit: Branch Name: ++UE4+Release-4.24
LogInit: Command Line: 
LogInit: Base Directory: C:/Program Files/Epic Games/UE_4.24/Engine/Binaries/Win64/
LogInit: Installed Engine Build: 1
LogDevObjectVersion: Number of dev versions registered: 25
LogDevObjectVersion:   Dev-Blueprints (B0D832E4-1F89-4F0D-ACCF-7EB736FD4AA2): 10
LogDevObjectVersion:   Dev-Build (E1C64328-A22C-4D53-A36C-8E866417BD8C): 0
LogDevObjectVersion:   Dev-Core (375EC13C-06E4-48FB-B500-84F0262A717E): 3
LogDevObjectVersion:   Dev-Editor (E4B068ED-F494-42E9-A231-DA0B2E46BB41): 37
LogDevObjectVersion:   Dev-Framework (CFFC743F-43B0-4480-9391-14DF171D2073): 36
LogDevObjectVersion:   Dev-Mobile (B02B49B5-BB20-44E9-A304-32B752E40360): 2
LogDevObjectVersion:   Dev-Networking (A4E4105C-59A1-49B5-A7C5-40C4547EDFEE): 0
LogDevObjectVersion:   Dev-Online (39C831C9-5AE6-47DC-9A44-9C173E1C8E7C): 0
LogDevObjectVersion:   Dev-Physics (78F01B33-EBEA-4F98-B9B4-84EACCB95AA2): 2
LogDevObjectVersion:   Dev-Platform (6631380F-2D4D-43E0-8009-CF276956A95A): 0
LogDevObjectVersion:   Dev-Rendering (12F88B9F-8875-4AFC-A67C-D90C383ABD29): 36
LogDevObjectVersion:   Dev-Sequencer (7B5AE74C-D270-4C10-A958-57980B212A5A): 11
LogDevObjectVersion:   Dev-VR (D7296918-1DD6-4BDD-9DE2-64A83CC13884): 2
LogDevObjectVersion:   Dev-LoadTimes (C2A15278-BFE7-4AFE-6C17-90FF531DF755): 1
LogDevObjectVersion:   Private-Geometry (6EACA3D4-40EC-4CC1-B786-8BED09428FC5): 3
LogDevObjectVersion:   Dev-AnimPhys (29E575DD-E0A3-4627-9D10-D276232CDCEA): 17
LogDevObjectVersion:   Dev-Anim (AF43A65D-7FD3-4947-9873-3E8ED9C1BB05): 2
LogDevObjectVersion:   Dev-ReflectionCapture (6B266CEC-1EC7-4B8F-A30B-E4D90942FC07): 1
LogDevObjectVersion:   Dev-Automation (0DF73D61-A23F-47EA-B727-89E90C41499A): 1
LogDevObjectVersion:   FortniteMain (601D1886-AC64-4F84-AA16-D3DE0DEAC7D6): 31
LogDevObjectVersion:   Dev-Enterprise (9DFFBCD6-494F-0158-E221-12823C92A888): 8
LogDevObjectVersion:   Dev-Niagara (F2AED0AC-9AFE-416F-8664-AA7FFA26D6FC): 1
LogDevObjectVersion:   Dev-Destruction (174F1F0B-B4C6-45A5-B13F-2EE8D0FB917D): 9
LogDevObjectVersion:   Dev-Physics-Ext (35F94A83-E258-406C-A318-09F59610247C): 8
LogDevObjectVersion:   Dev-CineCamera (B2E18506-4273-CFC2-A54E-F4BB758BBA07): 1
LogInit: Presizing for max 25165824 objects, including 0 objects not considered by GC, pre-allocating 0 bytes for permanent pool.
LogInit: Object subsystem initialized
LogConfig: Setting CVar [[con.DebugEarlyDefault:1]]
LogConfig: Setting CVar [[r.setres:1280x720]]
[2020.05.07-08.38.41:227][  0]LogConfig: Setting CVar [[r.VSync:0]]
[2020.05.07-08.38.41:227][  0]LogConfig: Setting CVar [[r.RHICmdBypass:0]]
[2020.05.07-08.38.41:227][  0]LogConfig: Applying CVar settings from Section [/Script/Engine.RendererSettings] File [C:/Users/FARHA/Desktop/FINAL_GAME!/CECS_343_project/Staying_Alive/Saved/Config/Windows/Engine.ini]
[2020.05.07-08.38.41:227][  0]LogConfig: Setting CVar [[r.GPUCrashDebugging:0]]
[2020.05.07-08.38.41:227][  0]LogConfig: Applying CVar settings from Section [/Script/Engine.RendererOverrideSettings] File [C:/Users/FARHA/Desktop/FINAL_GAME!/CECS_343_project/Staying_Alive/Saved/Config/Windows/Engine.ini]
[2020.05.07-08.38.41:227][  0]LogConfig: Applying CVar settings from Section [/Script/Engine.StreamingSettings] File [C:/Users/FARHA/Desktop/FINAL_GAME!/CECS_343_project/Staying_Alive/Saved/Config/Windows/Engine.ini]
[2020.05.07-08.38.41:227][  0]LogConfig: Setting CVar [[s.MinBulkDataSizeForAsyncLoading:131072]]
[2020.05.07-08.38.41:227][  0]LogConfig: Setting CVar [[s.AsyncLoadingThreadEnabled:0]]
[2020.05.07-08.38.41:227][  0]LogConfig: Setting CVar [[s.EventDrivenLoaderEnabled:1]]
[2020.05.07-08.38.41:227][  0]LogConfig: Setting CVar [[s.WarnIfTimeLimitExceeded:0]]
[2020.05.07-08.38.41:227][  0]LogConfig: Setting CVar [[s.TimeLimitExceededMultiplier:1.5]]
[2020.05.07-08.38.41:227][  0]LogConfig: Setting CVar [[s.TimeLimitExceededMinTime:0.005]]
[2020.05.07-08.38.41:227][  0]LogConfig: Setting CVar [[s.UseBackgroundLevelStreaming:1]]
[2020.05.07-08.38.41:227][  0]LogConfig: Setting CVar [[s.PriorityAsyncLoadingExtraTime:15.0]]
[2020.05.07-08.38.41:227][  0]LogConfig: Setting CVar [[s.LevelStreamingActorsUpdateTimeLimit:5.0]]
[2020.05.07-08.38.41:227][  0]LogConfig: Setting CVar [[s.PriorityLevelStreamingActorsUpdateExtraTime:5.0]]
[2020.05.07-08.38.41:227][  0]LogConfig: Setting CVar [[s.LevelStreamingComponentsRegistrationGranularity:10]]
[2020.05.07-08.38.41:227][  0]LogConfig: Setting CVar [[s.UnregisterComponentsTimeLimit:1.0]]
[2020.05.07-08.38.41:227][  0]LogConfig: Setting CVar [[s.LevelStreamingComponentsUnregistrationGranularity:5]]
[2020.05.07-08.38.41:227][  0]LogConfig: Setting CVar [[s.FlushStreamingOnExit:1]]
[2020.05.07-08.38.41:227][  0]LogConfig: Applying CVar settings from Section [/Script/Engine.GarbageCollectionSettings] File [C:/Users/FARHA/Desktop/FINAL_GAME!/CECS_343_project/Staying_Alive/Saved/Config/Windows/Engine.ini]
[2020.05.07-08.38.41:227][  0]LogConfig: Setting CVar [[gc.MaxObjectsNotConsideredByGC:1]]
[2020.05.07-08.38.41:227][  0]LogConfig: Setting CVar [[gc.SizeOfPermanentObjectPool:0]]
[2020.05.07-08.38.41:227][  0]LogConfig: Setting CVar [[gc.FlushStreamingOnGC:0]]
[2020.05.07-08.38.41:227][  0]LogConfig: Setting CVar [[gc.NumRetriesBeforeForcingGC:10]]
[2020.05.07-08.38.41:227][  0]LogConfig: Setting CVar [[gc.AllowParallelGC:1]]
[2020.05.07-08.38.41:227][  0]LogConfig: Setting CVar [[gc.TimeBetweenPurgingPendingKillObjects:61.1]]
[2020.05.07-08.38.41:227][  0]LogConfig: Setting CVar [[gc.MaxObjectsInEditor:25165824]]
[2020.05.07-08.38.41:227][  0]LogConfig: Setting CVar [[gc.IncrementalBeginDestroyEnabled:1]]
[2020.05.07-08.38.41:227][  0]LogConfig: Setting CVar [[gc.CreateGCClusters:1]]
[2020.05.07-08.38.41:227][  0]LogConfig: Setting CVar [[gc.MinGCClusterSize:5]]
[2020.05.07-08.38.41:227][  0]LogConfig: Setting CVar [[gc.ActorClusteringEnabled:0]]
[2020.05.07-08.38.41:227][  0]LogConfig: Setting CVar [[gc.BlueprintClusteringEnabled:0]]
[2020.05.07-08.38.41:227][  0]LogConfig: Setting CVar [[gc.UseDisregardForGCOnDedicatedServers:0]]
[2020.05.07-08.38.41:227][  0]LogConfig: Applying CVar settings from Section [/Script/Engine.NetworkSettings] File [C:/Users/FARHA/Desktop/FINAL_GAME!/CECS_343_project/Staying_Alive/Saved/Config/Windows/Engine.ini]
[2020.05.07-08.38.41:227][  0]LogConfig: Applying CVar settings from Section [/Script/UnrealEd.CookerSettings] File [C:/Users/FARHA/Desktop/FINAL_GAME!/CECS_343_project/Staying_Alive/Saved/Config/Windows/Engine.ini]
[2020.05.07-08.38.41:230][  0]LogConfig: Applying CVar settings from Section [ViewDistanceQuality@3] File [C:/Users/FARHA/Desktop/FINAL_GAME!/CECS_343_project/Staying_Alive/Saved/Config/Windows/Scalability.ini]
[2020.05.07-08.38.41:230][  0]LogConfig: Setting CVar [[r.SkeletalMeshLODBias:0]]
[2020.05.07-08.38.41:230][  0]LogConfig: Setting CVar [[r.ViewDistanceScale:1.0]]
[2020.05.07-08.38.41:230][  0]LogConfig: Applying CVar settings from Section [AntiAliasingQuality@3] File [C:/Users/FARHA/Desktop/FINAL_GAME!/CECS_343_project/Staying_Alive/Saved/Config/Windows/Scalability.ini]
[2020.05.07-08.38.41:230][  0]LogConfig: Setting CVar [[r.PostProcessAAQuality:4]]
[2020.05.07-08.38.41:230][  0]LogConfig: Applying CVar settings from Section [ShadowQuality@3] File [C:/Users/FARHA/Desktop/FINAL_GAME!/CECS_343_project/Staying_Alive/Saved/Config/Windows/Scalability.ini]
[2020.05.07-08.38.41:230][  0]LogConfig: Setting CVar [[r.LightFunctionQuality:1]]
[2020.05.07-08.38.41:230][  0]LogConfig: Setting CVar [[r.ShadowQuality:5]]
[2020.05.07-08.38.41:230][  0]LogConfig: Setting CVar [[r.Shadow.CSM.MaxCascades:10]]
[2020.05.07-08.38.41:230][  0]LogConfig: Setting CVar [[r.Shadow.MaxResolution:2048]]
[2020.05.07-08.38.41:230][  0]LogConfig: Setting CVar [[r.Shadow.MaxCSMResolution:2048]]
[2020.05.07-08.38.41:230][  0]LogConfig: Setting CVar [[r.Shadow.RadiusThreshold:0.01]]
[2020.05.07-08.38.41:230][  0]LogConfig: Setting CVar [[r.Shadow.DistanceScale:1.0]]
[2020.05.07-08.38.41:230][  0]LogConfig: Setting CVar [[r.Shadow.CSM.TransitionScale:1.0]]
[2020.05.07-08.38.41:230][  0]LogConfig: Setting CVar [[r.Shadow.PreShadowResolutionFactor:1.0]]
[2020.05.07-08.38.41:230][  0]LogConfig: Setting CVar [[r.DistanceFieldShadowing:1]]
[2020.05.07-08.38.41:230][  0]LogConfig: Setting CVar [[r.DistanceFieldAO:1]]
[2020.05.07-08.38.41:230][  0]LogConfig: Setting CVar [[r.AOQuality:2]]
[2020.05.07-08.38.41:230][  0]LogConfig: Setting CVar [[r.VolumetricFog:1]]
[2020.05.07-08.38.41:230][  0]LogConfig: Setting CVar [[r.VolumetricFog.GridPixelSize:8]]
[2020.05.07-08.38.41:230][  0]LogConfig: Setting CVar [[r.VolumetricFog.GridSizeZ:128]]
[2020.05.07-08.38.41:230][  0]LogConfig: Setting CVar [[r.VolumetricFog.HistoryMissSupersampleCount:4]]
[2020.05.07-08.38.41:230][  0]LogConfig: Setting CVar [[r.LightMaxDrawDistanceScale:1]]
[2020.05.07-08.38.41:230][  0]LogConfig: Setting CVar [[r.CapsuleShadows:1]]
[2020.05.07-08.38.41:230][  0]LogConfig: Applying CVar settings from Section [PostProcessQuality@3] File [C:/Users/FARHA/Desktop/FINAL_GAME!/CECS_343_project/Staying_Alive/Saved/Config/Windows/Scalability.ini]
[2020.05.07-08.38.41:230][  0]LogConfig: Setting CVar [[r.MotionBlurQuality:4]]
[2020.05.07-08.38.41:230][  0]LogConfig: Setting CVar [[r.AmbientOcclusionMipLevelFactor:0.4]]
[2020.05.07-08.38.41:230][  0]LogConfig: Setting CVar [[r.AmbientOcclusionMaxQuality:100]]
[2020.05.07-08.38.41:230][  0]LogConfig: Setting CVar [[r.AmbientOcclusionLevels:-1]]
[2020.05.07-08.38.41:230][  0]LogConfig: Setting CVar [[r.AmbientOcclusionRadiusScale:1.0]]
[2020.05.07-08.38.41:230][  0]LogConfig: Setting CVar [[r.DepthOfFieldQuality:2]]
[2020.05.07-08.38.41:230][  0]LogConfig: Setting CVar [[r.RenderTargetPoolMin:400]]
[2020.05.07-08.38.41:230][  0]LogConfig: Setting CVar [[r.LensFlareQuality:2]]
[2020.05.07-08.38.41:230][  0]LogConfig: Setting CVar [[r.SceneColorFringeQuality:1]]
[2020.05.07-08.38.41:230][  0]LogConfig: Setting CVar [[r.EyeAdaptationQuality:2]]
[2020.05.07-08.38.41:230][  0]LogConfig: Setting CVar [[r.BloomQuality:5]]
[2020.05.07-08.38.41:230][  0]LogConfig: Setting CVar [[r.FastBlurThreshold:100]]
[2020.05.07-08.38.41:230][  0]LogConfig: Setting CVar [[r.Upscale.Quality:3]]
[2020.05.07-08.38.41:230][  0]LogConfig: Setting CVar [[r.Tonemapper.GrainQuantization:1]]
[2020.05.07-08.38.41:230][  0]LogConfig: Setting CVar [[r.LightShaftQuality:1]]
[2020.05.07-08.38.41:230][  0]LogConfig: Setting CVar [[r.Filter.SizeScale:1]]
[2020.05.07-08.38.41:230][  0]LogConfig: Setting CVar [[r.Tonemapper.Quality:5]]
[2020.05.07-08.38.41:230][  0]LogConfig: Setting CVar [[r.DOF.Gather.AccumulatorQuality:1        ; higher gathering accumulator quality]]
[2020.05.07-08.38.41:230][  0]LogConfig: Setting CVar [[r.DOF.Gather.PostfilterMethod:1          ; Median3x3 postfilering method]]
[2020.05.07-08.38.41:230][  0]LogConfig: Setting CVar [[r.DOF.Gather.EnableBokehSettings:0       ; no bokeh simulation when gathering]]
[2020.05.07-08.38.41:230][  0]LogConfig: Setting CVar [[r.DOF.Gather.RingCount:4                 ; medium number of samples when gathering]]
[2020.05.07-08.38.41:230][  0]LogConfig: Setting CVar [[r.DOF.Scatter.ForegroundCompositing:1    ; additive foreground scattering]]
[2020.05.07-08.38.41:230][  0]LogConfig: Setting CVar [[r.DOF.Scatter.BackgroundCompositing:2    ; additive background scattering]]
[2020.05.07-08.38.41:230][  0]LogConfig: Setting CVar [[r.DOF.Scatter.EnableBokehSettings:1      ; bokeh simulation when scattering]]
[2020.05.07-08.38.41:230][  0]LogConfig: Setting CVar [[r.DOF.Scatter.MaxSpriteRatio:0.1         ; only a maximum of 10% of scattered bokeh]]
[2020.05.07-08.38.41:230][  0]LogConfig: Setting CVar [[r.DOF.Recombine.Quality:1                ; cheap slight out of focus]]
[2020.05.07-08.38.41:230][  0]LogConfig: Setting CVar [[r.DOF.Recombine.EnableBokehSettings:0    ; no bokeh simulation on slight out of focus]]
[2020.05.07-08.38.41:231][  0]LogConfig: Setting CVar [[r.DOF.TemporalAAQuality:1                ; more stable temporal accumulation]]
[2020.05.07-08.38.41:231][  0]LogConfig: Setting CVar [[r.DOF.Kernel.MaxForegroundRadius:0.025]]
[2020.05.07-08.38.41:231][  0]LogConfig: Setting CVar [[r.DOF.Kernel.MaxBackgroundRadius:0.025]]
[2020.05.07-08.38.41:231][  0]LogConfig: Applying CVar settings from Section [TextureQuality@3] File [C:/Users/FARHA/Desktop/FINAL_GAME!/CECS_343_project/Staying_Alive/Saved/Config/Windows/Scalability.ini]
[2020.05.07-08.38.41:231][  0]LogConfig: Setting CVar [[r.Streaming.MipBias:0]]
[2020.05.07-08.38.41:231][  0]LogConfig: Setting CVar [[r.Streaming.AmortizeCPUToGPUCopy:0]]
[2020.05.07-08.38.41:231][  0]LogConfig: Setting CVar [[r.Streaming.MaxNumTexturesToStreamPerFrame:0]]
[2020.05.07-08.38.41:231][  0]LogConfig: Setting CVar [[r.Streaming.Boost:1]]
[2020.05.07-08.38.41:231][  0]LogConfig: Setting CVar [[r.MaxAnisotropy:8]]
[2020.05.07-08.38.41:231][  0]LogConfig: Setting CVar [[r.VT.MaxAnisotropy:8]]
[2020.05.07-08.38.41:231][  0]LogConfig: Setting CVar [[r.Streaming.LimitPoolSizeToVRAM:0]]
[2020.05.07-08.38.41:231][  0]LogConfig: Setting CVar [[r.Streaming.PoolSize:1000]]
[2020.05.07-08.38.41:231][  0]LogConfig: Setting CVar [[r.Streaming.MaxEffectiveScreenSize:0]]
[2020.05.07-08.38.41:231][  0]LogConfig: Applying CVar settings from Section [EffectsQuality@3] File [C:/Users/FARHA/Desktop/FINAL_GAME!/CECS_343_project/Staying_Alive/Saved/Config/Windows/Scalability.ini]
[2020.05.07-08.38.41:231][  0]LogConfig: Setting CVar [[r.TranslucencyLightingVolumeDim:64]]
[2020.05.07-08.38.41:231][  0]LogConfig: Setting CVar [[r.RefractionQuality:2]]
[2020.05.07-08.38.41:231][  0]LogConfig: Setting CVar [[r.SSR.Quality:3]]
[2020.05.07-08.38.41:231][  0]LogConfig: Setting CVar [[r.SSR.HalfResSceneColor:0]]
[2020.05.07-08.38.41:231][  0]LogConfig: Setting CVar [[r.SceneColorFormat:4]]
[2020.05.07-08.38.41:231][  0]LogConfig: Setting CVar [[r.DetailMode:2]]
[2020.05.07-08.38.41:231][  0]LogConfig: Setting CVar [[r.TranslucencyVolumeBlur:1]]
[2020.05.07-08.38.41:231][  0]LogConfig: Setting CVar [[r.MaterialQualityLevel:1 ; High quality]]
[2020.05.07-08.38.41:231][  0]LogConfig: Setting CVar [[r.SSS.Scale:1]]
[2020.05.07-08.38.41:231][  0]LogConfig: Setting CVar [[r.SSS.SampleSet:2]]
[2020.05.07-08.38.41:231][  0]LogConfig: Setting CVar [[r.SSS.Quality:1]]
[2020.05.07-08.38.41:231][  0]LogConfig: Setting CVar [[r.SSS.HalfRes:1]]
[2020.05.07-08.38.41:231][  0]LogConfig: Setting CVar [[r.SSGI.Quality:3]]
[2020.05.07-08.38.41:231][  0]LogConfig: Setting CVar [[r.EmitterSpawnRateScale:1.0]]
[2020.05.07-08.38.41:231][  0]LogConfig: Setting CVar [[r.ParticleLightQuality:2]]
[2020.05.07-08.38.41:231][  0]LogConfig: Setting CVar [[r.SkyAtmosphere.AerialPerspectiveLUT.FastApplyOnOpaque:1 ; Always have FastSkyLUT 1 in this case to avoid wrong sky]]
[2020.05.07-08.38.41:231][  0]LogConfig: Setting CVar [[r.SkyAtmosphere.AerialPerspectiveLUT.SampleCountPerSlice:1]]
[2020.05.07-08.38.41:231][  0]LogConfig: Setting CVar [[r.SkyAtmosphere.AerialPerspectiveLUT.DepthResolution:16.0]]
[2020.05.07-08.38.41:231][  0]LogConfig: Setting CVar [[r.SkyAtmosphere.FastSkyLUT:1]]
[2020.05.07-08.38.41:231][  0]LogConfig: Setting CVar [[r.SkyAtmosphere.FastSkyLUT.SampleCountMin:4.0]]
[2020.05.07-08.38.41:231][  0]LogConfig: Setting CVar [[r.SkyAtmosphere.FastSkyLUT.SampleCountMax:32.0]]
[2020.05.07-08.38.41:231][  0]LogConfig: Setting CVar [[r.SkyAtmosphere.SampleCountMin:4.0]]
[2020.05.07-08.38.41:231][  0]LogConfig: Setting CVar [[r.SkyAtmosphere.SampleCountMax:32.0]]
[2020.05.07-08.38.41:231][  0]LogConfig: Setting CVar [[r.SkyAtmosphere.TransmittanceLUT.UseSmallFormat:0]]
[2020.05.07-08.38.41:231][  0]LogConfig: Setting CVar [[r.SkyAtmosphere.TransmittanceLUT.SampleCount:10.0]]
[2020.05.07-08.38.41:231][  0]LogConfig: Setting CVar [[r.SkyAtmosphere.MultiScatteringLUT.SampleCount:15.0]]
[2020.05.07-08.38.41:231][  0]LogConfig: Applying CVar settings from Section [FoliageQuality@3] File [C:/Users/FARHA/Desktop/FINAL_GAME!/CECS_343_project/Staying_Alive/Saved/Config/Windows/Scalability.ini]
[2020.05.07-08.38.41:231][  0]LogConfig: Setting CVar [[foliage.DensityScale:1.0]]
[2020.05.07-08.38.41:231][  0]LogConfig: Setting CVar [[grass.DensityScale:1.0]]
[2020.05.07-08.38.41:231][  0]LogConfig: Applying CVar settings from Section [ShadingQuality@3] File [C:/Users/FARHA/Desktop/FINAL_GAME!/CECS_343_project/Staying_Alive/Saved/Config/Windows/Scalability.ini]
[2020.05.07-08.38.41:231][  0]LogConfig: Setting CVar [[r.HairStrands.SkyLighting.SampleCount:16]]
[2020.05.07-08.38.41:231][  0]LogConfig: Setting CVar [[r.HairStrands.SkyLighting.JitterIntegration:0]]
[2020.05.07-08.38.41:231][  0]LogConfig: Setting CVar [[r.HairStrands.SkyAO.SampleCount:16]]
[2020.05.07-08.38.41:231][  0]LogInit: Selected Device Profile: [Windows]
[2020.05.07-08.38.41:231][  0]LogInit: Applying CVar settings loaded from the selected device profile: [Windows]
[2020.05.07-08.38.41:233][  0]LogHAL: Display: Platform has ~ 16 GB [16923611136 / 17179869184 / 16], which maps to Larger [LargestMinGB=32, LargerMinGB=12, DefaultMinGB=8, SmallerMinGB=6, SmallestMinGB=0)
[2020.05.07-08.38.41:233][  0]LogInit: Going up to parent DeviceProfile []
[2020.05.07-08.38.41:233][  0]LogConfig: Applying CVar settings from Section [ViewDistanceQuality@3] File [C:/Users/FARHA/Desktop/FINAL_GAME!/CECS_343_project/Staying_Alive/Saved/Config/Windows/Scalability.ini]
[2020.05.07-08.38.41:233][  0]LogConfig: Setting CVar [[r.SkeletalMeshLODBias:0]]
[2020.05.07-08.38.41:233][  0]LogConfig: Setting CVar [[r.ViewDistanceScale:1.0]]
[2020.05.07-08.38.41:233][  0]LogConfig: Applying CVar settings from Section [AntiAliasingQuality@3] File [C:/Users/FARHA/Desktop/FINAL_GAME!/CECS_343_project/Staying_Alive/Saved/Config/Windows/Scalability.ini]
[2020.05.07-08.38.41:233][  0]LogConfig: Setting CVar [[r.PostProcessAAQuality:4]]
[2020.05.07-08.38.41:233][  0]LogConfig: Applying CVar settings from Section [ShadowQuality@3] File [C:/Users/FARHA/Desktop/FINAL_GAME!/CECS_343_project/Staying_Alive/Saved/Config/Windows/Scalability.ini]
[2020.05.07-08.38.41:233][  0]LogConfig: Setting CVar [[r.LightFunctionQuality:1]]
[2020.05.07-08.38.41:233][  0]LogConfig: Setting CVar [[r.ShadowQuality:5]]
[2020.05.07-08.38.41:233][  0]LogConfig: Setting CVar [[r.Shadow.CSM.MaxCascades:10]]
[2020.05.07-08.38.41:233][  0]LogConfig: Setting CVar [[r.Shadow.MaxResolution:2048]]
[2020.05.07-08.38.41:233][  0]LogConfig: Setting CVar [[r.Shadow.MaxCSMResolution:2048]]
[2020.05.07-08.38.41:233][  0]LogConfig: Setting CVar [[r.Shadow.RadiusThreshold:0.01]]
[2020.05.07-08.38.41:233][  0]LogConfig: Setting CVar [[r.Shadow.DistanceScale:1.0]]
[2020.05.07-08.38.41:233][  0]LogConfig: Setting CVar [[r.Shadow.CSM.TransitionScale:1.0]]
[2020.05.07-08.38.41:233][  0]LogConfig: Setting CVar [[r.Shadow.PreShadowResolutionFactor:1.0]]
[2020.05.07-08.38.41:233][  0]LogConfig: Setting CVar [[r.DistanceFieldShadowing:1]]
[2020.05.07-08.38.41:233][  0]LogConfig: Setting CVar [[r.DistanceFieldAO:1]]
[2020.05.07-08.38.41:233][  0]LogConfig: Setting CVar [[r.AOQuality:2]]
[2020.05.07-08.38.41:233][  0]LogConfig: Setting CVar [[r.VolumetricFog:1]]
[2020.05.07-08.38.41:233][  0]LogConfig: Setting CVar [[r.VolumetricFog.GridPixelSize:8]]
[2020.05.07-08.38.41:234][  0]LogConfig: Setting CVar [[r.VolumetricFog.GridSizeZ:128]]
[2020.05.07-08.38.41:234][  0]LogConfig: Setting CVar [[r.VolumetricFog.HistoryMissSupersampleCount:4]]
[2020.05.07-08.38.41:234][  0]LogConfig: Setting CVar [[r.LightMaxDrawDistanceScale:1]]
[2020.05.07-08.38.41:234][  0]LogConfig: Setting CVar [[r.CapsuleShadows:1]]
[2020.05.07-08.38.41:234][  0]LogConfig: Applying CVar settings from Section [PostProcessQuality@3] File [C:/Users/FARHA/Desktop/FINAL_GAME!/CECS_343_project/Staying_Alive/Saved/Config/Windows/Scalability.ini]
[2020.05.07-08.38.41:234][  0]LogConfig: Setting CVar [[r.MotionBlurQuality:4]]
[2020.05.07-08.38.41:234][  0]LogConfig: Setting CVar [[r.AmbientOcclusionMipLevelFactor:0.4]]
[2020.05.07-08.38.41:234][  0]LogConfig: Setting CVar [[r.AmbientOcclusionMaxQuality:100]]
[2020.05.07-08.38.41:234][  0]LogConfig: Setting CVar [[r.AmbientOcclusionLevels:-1]]
[2020.05.07-08.38.41:234][  0]LogConfig: Setting CVar [[r.AmbientOcclusionRadiusScale:1.0]]
[2020.05.07-08.38.41:234][  0]LogConfig: Setting CVar [[r.DepthOfFieldQuality:2]]
[2020.05.07-08.38.41:234][  0]LogConfig: Setting CVar [[r.RenderTargetPoolMin:400]]
[2020.05.07-08.38.41:234][  0]LogConfig: Setting CVar [[r.LensFlareQuality:2]]
[2020.05.07-08.38.41:234][  0]LogConfig: Setting CVar [[r.SceneColorFringeQuality:1]]
[2020.05.07-08.38.41:234][  0]LogConfig: Setting CVar [[r.EyeAdaptationQuality:2]]
[2020.05.07-08.38.41:234][  0]LogConfig: Setting CVar [[r.BloomQuality:5]]
[2020.05.07-08.38.41:234][  0]LogConfig: Setting CVar [[r.FastBlurThreshold:100]]
[2020.05.07-08.38.41:234][  0]LogConfig: Setting CVar [[r.Upscale.Quality:3]]
[2020.05.07-08.38.41:234][  0]LogConfig: Setting CVar [[r.Tonemapper.GrainQuantization:1]]
[2020.05.07-08.38.41:234][  0]LogConfig: Setting CVar [[r.LightShaftQuality:1]]
[2020.05.07-08.38.41:234][  0]LogConfig: Setting CVar [[r.Filter.SizeScale:1]]
[2020.05.07-08.38.41:234][  0]LogConfig: Setting CVar [[r.Tonemapper.Quality:5]]
[2020.05.07-08.38.41:234][  0]LogConfig: Setting CVar [[r.DOF.Gather.AccumulatorQuality:1        ; higher gathering accumulator quality]]
[2020.05.07-08.38.41:234][  0]LogConfig: Setting CVar [[r.DOF.Gather.PostfilterMethod:1          ; Median3x3 postfilering method]]
[2020.05.07-08.38.41:234][  0]LogConfig: Setting CVar [[r.DOF.Gather.EnableBokehSettings:0       ; no bokeh simulation when gathering]]
[2020.05.07-08.38.41:234][  0]LogConfig: Setting CVar [[r.DOF.Gather.RingCount:4                 ; medium number of samples when gathering]]
[2020.05.07-08.38.41:234][  0]LogConfig: Setting CVar [[r.DOF.Scatter.ForegroundCompositing:1    ; additive foreground scattering]]
[2020.05.07-08.38.41:234][  0]LogConfig: Setting CVar [[r.DOF.Scatter.BackgroundCompositing:2    ; additive background scattering]]
[2020.05.07-08.38.41:234][  0]LogConfig: Setting CVar [[r.DOF.Scatter.EnableBokehSettings:1      ; bokeh simulation when scattering]]
[2020.05.07-08.38.41:234][  0]LogConfig: Setting CVar [[r.DOF.Scatter.MaxSpriteRatio:0.1         ; only a maximum of 10% of scattered bokeh]]
[2020.05.07-08.38.41:234][  0]LogConfig: Setting CVar [[r.DOF.Recombine.Quality:1                ; cheap slight out of focus]]
[2020.05.07-08.38.41:234][  0]LogConfig: Setting CVar [[r.DOF.Recombine.EnableBokehSettings:0    ; no bokeh simulation on slight out of focus]]
[2020.05.07-08.38.41:234][  0]LogConfig: Setting CVar [[r.DOF.TemporalAAQuality:1                ; more stable temporal accumulation]]
[2020.05.07-08.38.41:234][  0]LogConfig: Setting CVar [[r.DOF.Kernel.MaxForegroundRadius:0.025]]
[2020.05.07-08.38.41:234][  0]LogConfig: Setting CVar [[r.DOF.Kernel.MaxBackgroundRadius:0.025]]
[2020.05.07-08.38.41:234][  0]LogConfig: Applying CVar settings from Section [TextureQuality@3] File [C:/Users/FARHA/Desktop/FINAL_GAME!/CECS_343_project/Staying_Alive/Saved/Config/Windows/Scalability.ini]
[2020.05.07-08.38.41:234][  0]LogConfig: Setting CVar [[r.Streaming.MipBias:0]]
[2020.05.07-08.38.41:234][  0]LogConfig: Setting CVar [[r.Streaming.AmortizeCPUToGPUCopy:0]]
[2020.05.07-08.38.41:234][  0]LogConfig: Setting CVar [[r.Streaming.MaxNumTexturesToStreamPerFrame:0]]
[2020.05.07-08.38.41:234][  0]LogConfig: Setting CVar [[r.Streaming.Boost:1]]
[2020.05.07-08.38.41:234][  0]LogConfig: Setting CVar [[r.MaxAnisotropy:8]]
[2020.05.07-08.38.41:234][  0]LogConfig: Setting CVar [[r.VT.MaxAnisotropy:8]]
[2020.05.07-08.38.41:234][  0]LogConfig: Setting CVar [[r.Streaming.LimitPoolSizeToVRAM:0]]
[2020.05.07-08.38.41:234][  0]LogConfig: Setting CVar [[r.Streaming.PoolSize:1000]]
[2020.05.07-08.38.41:234][  0]LogConfig: Setting CVar [[r.Streaming.MaxEffectiveScreenSize:0]]
[2020.05.07-08.38.41:234][  0]LogConfig: Applying CVar settings from Section [EffectsQuality@3] File [C:/Users/FARHA/Desktop/FINAL_GAME!/CECS_343_project/Staying_Alive/Saved/Config/Windows/Scalability.ini]
[2020.05.07-08.38.41:234][  0]LogConfig: Setting CVar [[r.TranslucencyLightingVolumeDim:64]]
[2020.05.07-08.38.41:234][  0]LogConfig: Setting CVar [[r.RefractionQuality:2]]
[2020.05.07-08.38.41:234][  0]LogConfig: Setting CVar [[r.SSR.Quality:3]]
[2020.05.07-08.38.41:234][  0]LogConfig: Setting CVar [[r.SSR.HalfResSceneColor:0]]
[2020.05.07-08.38.41:234][  0]LogConfig: Setting CVar [[r.SceneColorFormat:4]]
[2020.05.07-08.38.41:234][  0]LogConfig: Setting CVar [[r.DetailMode:2]]
[2020.05.07-08.38.41:234][  0]LogConfig: Setting CVar [[r.TranslucencyVolumeBlur:1]]
[2020.05.07-08.38.41:234][  0]LogConfig: Setting CVar [[r.MaterialQualityLevel:1 ; High quality]]
[2020.05.07-08.38.41:234][  0]LogConfig: Setting CVar [[r.SSS.Scale:1]]
[2020.05.07-08.38.41:234][  0]LogConfig: Setting CVar [[r.SSS.SampleSet:2]]
[2020.05.07-08.38.41:234][  0]LogConfig: Setting CVar [[r.SSS.Quality:1]]
[2020.05.07-08.38.41:234][  0]LogConfig: Setting CVar [[r.SSS.HalfRes:1]]
[2020.05.07-08.38.41:234][  0]LogConfig: Setting CVar [[r.SSGI.Quality:3]]
[2020.05.07-08.38.41:234][  0]LogConfig: Setting CVar [[r.EmitterSpawnRateScale:1.0]]
[2020.05.07-08.38.41:234][  0]LogConfig: Setting CVar [[r.ParticleLightQuality:2]]
[2020.05.07-08.38.41:234][  0]LogConfig: Setting CVar [[r.SkyAtmosphere.AerialPerspectiveLUT.FastApplyOnOpaque:1 ; Always have FastSkyLUT 1 in this case to avoid wrong sky]]
[2020.05.07-08.38.41:234][  0]LogConfig: Setting CVar [[r.SkyAtmosphere.AerialPerspectiveLUT.SampleCountPerSlice:1]]
[2020.05.07-08.38.41:234][  0]LogConfig: Setting CVar [[r.SkyAtmosphere.AerialPerspectiveLUT.DepthResolution:16.0]]
[2020.05.07-08.38.41:234][  0]LogConfig: Setting CVar [[r.SkyAtmosphere.FastSkyLUT:1]]
[2020.05.07-08.38.41:234][  0]LogConfig: Setting CVar [[r.SkyAtmosphere.FastSkyLUT.SampleCountMin:4.0]]
[2020.05.07-08.38.41:234][  0]LogConfig: Setting CVar [[r.SkyAtmosphere.FastSkyLUT.SampleCountMax:32.0]]
[2020.05.07-08.38.41:234][  0]LogConfig: Setting CVar [[r.SkyAtmosphere.SampleCountMin:4.0]]
[2020.05.07-08.38.41:234][  0]LogConfig: Setting CVar [[r.SkyAtmosphere.SampleCountMax:32.0]]
[2020.05.07-08.38.41:234][  0]LogConfig: Setting CVar [[r.SkyAtmosphere.TransmittanceLUT.UseSmallFormat:0]]
[2020.05.07-08.38.41:234][  0]LogConfig: Setting CVar [[r.SkyAtmosphere.TransmittanceLUT.SampleCount:10.0]]
[2020.05.07-08.38.41:234][  0]LogConfig: Setting CVar [[r.SkyAtmosphere.MultiScatteringLUT.SampleCount:15.0]]
[2020.05.07-08.38.41:234][  0]LogConfig: Applying CVar settings from Section [FoliageQuality@3] File [C:/Users/FARHA/Desktop/FINAL_GAME!/CECS_343_project/Staying_Alive/Saved/Config/Windows/Scalability.ini]
[2020.05.07-08.38.41:234][  0]LogConfig: Setting CVar [[foliage.DensityScale:1.0]]
[2020.05.07-08.38.41:234][  0]LogConfig: Setting CVar [[grass.DensityScale:1.0]]
[2020.05.07-08.38.41:234][  0]LogConfig: Applying CVar settings from Section [ShadingQuality@3] File [C:/Users/FARHA/Desktop/FINAL_GAME!/CECS_343_project/Staying_Alive/Saved/Config/Windows/Scalability.ini]
[2020.05.07-08.38.41:234][  0]LogConfig: Setting CVar [[r.HairStrands.SkyLighting.SampleCount:16]]
[2020.05.07-08.38.41:234][  0]LogConfig: Setting CVar [[r.HairStrands.SkyLighting.JitterIntegration:0]]
[2020.05.07-08.38.41:234][  0]LogConfig: Setting CVar [[r.HairStrands.SkyAO.SampleCount:16]]
[2020.05.07-08.38.41:234][  0]LogConfig: Applying CVar settings from Section [Startup] File [../../../Engine/Config/ConsoleVariables.ini]
[2020.05.07-08.38.41:235][  0]LogConfig: Setting CVar [[net.UseAdaptiveNetUpdateFrequency:0]]
[2020.05.07-08.38.41:235][  0]LogConfig: Setting CVar [[p.chaos.AllowCreatePhysxBodies:1]]
[2020.05.07-08.38.41:235][  0]LogConfig: Applying CVar settings from Section [ConsoleVariables] File [C:/Users/FARHA/Desktop/FINAL_GAME!/CECS_343_project/Staying_Alive/Saved/Config/Windows/Engine.ini]
[2020.05.07-08.38.41:235][  0]LogInit: Computer: LAPTOP-ZAYNAB
[2020.05.07-08.38.41:235][  0]LogInit: User: FARHA
[2020.05.07-08.38.41:235][  0]LogInit: CPU Page size=4096, Cores=6
[2020.05.07-08.38.41:235][  0]LogInit: High frequency timer resolution =10.000000 MHz
[2020.05.07-08.38.41:235][  0]LogMemory: Memory total: Physical=15.8GB (16GB approx)
[2020.05.07-08.38.41:235][  0]LogMemory: Platform Memory Stats for Windows
[2020.05.07-08.38.41:235][  0]LogMemory: Process Physical Memory: 106.04 MB used, 106.04 MB peak
[2020.05.07-08.38.41:235][  0]LogMemory: Process Virtual Memory: 101.64 MB used, 101.64 MB peak
[2020.05.07-08.38.41:235][  0]LogMemory: Physical Memory: 6965.71 MB used,  9173.91 MB free, 16139.61 MB total
[2020.05.07-08.38.41:235][  0]LogMemory: Virtual Memory: 5159.29 MB used,  134212568.00 MB free, 134217728.00 MB total
[2020.05.07-08.38.41:236][  0]LogWindows: WindowsPlatformFeatures enabled
[2020.05.07-08.38.41:251][  0]LogInit: Using OS detected language (en-US).
[2020.05.07-08.38.41:251][  0]LogInit: Using OS detected locale (en-US).
[2020.05.07-08.38.41:252][  0]LogTextLocalizationManager: No specific localization for 'en-US' exists, so the 'en' localization will be used.
[2020.05.07-08.38.41:380][  0]LogInit: Setting process to per monitor DPI aware
[2020.05.07-08.38.41:405][  0]LogSlate: New Slate User Created.  User Index 0, Is Virtual User: 0
[2020.05.07-08.38.41:405][  0]LogSlate: Slate User Registered.  User Index 0, Is Virtual User: 0
[2020.05.07-08.38.41:514][  0]LogHMD: Failed to initialize OpenVR with code 110
[2020.05.07-08.38.41:514][  0]LogD3D11RHI: D3D11 min allowed feature level: 11_0
[2020.05.07-08.38.41:514][  0]LogD3D11RHI: D3D11 max allowed feature level: 11_0
[2020.05.07-08.38.41:514][  0]LogD3D11RHI: D3D11 adapters:
[2020.05.07-08.38.41:585][  0]LogD3D11RHI:    0. 'Intel(R) UHD Graphics' (Feature Level 11_0)
[2020.05.07-08.38.41:585][  0]LogD3D11RHI:       128/0/8069 MB DedicatedVideo/DedicatedSystem/SharedSystem, Outputs:1, VendorId:0x8086
[2020.05.07-08.38.41:587][  0]LogD3D11RHI:    1. 'Microsoft Basic Render Driver' (Feature Level 11_0)
[2020.05.07-08.38.41:587][  0]LogD3D11RHI:       0/0/8069 MB DedicatedVideo/DedicatedSystem/SharedSystem, Outputs:0, VendorId:0x1414
[2020.05.07-08.38.41:588][  0]LogD3D11RHI:    2. 'Microsoft Basic Render Driver' (Feature Level 11_0)
[2020.05.07-08.38.41:589][  0]LogD3D11RHI:       0/0/8069 MB DedicatedVideo/DedicatedSystem/SharedSystem, Outputs:0, VendorId:0x1414
[2020.05.07-08.38.41:589][  0]LogD3D11RHI: Chosen D3D11 Adapter: 0
[2020.05.07-08.38.41:595][  0]LogD3D11RHI: Creating new Direct3DDevice
[2020.05.07-08.38.41:595][  0]LogD3D11RHI:     GPU DeviceId: 0x9bca (for the marketing name, search the web for "GPU Device Id")
[2020.05.07-08.38.41:595][  0]LogWindows: EnumDisplayDevices:
[2020.05.07-08.38.41:596][  0]LogWindows:    0. 'Intel(R) UHD Graphics' (P:0 D:0)
[2020.05.07-08.38.41:596][  0]LogWindows:    1. 'Intel(R) UHD Graphics' (P:0 D:0)
[2020.05.07-08.38.41:596][  0]LogWindows:    2. 'Intel(R) UHD Graphics' (P:0 D:0)
[2020.05.07-08.38.41:596][  0]LogWindows:    3. 'Trigger 6 External Graphics' (P:1 D:1)
[2020.05.07-08.38.41:596][  0]LogWindows:    4. 'Trigger 6 External Graphics' (P:0 D:0)
[2020.05.07-08.38.41:596][  0]LogWindows: DebugString: GetVideoDriverDetailsInvalid PrimaryIsNotTheChoosenAdapter GetVideoDriverDetailsInvalid PrimaryIsNotTheChoosenAdapter FoundDriverCount:3 
[2020.05.07-08.38.41:596][  0]LogD3D11RHI:     Adapter Name: Intel(R) UHD Graphics
[2020.05.07-08.38.41:596][  0]LogD3D11RHI:   Driver Version: 26.20.100.7985 (internal:26.20.100.7985, unified:26.20.100.7985)
[2020.05.07-08.38.41:596][  0]LogD3D11RHI:      Driver Date: 3-9-2020
[2020.05.07-08.38.41:596][  0]LogRHI: Texture pool is 1523 MB (70% of 2176 MB)
[2020.05.07-08.38.41:701][  0]LogD3D11RHI: RHI does not have support for 64 bit atomics
[2020.05.07-08.38.41:701][  0]LogD3D11RHI: [IntelMetricsDiscovery] Started
[2020.05.07-08.38.41:701][  0]LogD3D11RHI: Async texture creation enabled
[2020.05.07-08.38.41:705][  0]LogD3D11RHI: GPU Timing Frequency: 12.000048 (Debug: 2 0)
[2020.05.07-08.38.41:921][  0]LogTargetPlatformManager: Display: Loaded TargetPlatform 'AllDesktop'
[2020.05.07-08.38.41:947][  0]LogTargetPlatformManager: Display: Loaded TargetPlatform 'Android'
[2020.05.07-08.38.41:947][  0]LogTargetPlatformManager: Display: Loaded TargetPlatform 'Android_ASTC'
[2020.05.07-08.38.41:947][  0]LogTargetPlatformManager: Display: Loaded TargetPlatform 'Android_ATC'
[2020.05.07-08.38.41:947][  0]LogTargetPlatformManager: Display: Loaded TargetPlatform 'Android_DXT'
[2020.05.07-08.38.41:947][  0]LogTargetPlatformManager: Display: Loaded TargetPlatform 'Android_ETC1'
[2020.05.07-08.38.41:947][  0]LogTargetPlatformManager: Display: Loaded TargetPlatform 'Android_ETC1a'
[2020.05.07-08.38.41:947][  0]LogTargetPlatformManager: Display: Loaded TargetPlatform 'Android_ETC2'
[2020.05.07-08.38.41:947][  0]LogTargetPlatformManager: Display: Loaded TargetPlatform 'Android_PVRTC'
[2020.05.07-08.38.41:947][  0]LogTargetPlatformManager: Display: Loaded TargetPlatform 'AndroidClient'
[2020.05.07-08.38.41:947][  0]LogTargetPlatformManager: Display: Loaded TargetPlatform 'Android_ASTCClient'
[2020.05.07-08.38.41:947][  0]LogTargetPlatformManager: Display: Loaded TargetPlatform 'Android_ATCClient'
[2020.05.07-08.38.41:947][  0]LogTargetPlatformManager: Display: Loaded TargetPlatform 'Android_DXTClient'
[2020.05.07-08.38.41:947][  0]LogTargetPlatformManager: Display: Loaded TargetPlatform 'Android_ETC1Client'
[2020.05.07-08.38.41:948][  0]LogTargetPlatformManager: Display: Loaded TargetPlatform 'Android_ETC1aClient'
[2020.05.07-08.38.41:948][  0]LogTargetPlatformManager: Display: Loaded TargetPlatform 'Android_ETC2Client'
[2020.05.07-08.38.41:948][  0]LogTargetPlatformManager: Display: Loaded TargetPlatform 'Android_PVRTCClient'
[2020.05.07-08.38.41:948][  0]LogTargetPlatformManager: Display: Loaded TargetPlatform 'Android_Multi'
[2020.05.07-08.38.41:948][  0]LogTargetPlatformManager: Display: Loaded TargetPlatform 'Android_MultiClient'
[2020.05.07-08.38.41:963][  0]LogTargetPlatformManager: Display: Loaded TargetPlatform 'IOSClient'
[2020.05.07-08.38.41:963][  0]LogTargetPlatformManager: Display: Loaded TargetPlatform 'IOS'
[2020.05.07-08.38.41:969][  0]LogTargetPlatformManager: Display: Loaded TargetPlatform 'LinuxNoEditor'
[2020.05.07-08.38.41:975][  0]LogTargetPlatformManager: Display: Loaded TargetPlatform 'LinuxClient'
[2020.05.07-08.38.41:981][  0]LogTargetPlatformManager: Display: Loaded TargetPlatform 'LinuxServer'
[2020.05.07-08.38.41:987][  0]LogTargetPlatformManager: Display: Loaded TargetPlatform 'LinuxAArch64NoEditor'
[2020.05.07-08.38.41:993][  0]LogTargetPlatformManager: Display: Loaded TargetPlatform 'LinuxAArch64Client'
[2020.05.07-08.38.41:999][  0]LogTargetPlatformManager: Display: Loaded TargetPlatform 'LinuxAArch64Server'
[2020.05.07-08.38.42:020][  0]LogTargetPlatformManager: Display: Loaded TargetPlatform 'Lumin'
[2020.05.07-08.38.42:020][  0]LogTargetPlatformManager: Display: Loaded TargetPlatform 'LuminClient'
[2020.05.07-08.38.42:031][  0]LogTargetPlatformManager: Display: Loaded TargetPlatform 'TVOSClient'
[2020.05.07-08.38.42:031][  0]LogTargetPlatformManager: Display: Loaded TargetPlatform 'TVOS'
[2020.05.07-08.38.42:038][  0]LogTargetPlatformManager: Display: Loaded TargetPlatform 'WindowsNoEditor'
[2020.05.07-08.38.42:044][  0]LogTargetPlatformManager: Display: Loaded TargetPlatform 'Windows'
[2020.05.07-08.38.42:050][  0]LogTargetPlatformManager: Display: Loaded TargetPlatform 'WindowsClient'
[2020.05.07-08.38.42:056][  0]LogTargetPlatformManager: Display: Loaded TargetPlatform 'WindowsServer'
[2020.05.07-08.38.42:056][  0]LogTargetPlatformManager: Display: Building Assets For Windows
[2020.05.07-08.38.42:059][  0]LogAudioDebug: Display: Lib vorbis DLL was dynamically loaded.
[2020.05.07-08.38.42:076][  0]LogShaderCompilers: Guid format shader working directory is -34 characters bigger than the processId version (../../../../../../Users/FARHA/Desktop/FINAL_GAME!/CECS_343_project/Staying_Alive/Intermediate/Shaders/WorkingDirectory/2584/).
[2020.05.07-08.38.42:076][  0]LogShaderCompilers: Cleaned the shader compiler working directory 'C:/Users/FARHA/AppData/Local/Temp/UnrealShaderWorkingDir/8044F3234CC2A8EE013D7C8694A65E29/'.
[2020.05.07-08.38.42:077][  0]LogXGEController: Cleaning working directory: C:/Users/FARHA/AppData/Local/Temp/UnrealXGEWorkingDir/
[2020.05.07-08.38.42:077][  0]LogXGEController: Cannot use XGE Controller as Incredibuild is not installed on this machine.
[2020.05.07-08.38.42:077][  0]LogShaderCompilers: Cannot use XGE Shader Compiler as Incredibuild is not installed on this machine.
[2020.05.07-08.38.42:077][  0]LogShaderCompilers: Display: Using Local Shader Compiler.
[2020.05.07-08.38.42:688][  0]LogDerivedDataCache: Display: Max Cache Size: 512 MB
[2020.05.07-08.38.42:735][  0]LogDerivedDataCache: Loaded boot cache 0.05s 78MB C:/Users/FARHA/AppData/Local/UnrealEngine/4.24/DerivedDataCache/Boot.ddc.
[2020.05.07-08.38.42:735][  0]LogDerivedDataCache: Display: Loaded Boot cache: C:/Users/FARHA/AppData/Local/UnrealEngine/4.24/DerivedDataCache/Boot.ddc
[2020.05.07-08.38.42:735][  0]LogDerivedDataCache: FDerivedDataBackendGraph:  Pak pak cache file ../../../../../../Users/FARHA/Desktop/FINAL_GAME!/CECS_343_project/Staying_Alive/DerivedDataCache/DDC.ddp not found, will not use a pak cache.
[2020.05.07-08.38.42:735][  0]LogDerivedDataCache: Unable to find inner node Pak for hierarchical cache Hierarchy.
[2020.05.07-08.38.42:735][  0]LogDerivedDataCache: FDerivedDataBackendGraph:  CompressedPak pak cache file ../../../../../../Users/FARHA/Desktop/FINAL_GAME!/CECS_343_project/Staying_Alive/DerivedDataCache/Compressed.ddp not found, will not use a pak cache.
[2020.05.07-08.38.42:735][  0]LogDerivedDataCache: Unable to find inner node CompressedPak for hierarchical cache Hierarchy.
[2020.05.07-08.38.42:744][  0]LogDerivedDataCache: Display: Pak cache opened for reading ../../../Engine/DerivedDataCache/Compressed.ddp.
[2020.05.07-08.38.42:744][  0]LogDerivedDataCache: FDerivedDataBackendGraph:  EnterprisePak pak cache file ../../../Enterprise/DerivedDataCache/Compressed.ddp not found, will not use a pak cache.
[2020.05.07-08.38.42:744][  0]LogDerivedDataCache: Unable to find inner node EnterprisePak for hierarchical cache Hierarchy.
[2020.05.07-08.38.42:745][  0]LogDerivedDataCache: Using Local data cache path C:/Users/FARHA/AppData/Local/UnrealEngine/Common/DerivedDataCache: Writable
[2020.05.07-08.38.42:745][  0]LogDerivedDataCache: Shared data cache path not found in *engine.ini, will not use an Shared cache.
[2020.05.07-08.38.42:745][  0]LogDerivedDataCache: Unable to find inner node Shared for hierarchical cache Hierarchy.
[2020.05.07-08.38.42:767][  0]LogMaterial: Verifying Global Shaders for PCD3D_SM5
[2020.05.07-08.38.42:769][  0]LogSlate: Using FreeType 2.10.0
[2020.05.07-08.38.42:770][  0]LogSlate: SlateFontServices - WITH_FREETYPE: 1, WITH_HARFBUZZ: 1
[2020.05.07-08.38.42:812][  0]LogAssetRegistry: FAssetRegistry took 0.0021 seconds to start up
[2020.05.07-08.38.43:052][  0]LogInit: Selected Device Profile: [Windows]
[2020.05.07-08.38.43:184][  0]LogMeshReduction: Using QuadricMeshReduction for automatic static mesh reduction
[2020.05.07-08.38.43:184][  0]LogMeshReduction: Using SimplygonMeshReduction for automatic skeletal mesh reduction
[2020.05.07-08.38.43:184][  0]LogMeshReduction: Using ProxyLODMeshReduction for automatic mesh merging
[2020.05.07-08.38.43:184][  0]LogMeshReduction: No distributed automatic mesh merging module available
[2020.05.07-08.38.43:184][  0]LogMeshMerging: No distributed automatic mesh merging module available
[2020.05.07-08.38.43:193][  0]LogNetVersion: Staying_alive 1.0.0, NetCL: 10570792, EngineNetVer: 13, GameNetVer: 0 (Checksum: 368689442)
[2020.05.07-08.38.44:036][  0]LogPackageLocalizationCache: Processed 10 localized package path(s) for 1 prioritized culture(s) in 0.039305 seconds
[2020.05.07-08.38.44:041][  0]LogUObjectArray: 46750 objects as part of root set at end of initial load.
[2020.05.07-08.38.44:042][  0]LogUObjectAllocator: 8137160 out of 0 bytes used by permanent object pool.
[2020.05.07-08.38.44:042][  0]LogUObjectArray: CloseDisregardForGC: 0/0 objects in disregard for GC pool
[2020.05.07-08.38.44:347][  0]LogTcpMessaging: Initializing TcpMessaging bridge
[2020.05.07-08.38.44:349][  0]LogUdpMessaging: Initializing bridge on interface 0.0.0.0:0 to multicast group 230.0.0.1:6666.
[2020.05.07-08.38.44:392][  0]SourceControl: Source control is disabled
[2020.05.07-08.38.44:392][  0]SourceControl: Source control is disabled
[2020.05.07-08.38.44:393][  0]SourceControl: Source control is disabled
[2020.05.07-08.38.44:393][  0]SourceControl: Source control is disabled
[2020.05.07-08.38.44:394][  0]SourceControl: Source control is disabled
[2020.05.07-08.38.44:401][  0]LogVSAccessor: Display: Unable to create Visual Studio setup instance: 80040154
[2020.05.07-08.38.44:401][  0]LogVSAccessor: Display: Unable to create Visual Studio setup instance: 80040154
[2020.05.07-08.38.44:458][  0]LogAndroidPermission: UAndroidPermissionCallbackProxy::GetInstance
[2020.05.07-08.38.44:465][  0]LogAudioCaptureCore: Display: No Audio Capture implementations found. Audio input will be silent.
[2020.05.07-08.38.44:465][  0]LogAudioCaptureCore: Display: No Audio Capture implementations found. Audio input will be silent.
[2020.05.07-08.38.44:547][  0]LogOcInput: OculusInput pre-init called
[2020.05.07-08.38.44:553][  0]LogWindows: Failed to load 'OVRPlugin.dll' (GetLastError=126)
[2020.05.07-08.38.44:553][  0]LogWindows: File 'OVRPlugin.dll' does not exist
[2020.05.07-08.38.44:614][  0]LogEngine: Initializing Engine...
[2020.05.07-08.38.44:615][  0]LogHMD: Failed to initialize OpenVR with code 110
[2020.05.07-08.38.44:615][  0]LogStats: UGameplayTagsManager::InitializeManager -  0.000 s
[2020.05.07-08.38.44:889][  0]LogInit: Initializing FReadOnlyCVARCache
[2020.05.07-08.38.44:896][  0]LogAIModule: Creating AISystem for world Untitled
[2020.05.07-08.38.44:906][  0]LogAudioMixer: Display: Audio Mixer Platform Settings:
[2020.05.07-08.38.44:906][  0]LogAudioMixer: Display: 	Sample Rate:						  48000
[2020.05.07-08.38.44:906][  0]LogAudioMixer: Display: 	Callback Buffer Frame Size Requested: 1024
[2020.05.07-08.38.44:906][  0]LogAudioMixer: Display: 	Callback Buffer Frame Size To Use:	  1024
[2020.05.07-08.38.44:907][  0]LogAudioMixer: Display: 	Number of buffers to queue:			  2
[2020.05.07-08.38.44:907][  0]LogAudioMixer: Display: 	Max Channels (voices):				  32
[2020.05.07-08.38.44:907][  0]LogAudioMixer: Display: 	Number of Async Source Workers:		  0
[2020.05.07-08.38.44:907][  0]LogAudio: Display: AudioDevice MaxSources: 32
[2020.05.07-08.38.44:907][  0]LogAudio: Display: Using built-in audio occlusion.
[2020.05.07-08.38.44:907][  0]LogAudioMixer: Display: Initializing audio mixer.
[2020.05.07-08.38.44:921][  0]LogAudioMixer: Display: Audio Device Output Speaker Info:
[2020.05.07-08.38.44:921][  0]LogAudioMixer: Display: Name: Speakers (Realtek(R) Audio)
[2020.05.07-08.38.44:921][  0]LogAudioMixer: Display: Is Default: Yes
[2020.05.07-08.38.44:921][  0]LogAudioMixer: Display: Sample Rate: 48000
[2020.05.07-08.38.44:921][  0]LogAudioMixer: Display: Channel Count Used: 2
[2020.05.07-08.38.44:921][  0]LogAudioMixer: Display: Device Channel Count: 2
[2020.05.07-08.38.44:921][  0]LogAudioMixer: Display: Channel Order:
[2020.05.07-08.38.44:921][  0]LogAudioMixer: Display: 0: FrontLeft
[2020.05.07-08.38.44:921][  0]LogAudioMixer: Display: 1: FrontRight
[2020.05.07-08.38.45:633][  0]LogAudioMixer: Display: Using Audio Device Speakers (Realtek(R) Audio)
[2020.05.07-08.38.45:638][  0]LogInit: FAudioDevice initialized.
[2020.05.07-08.38.45:638][  0]LogNetVersion: Set ProjectVersion to 1.0.0.0. Version Checksum will be recalculated on next use.
[2020.05.07-08.38.45:689][  0]LogDerivedDataCache: Saved boot cache 0.05s 78MB C:/Users/FARHA/AppData/Local/UnrealEngine/4.24/DerivedDataCache/Boot.ddc.
[2020.05.07-08.38.45:693][  0]LogInit: Texture streaming: Enabled
[2020.05.07-08.38.45:701][  0]LogEngineSessionManager: EngineSessionManager initialized
[2020.05.07-08.38.45:701][  0]LogEngineSessionManager: EngineSessionManager sent abnormal shutdown report. Type=AbnormalShutdown, SessionId={89CD656A-47CE-F8FE-92A5-DC982192F5C5}
[2020.05.07-08.38.45:701][  0]LogEditorSessionSummary: Verbose: Initializing EditorSessionSummaryWriter for editor session tracking
[2020.05.07-08.38.45:702][  0]LogEditorSessionSummary: EditorSessionSummaryWriter initialized
[2020.05.07-08.38.45:749][  0]LogInit: Transaction tracking system initialized
[2020.05.07-08.38.45:756][  0]BlueprintLog: New page: Editor Load
[2020.05.07-08.38.45:778][  0]LocalizationService: Localization service is disabled
[2020.05.07-08.38.45:815][  0]LogVSAccessor: Display: Unable to create Visual Studio setup instance: 80040154
[2020.05.07-08.38.45:815][  0]LogVSAccessor: Display: Unable to create Visual Studio setup instance: 80040154
[2020.05.07-08.38.45:998][  0]LogFileCache: Scanning file cache for directory 'C:/Users/FARHA/Desktop/FINAL_GAME!/CECS_343_project/Staying_Alive/Content/' took 0.00s
[2020.05.07-08.38.45:998][  0]LogCook: Display: Max memory allowance for cook 16384mb min free memory 0mb
[2020.05.07-08.38.45:998][  0]LogCook: Display: Mobile HDR setting 1
[2020.05.07-08.38.46:502][  0]SourceControl: Source control is disabled
[2020.05.07-08.38.46:503][  0]Cmd: MAP LOAD FILE="../../../../../../Users/FARHA/Desktop/FINAL_GAME!/CECS_343_project/Staying_Alive/Content/TopDownBP/Maps/level_1.umap" TEMPLATE=0 SHOWPROGRESS=1 FEATURELEVEL=3
[2020.05.07-08.38.46:503][  0]LightingResults: New page: Lighting Build
[2020.05.07-08.38.46:503][  0]LogWorld: UWorld::CleanupWorld for Untitled, bSessionEnded=true, bCleanupResources=true
[2020.05.07-08.38.46:503][  0]LogSlate: InvalidateAllWidgets triggered.  All widgets were invalidated
[2020.05.07-08.38.46:503][  0]MapCheck: New page: Map Check
[2020.05.07-08.38.46:503][  0]LightingResults: New page: Lighting Build
[2020.05.07-08.38.46:533][  0]LogUObjectHash: Compacting FUObjectHashTables data took   1.61ms
[2020.05.07-08.38.46:539][  0]LogLinker: Warning: Asset '../../../../../../Users/FARHA/Desktop/FINAL_GAME!/CECS_343_project/Staying_Alive/Content/TopDownBP/Blueprints/TopDownCharacter.uasset' has been saved with empty engine version. The asset will be loaded but may be incompatible.
[2020.05.07-08.38.46:566][  0]LogLinker: Warning: Asset '../../../../../../Users/FARHA/Desktop/FINAL_GAME!/CECS_343_project/Staying_Alive/Content/TopDownBP/Blueprints/Player_HUD/Player_HUD.uasset' has been saved with empty engine version. The asset will be loaded but may be incompatible.
[2020.05.07-08.38.46:567][  0]LogLinker: Warning: Asset '../../../../../../Users/FARHA/Desktop/FINAL_GAME!/CECS_343_project/Staying_Alive/Content/TopDownBP/Blueprints/Player_HUD/HUD_Armor.uasset' has been saved with empty engine version. The asset will be loaded but may be incompatible.
[2020.05.07-08.38.46:567][  0]LogLinker: Warning: Asset '../../../../../../Users/FARHA/Desktop/FINAL_GAME!/CECS_343_project/Staying_Alive/Content/TopDownBP/Blueprints/Player_HUD/HUD_Heart.uasset' has been saved with empty engine version. The asset will be loaded but may be incompatible.
[2020.05.07-08.38.46:922][  0]LogAIModule: Creating AISystem for world level_1
[2020.05.07-08.38.46:932][  0]LogEditorServer: Finished looking for orphan Actors (0.000 secs)
[2020.05.07-08.38.46:964][  0]LogUObjectHash: Compacting FUObjectHashTables data took   2.00ms
[2020.05.07-08.38.46:965][  0]Cmd: MAP CHECKDEP NOCLEARLOG
[2020.05.07-08.38.46:965][  0]MapCheck: Map check complete: 0 Error(s), 0 Warning(s), took 0.142ms to complete.
[2020.05.07-08.38.46:965][  0]LogFileHelpers: Loading map 'level_1' took 0.462
[2020.05.07-08.38.47:092][  0]LogSlate: Updating window title bar state: overlay mode, drag disabled, window buttons hidden, title bar hidden
[2020.05.07-08.38.47:098][  0]LogSlate: Updating window title bar state: overlay mode, drag disabled, window buttons hidden, title bar hidden
[2020.05.07-08.38.47:103][  0]LogSlate: Updating window title bar state: overlay mode, drag disabled, window buttons hidden, title bar hidden
[2020.05.07-08.38.47:109][  0]LogSlate: Updating window title bar state: overlay mode, drag disabled, window buttons hidden, title bar hidden
[2020.05.07-08.38.47:113][  0]LogCollectionManager: Loaded 0 collections in 0.001548 seconds
[2020.05.07-08.38.47:123][  0]LogFileCache: Scanning file cache for directory 'C:/Users/FARHA/Desktop/FINAL_GAME!/CECS_343_project/Staying_Alive/Saved/Collections/' took 0.00s
[2020.05.07-08.38.47:123][  0]LogFileCache: Scanning file cache for directory 'C:/Users/FARHA/Desktop/FINAL_GAME!/CECS_343_project/Staying_Alive/Content/Developers/FARHA/Collections/' took 0.00s
[2020.05.07-08.38.47:123][  0]LogFileCache: Scanning file cache for directory 'C:/Users/FARHA/Desktop/FINAL_GAME!/CECS_343_project/Staying_Alive/Content/Collections/' took 0.00s
[2020.05.07-08.38.47:123][  0]LogContentBrowser: Native class hierarchy populated in 0.0070 seconds. Added 3015 classes and 717 folders.
[2020.05.07-08.38.47:125][  0]LogContentBrowser: Native class hierarchy updated for 'WidgetCarousel' in 0.0002 seconds. Added 0 classes and 0 folders.
[2020.05.07-08.38.47:161][  0]LogContentBrowser: Native class hierarchy updated for 'AddContentDialog' in 0.0002 seconds. Added 0 classes and 0 folders.
[2020.05.07-08.38.47:164][  0]LogContentBrowser: Native class hierarchy updated for 'SceneOutliner' in 0.0002 seconds. Added 2 classes and 3 folders.
[2020.05.07-08.38.48:085][  0]LogContentBrowser: Native class hierarchy updated for 'HierarchicalLODOutliner' in 0.0002 seconds. Added 0 classes and 0 folders.
[2020.05.07-08.38.48:085][  0]LogLoad: (Engine Initialization) Total time: 7.74 seconds
[2020.05.07-08.38.48:085][  0]LogLoad: (Engine Initialization) Total Blueprint compile time: 0.00 seconds
[2020.05.07-08.38.48:571][  0]LogRenderer: Reallocating scene render targets to support 64x64 Format 10 NumSamples 1 (Frame:1).
[2020.05.07-08.38.48:571][  0]LogAssetRegistry: Asset discovery search completed in 5.7603 seconds
[2020.05.07-08.38.48:575][  0]LogCollectionManager: Fixed up redirectors for 0 collections in 0.000008 seconds (updated 0 objects)
[2020.05.07-08.38.48:577][  0]LogContentStreaming: Texture pool size now 1000 MB
[2020.05.07-08.38.48:589][  0]LogSlate: Took 0.000179 seconds to synchronously load lazily loaded font '../../../Engine/Content/Slate/Fonts/Roboto-Regular.ttf' (155K)
[2020.05.07-08.38.48:591][  0]LogSlate: Took 0.000159 seconds to synchronously load lazily loaded font '../../../Engine/Content/Slate/Fonts/Roboto-Bold.ttf' (160K)
[2020.05.07-08.38.48:595][  0]LogSlate: Took 0.000134 seconds to synchronously load lazily loaded font '../../../Engine/Content/Editor/Slate/Fonts/FontAwesome.ttf' (139K)
[2020.05.07-08.38.48:707][  0]LogRenderer: Reallocating scene render targets to support 964x488 Format 10 NumSamples 1 (Frame:1).
[2020.05.07-08.38.48:707][  0]LogSlate: Took 0.000128 seconds to synchronously load lazily loaded font '../../../Engine/Content/Slate/Fonts/Roboto-Light.ttf' (167K)
[2020.05.07-08.39.26:056][488]LogRenderer: Reallocating scene render targets to support 1084x500 Format 10 NumSamples 1 (Frame:384).
[2020.05.07-08.39.27:667][535]LogSlate: Took 0.000177 seconds to synchronously load lazily loaded font '../../../Engine/Content/Slate/Fonts/Roboto-Light.ttf' (167K)
[2020.05.07-08.39.27:774][535]LogAIModule: Creating AISystem for world sample_Map_1
[2020.05.07-08.39.27:775][535]LogMaterial: Display: Material /Game/TopDownBP/Maps/ZEE_MATERIALS/futuristic-panels1-ue/futuristic_material.futuristic_material needed to have new flag set bUsedWithStaticLighting !
[2020.05.07-08.39.27:782][535]LogMaterial: Display: Missing cached shader map for material futuristic_material, compiling. 
[2020.05.07-08.39.27:869][535]MapCheck: Warning: futuristic_material Material /Game/TopDownBP/Maps/ZEE_MATERIALS/futuristic-panels1-ue/futuristic_material.futuristic_material was missing the usage flag bUsedWithStaticLighting. If the material asset is not re-saved, it may not render correctly when run outside the editor. Fix
[2020.05.07-08.39.27:910][535]LogShaderCompilers: Display: Worker (1/9): shaders left to compile 45
[2020.05.07-08.39.27:910][535]LogShaderCompilers: Display: Worker (2/9): shaders left to compile 39
[2020.05.07-08.39.27:910][535]LogShaderCompilers: Display: Worker (3/9): shaders left to compile 33
[2020.05.07-08.39.27:910][535]LogShaderCompilers: Display: Worker (4/9): shaders left to compile 27
[2020.05.07-08.39.27:910][535]LogShaderCompilers: Display: Worker (5/9): shaders left to compile 21
[2020.05.07-08.39.27:910][535]LogShaderCompilers: Display: Worker (6/9): shaders left to compile 15
[2020.05.07-08.39.27:910][535]LogShaderCompilers: Display: Worker (7/9): shaders left to compile 9
[2020.05.07-08.39.27:910][535]LogShaderCompilers: Display: Worker (8/9): shaders left to compile 3
[2020.05.07-08.39.27:926][535]LogMaterial: Display: Missing cached shader map for material futuristic_material, compiling. 
[2020.05.07-08.39.28:001][535]LogMaterial: Display: Missing cached shader map for material futuristic_material, compiling. 
[2020.05.07-08.39.28:090][535]LogAssetEditorSubsystem: Opening Asset editor for World /Game/TopDownBP/Maps/ZEE_MATERIALS/sample_Map_1.sample_Map_1
[2020.05.07-08.39.28:124][535]LogUObjectHash: Compacting FUObjectHashTables data took   2.00ms
[2020.05.07-08.39.28:126][535]Cmd: MAP LOAD FILE="../../../../../../Users/FARHA/Desktop/FINAL_GAME!/CECS_343_project/Staying_Alive/Content/TopDownBP/Maps/ZEE_MATERIALS/sample_Map_1.umap" TEMPLATE=0 SHOWPROGRESS=1 FEATURELEVEL=3
[2020.05.07-08.39.28:126][535]LightingResults: New page: Lighting Build
[2020.05.07-08.39.28:128][535]LoadErrors: New page: Loading map: sample_Map_1.umap
[2020.05.07-08.39.28:129][535]LogWorld: UWorld::CleanupWorld for level_1, bSessionEnded=true, bCleanupResources=true
[2020.05.07-08.39.28:129][535]LogSlate: InvalidateAllWidgets triggered.  All widgets were invalidated
[2020.05.07-08.39.28:129][535]MapCheck: New page: Map Check
[2020.05.07-08.39.28:129][535]LightingResults: New page: Lighting Build
[2020.05.07-08.39.28:164][535]LogUObjectHash: Compacting FUObjectHashTables data took   4.46ms
[2020.05.07-08.39.28:318][535]LogEditorServer: Finished looking for orphan Actors (0.000 secs)
[2020.05.07-08.39.28:352][535]LogUObjectHash: Compacting FUObjectHashTables data took   2.93ms
[2020.05.07-08.39.28:395][535]Cmd: MAP CHECKDEP NOCLEARLOG
[2020.05.07-08.39.28:395][535]MapCheck: Map check complete: 0 Error(s), 0 Warning(s), took 0.158ms to complete.
[2020.05.07-08.39.28:395][535]LogFileHelpers: Loading map 'sample_Map_1' took 0.270
[2020.05.07-08.39.29:685][557]LogShaderCompilers: Display: Worker (8/9): shaders left to compile 176
[2020.05.07-08.39.30:190][578]LogShaderCompilers: Display: Worker (3/9): shaders left to compile 166
[2020.05.07-08.39.30:207][579]LogShaderCompilers: Display: Worker (1/9): shaders left to compile 156
[2020.05.07-08.39.30:407][591]LogShaderCompilers: Display: Worker (2/9): shaders left to compile 146
[2020.05.07-08.39.30:949][607]LogSlate: Window 'Message Log' being destroyed
[2020.05.07-08.39.30:970][607]LogSlate: Window 'Message Log' being destroyed
[2020.05.07-08.39.32:104][632]LogShaderCompilers: Display: Worker (4/9): shaders left to compile 136
[2020.05.07-08.39.33:509][665]LogShaderCompilers: Display: Worker (7/9): shaders left to compile 126
[2020.05.07-08.39.33:881][673]LogShaderCompilers: Display: Worker (6/9): shaders left to compile 116
[2020.05.07-08.39.33:956][675]LogShaderCompilers: Display: Worker (5/9): shaders left to compile 106
[2020.05.07-08.39.34:646][690]LogShaderCompilers: Display: Worker (3/9): shaders left to compile 96
[2020.05.07-08.39.34:941][697]LogShaderCompilers: Display: Worker (8/9): shaders left to compile 86
[2020.05.07-08.39.38:325][772]LogShaderCompilers: Display: Worker (4/9): shaders left to compile 76
[2020.05.07-08.39.38:674][780]LogShaderCompilers: Display: Worker (7/9): shaders left to compile 66
[2020.05.07-08.39.39:640][804]LogShaderCompilers: Display: Worker (1/9): shaders left to compile 57
[2020.05.07-08.39.40:109][815]LogShaderCompilers: Display: Worker (8/9): shaders left to compile 49
[2020.05.07-08.39.40:808][828]LogShaderCompilers: Display: Worker (2/9): shaders left to compile 42
[2020.05.07-08.39.41:175][834]LogShaderCompilers: Display: Worker (6/9): shaders left to compile 36
[2020.05.07-08.39.43:393][882]LogShaderCompilers: Display: Worker (4/9): shaders left to compile 31
[2020.05.07-08.39.43:413][883]LogShaderCompilers: Display: Worker (3/9): shaders left to compile 27
[2020.05.07-08.39.43:593][888]LogShaderCompilers: Display: Worker (2/9): shaders left to compile 23
[2020.05.07-08.39.43:593][888]LogShaderCompilers: Display: Worker (5/9): shaders left to compile 20
[2020.05.07-08.39.43:785][892]LogShaderCompilers: Display: Worker (6/9): shaders left to compile 17
[2020.05.07-08.39.45:183][925]LogShaderCompilers: Display: Worker (4/9): shaders left to compile 14
[2020.05.07-08.39.45:303][928]LogShaderCompilers: Display: Worker (3/9): shaders left to compile 12
[2020.05.07-08.39.45:593][934]LogShaderCompilers: Display: Worker (8/9): shaders left to compile 10
[2020.05.07-08.39.46:931][964]LogShaderCompilers: Display: Worker (6/9): shaders left to compile 8
[2020.05.07-08.39.46:948][964]LogShaderCompilers: Display: Worker (2/9): shaders left to compile 6
[2020.05.07-08.39.46:982][965]LogShaderCompilers: Display: Worker (5/9): shaders left to compile 5
[2020.05.07-08.39.47:451][975]LogShaderCompilers: Display: Worker (3/9): shaders left to compile 4
[2020.05.07-08.39.47:743][980]LogShaderCompilers: Display: Worker (4/9): shaders left to compile 3
[2020.05.07-08.39.47:835][982]LogShaderCompilers: Display: Worker (7/9): shaders left to compile 2
[2020.05.07-08.39.47:853][982]LogShaderCompilers: Display: Worker (2/9): shaders left to compile 1
[2020.05.07-08.40.19:836][685]LogEditorViewport: Clicking on Actor (LMB): BP_Sky_Sphere_C (Sky Sphere)
[2020.05.07-08.42.00:428][211]LogEditorViewport: Clicking on Actor (LMB): Landscape (Landscape)
