Log file open, 03/25/20 16:11:34
LogWindows: Failed to load 'aqProf.dll' (GetLastError=126)
LogWindows: File 'aqProf.dll' does not exist
LogWindows: Failed to load 'VtuneApi.dll' (GetLastError=126)
LogWindows: File 'VtuneApi.dll' does not exist
LogWindows: Failed to load 'VtuneApi32e.dll' (GetLastError=126)
LogWindows: File 'VtuneApi32e.dll' does not exist
LogConsoleResponse: Display: Failed to find resolution value strings in scalability ini. Falling back to default.
LogInit: Display: Running engine for game: Staying_alive
LogPlatformFile: Not using cached read wrapper
LogTaskGraph: Started task graph with 5 named threads and 14 total threads with 3 sets of task threads.
LogStats: Stats thread started at 0.056303
LogD3D11RHI: Loaded GFSDK_Aftermath_Lib.x64.dll
LogICUInternationalization: ICU TimeZone Detection - Raw Offset: -8:00, Platform Override: ''
LogPluginManager: Mounting plugin Paper2D
LogPluginManager: Mounting plugin AISupport
LogPluginManager: Mounting plugin LightPropagationVolume
LogPluginManager: Mounting plugin ActorLayerUtilities
LogPluginManager: Mounting plugin AnimationSharing
LogPluginManager: Mounting plugin CLionSourceCodeAccess
LogPluginManager: Mounting plugin CodeLiteSourceCodeAccess
LogPluginManager: Mounting plugin GitSourceControl
LogPluginManager: Mounting plugin KDevelopSourceCodeAccess
LogPluginManager: Mounting plugin NullSourceCodeAccess
LogPluginManager: Mounting plugin PerforceSourceControl
LogPluginManager: Mounting plugin PlasticSourceControl
LogPluginManager: Mounting plugin SubversionSourceControl
LogPluginManager: Mounting plugin UObjectPlugin
LogPluginManager: Mounting plugin VisualStudioCodeSourceCodeAccess
LogPluginManager: Mounting plugin VisualStudioSourceCodeAccess
LogPluginManager: Mounting plugin XCodeSourceCodeAccess
LogPluginManager: Mounting plugin AssetManagerEditor
LogPluginManager: Mounting plugin CryptoKeys
LogPluginManager: Mounting plugin CurveEditorTools
LogPluginManager: Mounting plugin DataValidation
LogPluginManager: Mounting plugin FacialAnimation
LogPluginManager: Mounting plugin GameplayTagsEditor
LogPluginManager: Mounting plugin MacGraphicsSwitching
LogPluginManager: Mounting plugin MaterialAnalyzer
LogPluginManager: Mounting plugin MobileLauncherProfileWizard
LogPluginManager: Mounting plugin PluginBrowser
LogPluginManager: Mounting plugin SpeedTreeImporter
LogPluginManager: Mounting plugin DatasmithContent
LogPluginManager: Mounting plugin VariantManagerContent
LogPluginManager: Mounting plugin AlembicImporter
LogPluginManager: Mounting plugin AutomationUtils
LogPluginManager: Mounting plugin BackChannel
LogPluginManager: Mounting plugin CharacterAI
LogPluginManager: Mounting plugin GeometryCache
LogPluginManager: Mounting plugin PlatformCrypto
LogPluginManager: Mounting plugin ProxyLODPlugin
LogPluginManager: Mounting plugin SkeletalReduction
LogPluginManager: Mounting plugin MagicLeap
LogPluginManager: Mounting plugin MagicLeapMedia
LogPluginManager: Mounting plugin MLSDK
LogPluginManager: Mounting plugin AndroidMedia
LogPluginManager: Mounting plugin AvfMedia
LogPluginManager: Mounting plugin ImgMedia
LogPluginManager: Mounting plugin MediaCompositing
LogPluginManager: Mounting plugin MediaPlayerEditor
LogPluginManager: Mounting plugin WebMMedia
LogPluginManager: Mounting plugin WmfMedia
LogPluginManager: Mounting plugin TcpMessaging
LogPluginManager: Mounting plugin UdpMessaging
LogPluginManager: Mounting plugin ActorSequence
LogPluginManager: Mounting plugin LevelSequenceEditor
LogPluginManager: Mounting plugin MatineeToLevelSequence
LogPluginManager: Mounting plugin NetcodeUnitTest
LogPluginManager: Mounting plugin NUTUnrealEngine4
LogPluginManager: Mounting plugin OnlineSubsystemGooglePlay
LogPluginManager: Mounting plugin OnlineSubsystemIOS
LogPluginManager: Mounting plugin OnlineSubsystem
LogPluginManager: Mounting plugin OnlineSubsystemNull
LogPluginManager: Mounting plugin OnlineSubsystemUtils
LogPluginManager: Mounting plugin LauncherChunkInstaller
LogPluginManager: Mounting plugin AndroidDeviceProfileSelector
LogPluginManager: Mounting plugin AndroidMoviePlayer
LogPluginManager: Mounting plugin AndroidPermission
LogPluginManager: Mounting plugin AppleImageUtils
LogPluginManager: Mounting plugin AppleMoviePlayer
LogPluginManager: Mounting plugin ArchVisCharacter
LogPluginManager: Mounting plugin AssetTags
LogPluginManager: Mounting plugin AudioCapture
LogPluginManager: Mounting plugin CableComponent
LogPluginManager: Mounting plugin CustomMeshComponent
LogPluginManager: Mounting plugin EditableMesh
LogPluginManager: Mounting plugin ExampleDeviceProfileSelector
LogPluginManager: Mounting plugin GoogleCloudMessaging
LogPluginManager: Mounting plugin IOSDeviceProfileSelector
LogPluginManager: Mounting plugin LinuxDeviceProfileSelector
LogPluginManager: Mounting plugin LocationServicesBPLibrary
LogPluginManager: Mounting plugin MobilePatchingUtils
LogPluginManager: Mounting plugin OculusVR
LogPluginManager: Mounting plugin PhysXVehicles
LogPluginManager: Mounting plugin PostSplashScreen
LogPluginManager: Mounting plugin ProceduralMeshComponent
LogPluginManager: Mounting plugin RuntimePhysXCooking
LogPluginManager: Mounting plugin SignificanceManager
LogPluginManager: Mounting plugin SteamVR
LogPluginManager: Mounting plugin WebMMoviePlayer
LogPluginManager: Mounting plugin WindowsMoviePlayer
LogPluginManager: Mounting plugin ScreenshotTools
LogInit: Using libcurl 7.55.1-DEV
LogInit:  - built for x86_64-pc-win32
LogInit:  - supports SSL with OpenSSL/1.1.1
LogInit:  - supports HTTP deflate (compression) using libz 1.2.8
LogInit:  - other features:
LogInit:      CURL_VERSION_SSL
LogInit:      CURL_VERSION_LIBZ
LogInit:      CURL_VERSION_IPV6
LogInit:      CURL_VERSION_ASYNCHDNS
LogInit:      CURL_VERSION_LARGEFILE
LogInit:      CURL_VERSION_IDN
LogInit:  CurlRequestOptions (configurable via config and command line):
LogInit:  - bVerifyPeer = true  - Libcurl will verify peer certificate
LogInit:  - bUseHttpProxy = false  - Libcurl will NOT use HTTP proxy
LogInit:  - bDontReuseConnections = false  - Libcurl will reuse connections
LogInit:  - MaxHostConnections = 16  - Libcurl will limit the number of connections to a host
LogInit:  - LocalHostAddr = Default
LogInit:  - BufferSize = 65536
LogOnline: OSS: Creating online subsystem instance for: NULL
LogInit: WinSock: version 1.1 (2.2), MaxSocks=32767, MaxUdp=65467
LogOnline: OSS: TryLoadSubsystemAndSetDefault: Loaded subsystem for module [NULL]
LogInit: Build: ++UE4+Release-4.24-CL-11100242
LogInit: Engine Version: 4.24.2-11100242+++UE4+Release-4.24
LogInit: Compatible Engine Version: 4.24.0-10570792+++UE4+Release-4.24
LogInit: Net CL: 10570792
LogInit: OS: Windows 10 (Release 1903) (), CPU: Intel(R) Core(TM) i5-6600K CPU @ 3.50GHz, GPU: NVIDIA GeForce GTX 1060 6GB
LogInit: Compiled (64-bit): Jan 24 2020 02:05:53
LogInit: Compiled with Visual C++: 19.16.27032.01
LogInit: Build Configuration: Development
LogInit: Branch Name: ++UE4+Release-4.24
LogInit: Command Line:  -EpicPortal -epicusername=lcoal -epicuserid=20f55b3b57654f279da0de9771224831 -epiclocale=en
LogInit: Base Directory: G:/Fortnite/UE_4.24/Engine/Binaries/Win64/
LogInit: Installed Engine Build: 1
LogDevObjectVersion: Number of dev versions registered: 25
LogDevObjectVersion:   Dev-Blueprints (B0D832E4-1F89-4F0D-ACCF-7EB736FD4AA2): 10
LogDevObjectVersion:   Dev-Build (E1C64328-A22C-4D53-A36C-8E866417BD8C): 0
LogDevObjectVersion:   Dev-Core (375EC13C-06E4-48FB-B500-84F0262A717E): 3
LogDevObjectVersion:   Dev-Editor (E4B068ED-F494-42E9-A231-DA0B2E46BB41): 37
LogDevObjectVersion:   Dev-Framework (CFFC743F-43B0-4480-9391-14DF171D2073): 36
LogDevObjectVersion:   Dev-Mobile (B02B49B5-BB20-44E9-A304-32B752E40360): 2
LogDevObjectVersion:   Dev-Networking (A4E4105C-59A1-49B5-A7C5-40C4547EDFEE): 0
LogDevObjectVersion:   Dev-Online (39C831C9-5AE6-47DC-9A44-9C173E1C8E7C): 0
LogDevObjectVersion:   Dev-Physics (78F01B33-EBEA-4F98-B9B4-84EACCB95AA2): 2
LogDevObjectVersion:   Dev-Platform (6631380F-2D4D-43E0-8009-CF276956A95A): 0
LogDevObjectVersion:   Dev-Rendering (12F88B9F-8875-4AFC-A67C-D90C383ABD29): 36
LogDevObjectVersion:   Dev-Sequencer (7B5AE74C-D270-4C10-A958-57980B212A5A): 11
LogDevObjectVersion:   Dev-VR (D7296918-1DD6-4BDD-9DE2-64A83CC13884): 2
LogDevObjectVersion:   Dev-LoadTimes (C2A15278-BFE7-4AFE-6C17-90FF531DF755): 1
LogDevObjectVersion:   Private-Geometry (6EACA3D4-40EC-4CC1-B786-8BED09428FC5): 3
LogDevObjectVersion:   Dev-AnimPhys (29E575DD-E0A3-4627-9D10-D276232CDCEA): 17
LogDevObjectVersion:   Dev-Anim (AF43A65D-7FD3-4947-9873-3E8ED9C1BB05): 2
LogDevObjectVersion:   Dev-ReflectionCapture (6B266CEC-1EC7-4B8F-A30B-E4D90942FC07): 1
LogDevObjectVersion:   Dev-Automation (0DF73D61-A23F-47EA-B727-89E90C41499A): 1
LogDevObjectVersion:   FortniteMain (601D1886-AC64-4F84-AA16-D3DE0DEAC7D6): 31
LogDevObjectVersion:   Dev-Enterprise (9DFFBCD6-494F-0158-E221-12823C92A888): 8
LogDevObjectVersion:   Dev-Niagara (F2AED0AC-9AFE-416F-8664-AA7FFA26D6FC): 1
LogDevObjectVersion:   Dev-Destruction (174F1F0B-B4C6-45A5-B13F-2EE8D0FB917D): 9
LogDevObjectVersion:   Dev-Physics-Ext (35F94A83-E258-406C-A318-09F59610247C): 8
LogDevObjectVersion:   Dev-CineCamera (B2E18506-4273-CFC2-A54E-F4BB758BBA07): 1
LogInit: Presizing for max 25165824 objects, including 0 objects not considered by GC, pre-allocating 0 bytes for permanent pool.
LogInit: Object subsystem initialized
LogConfig: Setting CVar [[con.DebugEarlyDefault:1]]
LogConfig: Setting CVar [[r.setres:1280x720]]
[2020.03.25-23.11.34:737][  0]LogConfig: Setting CVar [[r.VSync:0]]
[2020.03.25-23.11.34:737][  0]LogConfig: Setting CVar [[r.RHICmdBypass:0]]
[2020.03.25-23.11.34:737][  0]LogConfig: Applying CVar settings from Section [/Script/Engine.RendererSettings] File [G:/git/CECS_343_project/Staying_alive/Saved/Config/Windows/Engine.ini]
[2020.03.25-23.11.34:737][  0]LogConfig: Setting CVar [[r.GPUCrashDebugging:0]]
[2020.03.25-23.11.34:737][  0]LogConfig: Applying CVar settings from Section [/Script/Engine.RendererOverrideSettings] File [G:/git/CECS_343_project/Staying_alive/Saved/Config/Windows/Engine.ini]
[2020.03.25-23.11.34:737][  0]LogConfig: Applying CVar settings from Section [/Script/Engine.StreamingSettings] File [G:/git/CECS_343_project/Staying_alive/Saved/Config/Windows/Engine.ini]
[2020.03.25-23.11.34:737][  0]LogConfig: Setting CVar [[s.MinBulkDataSizeForAsyncLoading:131072]]
[2020.03.25-23.11.34:738][  0]LogConfig: Setting CVar [[s.AsyncLoadingThreadEnabled:0]]
[2020.03.25-23.11.34:738][  0]LogConfig: Setting CVar [[s.EventDrivenLoaderEnabled:1]]
[2020.03.25-23.11.34:738][  0]LogConfig: Setting CVar [[s.WarnIfTimeLimitExceeded:0]]
[2020.03.25-23.11.34:738][  0]LogConfig: Setting CVar [[s.TimeLimitExceededMultiplier:1.5]]
[2020.03.25-23.11.34:738][  0]LogConfig: Setting CVar [[s.TimeLimitExceededMinTime:0.005]]
[2020.03.25-23.11.34:738][  0]LogConfig: Setting CVar [[s.UseBackgroundLevelStreaming:1]]
[2020.03.25-23.11.34:738][  0]LogConfig: Setting CVar [[s.PriorityAsyncLoadingExtraTime:15.0]]
[2020.03.25-23.11.34:738][  0]LogConfig: Setting CVar [[s.LevelStreamingActorsUpdateTimeLimit:5.0]]
[2020.03.25-23.11.34:738][  0]LogConfig: Setting CVar [[s.PriorityLevelStreamingActorsUpdateExtraTime:5.0]]
[2020.03.25-23.11.34:738][  0]LogConfig: Setting CVar [[s.LevelStreamingComponentsRegistrationGranularity:10]]
[2020.03.25-23.11.34:738][  0]LogConfig: Setting CVar [[s.UnregisterComponentsTimeLimit:1.0]]
[2020.03.25-23.11.34:738][  0]LogConfig: Setting CVar [[s.LevelStreamingComponentsUnregistrationGranularity:5]]
[2020.03.25-23.11.34:738][  0]LogConfig: Setting CVar [[s.FlushStreamingOnExit:1]]
[2020.03.25-23.11.34:738][  0]LogConfig: Applying CVar settings from Section [/Script/Engine.GarbageCollectionSettings] File [G:/git/CECS_343_project/Staying_alive/Saved/Config/Windows/Engine.ini]
[2020.03.25-23.11.34:738][  0]LogConfig: Setting CVar [[gc.MaxObjectsNotConsideredByGC:1]]
[2020.03.25-23.11.34:738][  0]LogConfig: Setting CVar [[gc.SizeOfPermanentObjectPool:0]]
[2020.03.25-23.11.34:738][  0]LogConfig: Setting CVar [[gc.FlushStreamingOnGC:0]]
[2020.03.25-23.11.34:738][  0]LogConfig: Setting CVar [[gc.NumRetriesBeforeForcingGC:10]]
[2020.03.25-23.11.34:738][  0]LogConfig: Setting CVar [[gc.AllowParallelGC:1]]
[2020.03.25-23.11.34:738][  0]LogConfig: Setting CVar [[gc.TimeBetweenPurgingPendingKillObjects:61.1]]
[2020.03.25-23.11.34:738][  0]LogConfig: Setting CVar [[gc.MaxObjectsInEditor:25165824]]
[2020.03.25-23.11.34:738][  0]LogConfig: Setting CVar [[gc.IncrementalBeginDestroyEnabled:1]]
[2020.03.25-23.11.34:738][  0]LogConfig: Setting CVar [[gc.CreateGCClusters:1]]
[2020.03.25-23.11.34:738][  0]LogConfig: Setting CVar [[gc.MinGCClusterSize:5]]
[2020.03.25-23.11.34:738][  0]LogConfig: Setting CVar [[gc.ActorClusteringEnabled:0]]
[2020.03.25-23.11.34:738][  0]LogConfig: Setting CVar [[gc.BlueprintClusteringEnabled:0]]
[2020.03.25-23.11.34:738][  0]LogConfig: Setting CVar [[gc.UseDisregardForGCOnDedicatedServers:0]]
[2020.03.25-23.11.34:738][  0]LogConfig: Applying CVar settings from Section [/Script/Engine.NetworkSettings] File [G:/git/CECS_343_project/Staying_alive/Saved/Config/Windows/Engine.ini]
[2020.03.25-23.11.34:738][  0]LogConfig: Applying CVar settings from Section [/Script/UnrealEd.CookerSettings] File [G:/git/CECS_343_project/Staying_alive/Saved/Config/Windows/Engine.ini]
[2020.03.25-23.11.34:742][  0]LogConfig: Applying CVar settings from Section [ViewDistanceQuality@3] File [G:/git/CECS_343_project/Staying_alive/Saved/Config/Windows/Scalability.ini]
[2020.03.25-23.11.34:742][  0]LogConfig: Setting CVar [[r.SkeletalMeshLODBias:0]]
[2020.03.25-23.11.34:742][  0]LogConfig: Setting CVar [[r.ViewDistanceScale:1.0]]
[2020.03.25-23.11.34:742][  0]LogConfig: Applying CVar settings from Section [AntiAliasingQuality@3] File [G:/git/CECS_343_project/Staying_alive/Saved/Config/Windows/Scalability.ini]
[2020.03.25-23.11.34:742][  0]LogConfig: Setting CVar [[r.PostProcessAAQuality:4]]
[2020.03.25-23.11.34:742][  0]LogConfig: Applying CVar settings from Section [ShadowQuality@3] File [G:/git/CECS_343_project/Staying_alive/Saved/Config/Windows/Scalability.ini]
[2020.03.25-23.11.34:742][  0]LogConfig: Setting CVar [[r.LightFunctionQuality:1]]
[2020.03.25-23.11.34:742][  0]LogConfig: Setting CVar [[r.ShadowQuality:5]]
[2020.03.25-23.11.34:742][  0]LogConfig: Setting CVar [[r.Shadow.CSM.MaxCascades:10]]
[2020.03.25-23.11.34:742][  0]LogConfig: Setting CVar [[r.Shadow.MaxResolution:2048]]
[2020.03.25-23.11.34:742][  0]LogConfig: Setting CVar [[r.Shadow.MaxCSMResolution:2048]]
[2020.03.25-23.11.34:742][  0]LogConfig: Setting CVar [[r.Shadow.RadiusThreshold:0.01]]
[2020.03.25-23.11.34:742][  0]LogConfig: Setting CVar [[r.Shadow.DistanceScale:1.0]]
[2020.03.25-23.11.34:742][  0]LogConfig: Setting CVar [[r.Shadow.CSM.TransitionScale:1.0]]
[2020.03.25-23.11.34:742][  0]LogConfig: Setting CVar [[r.Shadow.PreShadowResolutionFactor:1.0]]
[2020.03.25-23.11.34:743][  0]LogConfig: Setting CVar [[r.DistanceFieldShadowing:1]]
[2020.03.25-23.11.34:743][  0]LogConfig: Setting CVar [[r.DistanceFieldAO:1]]
[2020.03.25-23.11.34:743][  0]LogConfig: Setting CVar [[r.AOQuality:2]]
[2020.03.25-23.11.34:743][  0]LogConfig: Setting CVar [[r.VolumetricFog:1]]
[2020.03.25-23.11.34:743][  0]LogConfig: Setting CVar [[r.VolumetricFog.GridPixelSize:8]]
[2020.03.25-23.11.34:743][  0]LogConfig: Setting CVar [[r.VolumetricFog.GridSizeZ:128]]
[2020.03.25-23.11.34:743][  0]LogConfig: Setting CVar [[r.VolumetricFog.HistoryMissSupersampleCount:4]]
[2020.03.25-23.11.34:743][  0]LogConfig: Setting CVar [[r.LightMaxDrawDistanceScale:1]]
[2020.03.25-23.11.34:743][  0]LogConfig: Setting CVar [[r.CapsuleShadows:1]]
[2020.03.25-23.11.34:743][  0]LogConfig: Applying CVar settings from Section [PostProcessQuality@3] File [G:/git/CECS_343_project/Staying_alive/Saved/Config/Windows/Scalability.ini]
[2020.03.25-23.11.34:743][  0]LogConfig: Setting CVar [[r.MotionBlurQuality:4]]
[2020.03.25-23.11.34:743][  0]LogConfig: Setting CVar [[r.AmbientOcclusionMipLevelFactor:0.4]]
[2020.03.25-23.11.34:743][  0]LogConfig: Setting CVar [[r.AmbientOcclusionMaxQuality:100]]
[2020.03.25-23.11.34:743][  0]LogConfig: Setting CVar [[r.AmbientOcclusionLevels:-1]]
[2020.03.25-23.11.34:743][  0]LogConfig: Setting CVar [[r.AmbientOcclusionRadiusScale:1.0]]
[2020.03.25-23.11.34:743][  0]LogConfig: Setting CVar [[r.DepthOfFieldQuality:2]]
[2020.03.25-23.11.34:743][  0]LogConfig: Setting CVar [[r.RenderTargetPoolMin:400]]
[2020.03.25-23.11.34:743][  0]LogConfig: Setting CVar [[r.LensFlareQuality:2]]
[2020.03.25-23.11.34:743][  0]LogConfig: Setting CVar [[r.SceneColorFringeQuality:1]]
[2020.03.25-23.11.34:743][  0]LogConfig: Setting CVar [[r.EyeAdaptationQuality:2]]
[2020.03.25-23.11.34:743][  0]LogConfig: Setting CVar [[r.BloomQuality:5]]
[2020.03.25-23.11.34:743][  0]LogConfig: Setting CVar [[r.FastBlurThreshold:100]]
[2020.03.25-23.11.34:743][  0]LogConfig: Setting CVar [[r.Upscale.Quality:3]]
[2020.03.25-23.11.34:743][  0]LogConfig: Setting CVar [[r.Tonemapper.GrainQuantization:1]]
[2020.03.25-23.11.34:743][  0]LogConfig: Setting CVar [[r.LightShaftQuality:1]]
[2020.03.25-23.11.34:743][  0]LogConfig: Setting CVar [[r.Filter.SizeScale:1]]
[2020.03.25-23.11.34:743][  0]LogConfig: Setting CVar [[r.Tonemapper.Quality:5]]
[2020.03.25-23.11.34:743][  0]LogConfig: Setting CVar [[r.DOF.Gather.AccumulatorQuality:1        ; higher gathering accumulator quality]]
[2020.03.25-23.11.34:743][  0]LogConfig: Setting CVar [[r.DOF.Gather.PostfilterMethod:1          ; Median3x3 postfilering method]]
[2020.03.25-23.11.34:743][  0]LogConfig: Setting CVar [[r.DOF.Gather.EnableBokehSettings:0       ; no bokeh simulation when gathering]]
[2020.03.25-23.11.34:743][  0]LogConfig: Setting CVar [[r.DOF.Gather.RingCount:4                 ; medium number of samples when gathering]]
[2020.03.25-23.11.34:743][  0]LogConfig: Setting CVar [[r.DOF.Scatter.ForegroundCompositing:1    ; additive foreground scattering]]
[2020.03.25-23.11.34:743][  0]LogConfig: Setting CVar [[r.DOF.Scatter.BackgroundCompositing:2    ; additive background scattering]]
[2020.03.25-23.11.34:743][  0]LogConfig: Setting CVar [[r.DOF.Scatter.EnableBokehSettings:1      ; bokeh simulation when scattering]]
[2020.03.25-23.11.34:743][  0]LogConfig: Setting CVar [[r.DOF.Scatter.MaxSpriteRatio:0.1         ; only a maximum of 10% of scattered bokeh]]
[2020.03.25-23.11.34:743][  0]LogConfig: Setting CVar [[r.DOF.Recombine.Quality:1                ; cheap slight out of focus]]
[2020.03.25-23.11.34:743][  0]LogConfig: Setting CVar [[r.DOF.Recombine.EnableBokehSettings:0    ; no bokeh simulation on slight out of focus]]
[2020.03.25-23.11.34:743][  0]LogConfig: Setting CVar [[r.DOF.TemporalAAQuality:1                ; more stable temporal accumulation]]
[2020.03.25-23.11.34:743][  0]LogConfig: Setting CVar [[r.DOF.Kernel.MaxForegroundRadius:0.025]]
[2020.03.25-23.11.34:743][  0]LogConfig: Setting CVar [[r.DOF.Kernel.MaxBackgroundRadius:0.025]]
[2020.03.25-23.11.34:743][  0]LogConfig: Applying CVar settings from Section [TextureQuality@3] File [G:/git/CECS_343_project/Staying_alive/Saved/Config/Windows/Scalability.ini]
[2020.03.25-23.11.34:743][  0]LogConfig: Setting CVar [[r.Streaming.MipBias:0]]
[2020.03.25-23.11.34:743][  0]LogConfig: Setting CVar [[r.Streaming.AmortizeCPUToGPUCopy:0]]
[2020.03.25-23.11.34:743][  0]LogConfig: Setting CVar [[r.Streaming.MaxNumTexturesToStreamPerFrame:0]]
[2020.03.25-23.11.34:743][  0]LogConfig: Setting CVar [[r.Streaming.Boost:1]]
[2020.03.25-23.11.34:743][  0]LogConfig: Setting CVar [[r.MaxAnisotropy:8]]
[2020.03.25-23.11.34:743][  0]LogConfig: Setting CVar [[r.VT.MaxAnisotropy:8]]
[2020.03.25-23.11.34:743][  0]LogConfig: Setting CVar [[r.Streaming.LimitPoolSizeToVRAM:0]]
[2020.03.25-23.11.34:743][  0]LogConfig: Setting CVar [[r.Streaming.PoolSize:1000]]
[2020.03.25-23.11.34:743][  0]LogConfig: Setting CVar [[r.Streaming.MaxEffectiveScreenSize:0]]
[2020.03.25-23.11.34:743][  0]LogConfig: Applying CVar settings from Section [EffectsQuality@3] File [G:/git/CECS_343_project/Staying_alive/Saved/Config/Windows/Scalability.ini]
[2020.03.25-23.11.34:743][  0]LogConfig: Setting CVar [[r.TranslucencyLightingVolumeDim:64]]
[2020.03.25-23.11.34:743][  0]LogConfig: Setting CVar [[r.RefractionQuality:2]]
[2020.03.25-23.11.34:743][  0]LogConfig: Setting CVar [[r.SSR.Quality:3]]
[2020.03.25-23.11.34:743][  0]LogConfig: Setting CVar [[r.SSR.HalfResSceneColor:0]]
[2020.03.25-23.11.34:743][  0]LogConfig: Setting CVar [[r.SceneColorFormat:4]]
[2020.03.25-23.11.34:743][  0]LogConfig: Setting CVar [[r.DetailMode:2]]
[2020.03.25-23.11.34:743][  0]LogConfig: Setting CVar [[r.TranslucencyVolumeBlur:1]]
[2020.03.25-23.11.34:743][  0]LogConfig: Setting CVar [[r.MaterialQualityLevel:1 ; High quality]]
[2020.03.25-23.11.34:743][  0]LogConfig: Setting CVar [[r.SSS.Scale:1]]
[2020.03.25-23.11.34:743][  0]LogConfig: Setting CVar [[r.SSS.SampleSet:2]]
[2020.03.25-23.11.34:743][  0]LogConfig: Setting CVar [[r.SSS.Quality:1]]
[2020.03.25-23.11.34:743][  0]LogConfig: Setting CVar [[r.SSS.HalfRes:1]]
[2020.03.25-23.11.34:743][  0]LogConfig: Setting CVar [[r.SSGI.Quality:3]]
[2020.03.25-23.11.34:743][  0]LogConfig: Setting CVar [[r.EmitterSpawnRateScale:1.0]]
[2020.03.25-23.11.34:743][  0]LogConfig: Setting CVar [[r.ParticleLightQuality:2]]
[2020.03.25-23.11.34:743][  0]LogConfig: Setting CVar [[r.SkyAtmosphere.AerialPerspectiveLUT.FastApplyOnOpaque:1 ; Always have FastSkyLUT 1 in this case to avoid wrong sky]]
[2020.03.25-23.11.34:743][  0]LogConfig: Setting CVar [[r.SkyAtmosphere.AerialPerspectiveLUT.SampleCountPerSlice:1]]
[2020.03.25-23.11.34:743][  0]LogConfig: Setting CVar [[r.SkyAtmosphere.AerialPerspectiveLUT.DepthResolution:16.0]]
[2020.03.25-23.11.34:743][  0]LogConfig: Setting CVar [[r.SkyAtmosphere.FastSkyLUT:1]]
[2020.03.25-23.11.34:743][  0]LogConfig: Setting CVar [[r.SkyAtmosphere.FastSkyLUT.SampleCountMin:4.0]]
[2020.03.25-23.11.34:744][  0]LogConfig: Setting CVar [[r.SkyAtmosphere.FastSkyLUT.SampleCountMax:32.0]]
[2020.03.25-23.11.34:744][  0]LogConfig: Setting CVar [[r.SkyAtmosphere.SampleCountMin:4.0]]
[2020.03.25-23.11.34:744][  0]LogConfig: Setting CVar [[r.SkyAtmosphere.SampleCountMax:32.0]]
[2020.03.25-23.11.34:744][  0]LogConfig: Setting CVar [[r.SkyAtmosphere.TransmittanceLUT.UseSmallFormat:0]]
[2020.03.25-23.11.34:744][  0]LogConfig: Setting CVar [[r.SkyAtmosphere.TransmittanceLUT.SampleCount:10.0]]
[2020.03.25-23.11.34:744][  0]LogConfig: Setting CVar [[r.SkyAtmosphere.MultiScatteringLUT.SampleCount:15.0]]
[2020.03.25-23.11.34:744][  0]LogConfig: Applying CVar settings from Section [FoliageQuality@3] File [G:/git/CECS_343_project/Staying_alive/Saved/Config/Windows/Scalability.ini]
[2020.03.25-23.11.34:744][  0]LogConfig: Setting CVar [[foliage.DensityScale:1.0]]
[2020.03.25-23.11.34:744][  0]LogConfig: Setting CVar [[grass.DensityScale:1.0]]
[2020.03.25-23.11.34:744][  0]LogConfig: Applying CVar settings from Section [ShadingQuality@3] File [G:/git/CECS_343_project/Staying_alive/Saved/Config/Windows/Scalability.ini]
[2020.03.25-23.11.34:744][  0]LogConfig: Setting CVar [[r.HairStrands.SkyLighting.SampleCount:16]]
[2020.03.25-23.11.34:744][  0]LogConfig: Setting CVar [[r.HairStrands.SkyLighting.JitterIntegration:0]]
[2020.03.25-23.11.34:744][  0]LogConfig: Setting CVar [[r.HairStrands.SkyAO.SampleCount:16]]
[2020.03.25-23.11.34:744][  0]LogInit: Selected Device Profile: [Windows]
[2020.03.25-23.11.34:744][  0]LogInit: Applying CVar settings loaded from the selected device profile: [Windows]
[2020.03.25-23.11.34:746][  0]LogHAL: Display: Platform has ~ 16 GB [17137238016 / 17179869184 / 16], which maps to Larger [LargestMinGB=32, LargerMinGB=12, DefaultMinGB=8, SmallerMinGB=6, SmallestMinGB=0)
[2020.03.25-23.11.34:746][  0]LogInit: Going up to parent DeviceProfile []
[2020.03.25-23.11.34:746][  0]LogConfig: Applying CVar settings from Section [ViewDistanceQuality@3] File [G:/git/CECS_343_project/Staying_alive/Saved/Config/Windows/Scalability.ini]
[2020.03.25-23.11.34:746][  0]LogConfig: Setting CVar [[r.SkeletalMeshLODBias:0]]
[2020.03.25-23.11.34:746][  0]LogConfig: Setting CVar [[r.ViewDistanceScale:1.0]]
[2020.03.25-23.11.34:746][  0]LogConfig: Applying CVar settings from Section [AntiAliasingQuality@3] File [G:/git/CECS_343_project/Staying_alive/Saved/Config/Windows/Scalability.ini]
[2020.03.25-23.11.34:746][  0]LogConfig: Setting CVar [[r.PostProcessAAQuality:4]]
[2020.03.25-23.11.34:746][  0]LogConfig: Applying CVar settings from Section [ShadowQuality@3] File [G:/git/CECS_343_project/Staying_alive/Saved/Config/Windows/Scalability.ini]
[2020.03.25-23.11.34:746][  0]LogConfig: Setting CVar [[r.LightFunctionQuality:1]]
[2020.03.25-23.11.34:746][  0]LogConfig: Setting CVar [[r.ShadowQuality:5]]
[2020.03.25-23.11.34:746][  0]LogConfig: Setting CVar [[r.Shadow.CSM.MaxCascades:10]]
[2020.03.25-23.11.34:746][  0]LogConfig: Setting CVar [[r.Shadow.MaxResolution:2048]]
[2020.03.25-23.11.34:746][  0]LogConfig: Setting CVar [[r.Shadow.MaxCSMResolution:2048]]
[2020.03.25-23.11.34:746][  0]LogConfig: Setting CVar [[r.Shadow.RadiusThreshold:0.01]]
[2020.03.25-23.11.34:746][  0]LogConfig: Setting CVar [[r.Shadow.DistanceScale:1.0]]
[2020.03.25-23.11.34:746][  0]LogConfig: Setting CVar [[r.Shadow.CSM.TransitionScale:1.0]]
[2020.03.25-23.11.34:746][  0]LogConfig: Setting CVar [[r.Shadow.PreShadowResolutionFactor:1.0]]
[2020.03.25-23.11.34:746][  0]LogConfig: Setting CVar [[r.DistanceFieldShadowing:1]]
[2020.03.25-23.11.34:746][  0]LogConfig: Setting CVar [[r.DistanceFieldAO:1]]
[2020.03.25-23.11.34:746][  0]LogConfig: Setting CVar [[r.AOQuality:2]]
[2020.03.25-23.11.34:746][  0]LogConfig: Setting CVar [[r.VolumetricFog:1]]
[2020.03.25-23.11.34:746][  0]LogConfig: Setting CVar [[r.VolumetricFog.GridPixelSize:8]]
[2020.03.25-23.11.34:746][  0]LogConfig: Setting CVar [[r.VolumetricFog.GridSizeZ:128]]
[2020.03.25-23.11.34:746][  0]LogConfig: Setting CVar [[r.VolumetricFog.HistoryMissSupersampleCount:4]]
[2020.03.25-23.11.34:746][  0]LogConfig: Setting CVar [[r.LightMaxDrawDistanceScale:1]]
[2020.03.25-23.11.34:746][  0]LogConfig: Setting CVar [[r.CapsuleShadows:1]]
[2020.03.25-23.11.34:746][  0]LogConfig: Applying CVar settings from Section [PostProcessQuality@3] File [G:/git/CECS_343_project/Staying_alive/Saved/Config/Windows/Scalability.ini]
[2020.03.25-23.11.34:746][  0]LogConfig: Setting CVar [[r.MotionBlurQuality:4]]
[2020.03.25-23.11.34:746][  0]LogConfig: Setting CVar [[r.AmbientOcclusionMipLevelFactor:0.4]]
[2020.03.25-23.11.34:747][  0]LogConfig: Setting CVar [[r.AmbientOcclusionMaxQuality:100]]
[2020.03.25-23.11.34:747][  0]LogConfig: Setting CVar [[r.AmbientOcclusionLevels:-1]]
[2020.03.25-23.11.34:747][  0]LogConfig: Setting CVar [[r.AmbientOcclusionRadiusScale:1.0]]
[2020.03.25-23.11.34:747][  0]LogConfig: Setting CVar [[r.DepthOfFieldQuality:2]]
[2020.03.25-23.11.34:747][  0]LogConfig: Setting CVar [[r.RenderTargetPoolMin:400]]
[2020.03.25-23.11.34:747][  0]LogConfig: Setting CVar [[r.LensFlareQuality:2]]
[2020.03.25-23.11.34:747][  0]LogConfig: Setting CVar [[r.SceneColorFringeQuality:1]]
[2020.03.25-23.11.34:747][  0]LogConfig: Setting CVar [[r.EyeAdaptationQuality:2]]
[2020.03.25-23.11.34:747][  0]LogConfig: Setting CVar [[r.BloomQuality:5]]
[2020.03.25-23.11.34:747][  0]LogConfig: Setting CVar [[r.FastBlurThreshold:100]]
[2020.03.25-23.11.34:747][  0]LogConfig: Setting CVar [[r.Upscale.Quality:3]]
[2020.03.25-23.11.34:747][  0]LogConfig: Setting CVar [[r.Tonemapper.GrainQuantization:1]]
[2020.03.25-23.11.34:747][  0]LogConfig: Setting CVar [[r.LightShaftQuality:1]]
[2020.03.25-23.11.34:747][  0]LogConfig: Setting CVar [[r.Filter.SizeScale:1]]
[2020.03.25-23.11.34:747][  0]LogConfig: Setting CVar [[r.Tonemapper.Quality:5]]
[2020.03.25-23.11.34:747][  0]LogConfig: Setting CVar [[r.DOF.Gather.AccumulatorQuality:1        ; higher gathering accumulator quality]]
[2020.03.25-23.11.34:747][  0]LogConfig: Setting CVar [[r.DOF.Gather.PostfilterMethod:1          ; Median3x3 postfilering method]]
[2020.03.25-23.11.34:747][  0]LogConfig: Setting CVar [[r.DOF.Gather.EnableBokehSettings:0       ; no bokeh simulation when gathering]]
[2020.03.25-23.11.34:747][  0]LogConfig: Setting CVar [[r.DOF.Gather.RingCount:4                 ; medium number of samples when gathering]]
[2020.03.25-23.11.34:747][  0]LogConfig: Setting CVar [[r.DOF.Scatter.ForegroundCompositing:1    ; additive foreground scattering]]
[2020.03.25-23.11.34:747][  0]LogConfig: Setting CVar [[r.DOF.Scatter.BackgroundCompositing:2    ; additive background scattering]]
[2020.03.25-23.11.34:747][  0]LogConfig: Setting CVar [[r.DOF.Scatter.EnableBokehSettings:1      ; bokeh simulation when scattering]]
[2020.03.25-23.11.34:747][  0]LogConfig: Setting CVar [[r.DOF.Scatter.MaxSpriteRatio:0.1         ; only a maximum of 10% of scattered bokeh]]
[2020.03.25-23.11.34:747][  0]LogConfig: Setting CVar [[r.DOF.Recombine.Quality:1                ; cheap slight out of focus]]
[2020.03.25-23.11.34:747][  0]LogConfig: Setting CVar [[r.DOF.Recombine.EnableBokehSettings:0    ; no bokeh simulation on slight out of focus]]
[2020.03.25-23.11.34:747][  0]LogConfig: Setting CVar [[r.DOF.TemporalAAQuality:1                ; more stable temporal accumulation]]
[2020.03.25-23.11.34:747][  0]LogConfig: Setting CVar [[r.DOF.Kernel.MaxForegroundRadius:0.025]]
[2020.03.25-23.11.34:747][  0]LogConfig: Setting CVar [[r.DOF.Kernel.MaxBackgroundRadius:0.025]]
[2020.03.25-23.11.34:747][  0]LogConfig: Applying CVar settings from Section [TextureQuality@3] File [G:/git/CECS_343_project/Staying_alive/Saved/Config/Windows/Scalability.ini]
[2020.03.25-23.11.34:747][  0]LogConfig: Setting CVar [[r.Streaming.MipBias:0]]
[2020.03.25-23.11.34:747][  0]LogConfig: Setting CVar [[r.Streaming.AmortizeCPUToGPUCopy:0]]
[2020.03.25-23.11.34:747][  0]LogConfig: Setting CVar [[r.Streaming.MaxNumTexturesToStreamPerFrame:0]]
[2020.03.25-23.11.34:747][  0]LogConfig: Setting CVar [[r.Streaming.Boost:1]]
[2020.03.25-23.11.34:747][  0]LogConfig: Setting CVar [[r.MaxAnisotropy:8]]
[2020.03.25-23.11.34:747][  0]LogConfig: Setting CVar [[r.VT.MaxAnisotropy:8]]
[2020.03.25-23.11.34:747][  0]LogConfig: Setting CVar [[r.Streaming.LimitPoolSizeToVRAM:0]]
[2020.03.25-23.11.34:747][  0]LogConfig: Setting CVar [[r.Streaming.PoolSize:1000]]
[2020.03.25-23.11.34:747][  0]LogConfig: Setting CVar [[r.Streaming.MaxEffectiveScreenSize:0]]
[2020.03.25-23.11.34:747][  0]LogConfig: Applying CVar settings from Section [EffectsQuality@3] File [G:/git/CECS_343_project/Staying_alive/Saved/Config/Windows/Scalability.ini]
[2020.03.25-23.11.34:747][  0]LogConfig: Setting CVar [[r.TranslucencyLightingVolumeDim:64]]
[2020.03.25-23.11.34:747][  0]LogConfig: Setting CVar [[r.RefractionQuality:2]]
[2020.03.25-23.11.34:747][  0]LogConfig: Setting CVar [[r.SSR.Quality:3]]
[2020.03.25-23.11.34:747][  0]LogConfig: Setting CVar [[r.SSR.HalfResSceneColor:0]]
[2020.03.25-23.11.34:747][  0]LogConfig: Setting CVar [[r.SceneColorFormat:4]]
[2020.03.25-23.11.34:747][  0]LogConfig: Setting CVar [[r.DetailMode:2]]
[2020.03.25-23.11.34:747][  0]LogConfig: Setting CVar [[r.TranslucencyVolumeBlur:1]]
[2020.03.25-23.11.34:747][  0]LogConfig: Setting CVar [[r.MaterialQualityLevel:1 ; High quality]]
[2020.03.25-23.11.34:747][  0]LogConfig: Setting CVar [[r.SSS.Scale:1]]
[2020.03.25-23.11.34:747][  0]LogConfig: Setting CVar [[r.SSS.SampleSet:2]]
[2020.03.25-23.11.34:747][  0]LogConfig: Setting CVar [[r.SSS.Quality:1]]
[2020.03.25-23.11.34:747][  0]LogConfig: Setting CVar [[r.SSS.HalfRes:1]]
[2020.03.25-23.11.34:747][  0]LogConfig: Setting CVar [[r.SSGI.Quality:3]]
[2020.03.25-23.11.34:747][  0]LogConfig: Setting CVar [[r.EmitterSpawnRateScale:1.0]]
[2020.03.25-23.11.34:747][  0]LogConfig: Setting CVar [[r.ParticleLightQuality:2]]
[2020.03.25-23.11.34:747][  0]LogConfig: Setting CVar [[r.SkyAtmosphere.AerialPerspectiveLUT.FastApplyOnOpaque:1 ; Always have FastSkyLUT 1 in this case to avoid wrong sky]]
[2020.03.25-23.11.34:747][  0]LogConfig: Setting CVar [[r.SkyAtmosphere.AerialPerspectiveLUT.SampleCountPerSlice:1]]
[2020.03.25-23.11.34:747][  0]LogConfig: Setting CVar [[r.SkyAtmosphere.AerialPerspectiveLUT.DepthResolution:16.0]]
[2020.03.25-23.11.34:747][  0]LogConfig: Setting CVar [[r.SkyAtmosphere.FastSkyLUT:1]]
[2020.03.25-23.11.34:747][  0]LogConfig: Setting CVar [[r.SkyAtmosphere.FastSkyLUT.SampleCountMin:4.0]]
[2020.03.25-23.11.34:747][  0]LogConfig: Setting CVar [[r.SkyAtmosphere.FastSkyLUT.SampleCountMax:32.0]]
[2020.03.25-23.11.34:747][  0]LogConfig: Setting CVar [[r.SkyAtmosphere.SampleCountMin:4.0]]
[2020.03.25-23.11.34:747][  0]LogConfig: Setting CVar [[r.SkyAtmosphere.SampleCountMax:32.0]]
[2020.03.25-23.11.34:747][  0]LogConfig: Setting CVar [[r.SkyAtmosphere.TransmittanceLUT.UseSmallFormat:0]]
[2020.03.25-23.11.34:747][  0]LogConfig: Setting CVar [[r.SkyAtmosphere.TransmittanceLUT.SampleCount:10.0]]
[2020.03.25-23.11.34:747][  0]LogConfig: Setting CVar [[r.SkyAtmosphere.MultiScatteringLUT.SampleCount:15.0]]
[2020.03.25-23.11.34:747][  0]LogConfig: Applying CVar settings from Section [FoliageQuality@3] File [G:/git/CECS_343_project/Staying_alive/Saved/Config/Windows/Scalability.ini]
[2020.03.25-23.11.34:747][  0]LogConfig: Setting CVar [[foliage.DensityScale:1.0]]
[2020.03.25-23.11.34:747][  0]LogConfig: Setting CVar [[grass.DensityScale:1.0]]
[2020.03.25-23.11.34:747][  0]LogConfig: Applying CVar settings from Section [ShadingQuality@3] File [G:/git/CECS_343_project/Staying_alive/Saved/Config/Windows/Scalability.ini]
[2020.03.25-23.11.34:747][  0]LogConfig: Setting CVar [[r.HairStrands.SkyLighting.SampleCount:16]]
[2020.03.25-23.11.34:747][  0]LogConfig: Setting CVar [[r.HairStrands.SkyLighting.JitterIntegration:0]]
[2020.03.25-23.11.34:747][  0]LogConfig: Setting CVar [[r.HairStrands.SkyAO.SampleCount:16]]
[2020.03.25-23.11.34:748][  0]LogConfig: Applying CVar settings from Section [Startup] File [../../../Engine/Config/ConsoleVariables.ini]
[2020.03.25-23.11.34:748][  0]LogConfig: Setting CVar [[net.UseAdaptiveNetUpdateFrequency:0]]
[2020.03.25-23.11.34:748][  0]LogConfig: Setting CVar [[p.chaos.AllowCreatePhysxBodies:1]]
[2020.03.25-23.11.34:748][  0]LogConfig: Applying CVar settings from Section [ConsoleVariables] File [G:/git/CECS_343_project/Staying_alive/Saved/Config/Windows/Engine.ini]
[2020.03.25-23.11.34:748][  0]LogInit: Computer: DESKTOP-624KD1S
[2020.03.25-23.11.34:748][  0]LogInit: User: LucasC
[2020.03.25-23.11.34:748][  0]LogInit: CPU Page size=4096, Cores=4
[2020.03.25-23.11.34:748][  0]LogInit: High frequency timer resolution =10.000000 MHz
[2020.03.25-23.11.34:748][  0]LogMemory: Memory total: Physical=16.0GB (16GB approx)
[2020.03.25-23.11.34:748][  0]LogMemory: Platform Memory Stats for Windows
[2020.03.25-23.11.34:748][  0]LogMemory: Process Physical Memory: 103.94 MB used, 103.94 MB peak
[2020.03.25-23.11.34:748][  0]LogMemory: Process Virtual Memory: 100.09 MB used, 100.09 MB peak
[2020.03.25-23.11.34:748][  0]LogMemory: Physical Memory: 7084.39 MB used,  9258.96 MB free, 16343.34 MB total
[2020.03.25-23.11.34:748][  0]LogMemory: Virtual Memory: 5121.15 MB used,  134212608.00 MB free, 134217728.00 MB total
[2020.03.25-23.11.34:750][  0]LogWindows: WindowsPlatformFeatures enabled
[2020.03.25-23.11.34:765][  0]LogInit: Using OS detected language (en-US).
[2020.03.25-23.11.34:765][  0]LogInit: Using OS detected locale (en-US).
[2020.03.25-23.11.34:766][  0]LogTextLocalizationManager: No specific localization for 'en-US' exists, so the 'en' localization will be used.
[2020.03.25-23.11.34:914][  0]LogInit: Setting process to per monitor DPI aware
[2020.03.25-23.11.34:947][  0]LogSlate: New Slate User Created.  User Index 0, Is Virtual User: 0
[2020.03.25-23.11.34:947][  0]LogSlate: Slate User Registered.  User Index 0, Is Virtual User: 0
[2020.03.25-23.11.35:050][  0]LogHMD: Failed to initialize OpenVR with code 110
[2020.03.25-23.11.35:050][  0]LogD3D11RHI: D3D11 min allowed feature level: 11_0
[2020.03.25-23.11.35:051][  0]LogD3D11RHI: D3D11 max allowed feature level: 11_0
[2020.03.25-23.11.35:051][  0]LogD3D11RHI: D3D11 adapters:
[2020.03.25-23.11.35:117][  0]LogD3D11RHI:    0. 'NVIDIA GeForce GTX 1060 6GB' (Feature Level 11_0)
[2020.03.25-23.11.35:117][  0]LogD3D11RHI:       6052/0/8171 MB DedicatedVideo/DedicatedSystem/SharedSystem, Outputs:2, VendorId:0x10de
[2020.03.25-23.11.35:119][  0]LogD3D11RHI:    1. 'Microsoft Basic Render Driver' (Feature Level 11_0)
[2020.03.25-23.11.35:119][  0]LogD3D11RHI:       0/0/8171 MB DedicatedVideo/DedicatedSystem/SharedSystem, Outputs:0, VendorId:0x1414
[2020.03.25-23.11.35:119][  0]LogD3D11RHI: Chosen D3D11 Adapter: 0
[2020.03.25-23.11.35:126][  0]LogD3D11RHI: Creating new Direct3DDevice
[2020.03.25-23.11.35:127][  0]LogD3D11RHI:     GPU DeviceId: 0x1c03 (for the marketing name, search the web for "GPU Device Id")
[2020.03.25-23.11.35:127][  0]LogWindows: EnumDisplayDevices:
[2020.03.25-23.11.35:127][  0]LogWindows:    0. 'NVIDIA GeForce GTX 1060 6GB' (P:1 D:1)
[2020.03.25-23.11.35:127][  0]LogWindows:    1. 'NVIDIA GeForce GTX 1060 6GB' (P:0 D:1)
[2020.03.25-23.11.35:127][  0]LogWindows:    2. 'NVIDIA GeForce GTX 1060 6GB' (P:0 D:0)
[2020.03.25-23.11.35:127][  0]LogWindows:    3. 'NVIDIA GeForce GTX 1060 6GB' (P:0 D:0)
[2020.03.25-23.11.35:128][  0]LogWindows: DebugString: FoundDriverCount:4 
[2020.03.25-23.11.35:128][  0]LogD3D11RHI:     Adapter Name: NVIDIA GeForce GTX 1060 6GB
[2020.03.25-23.11.35:128][  0]LogD3D11RHI:   Driver Version: 441.08 (internal:26.21.14.4108, unified:441.08)
[2020.03.25-23.11.35:128][  0]LogD3D11RHI:      Driver Date: 10-22-2019
[2020.03.25-23.11.35:128][  0]LogRHI: Texture pool is 4236 MB (70% of 6052 MB)
[2020.03.25-23.11.35:167][  0]LogD3D11RHI: RHI has support for 64 bit atomics
[2020.03.25-23.11.35:167][  0]LogD3D11RHI: Async texture creation enabled
[2020.03.25-23.11.35:181][  0]LogD3D11RHI: GPU Timing Frequency: 1000.000000 (Debug: 2 1)
[2020.03.25-23.11.35:439][  0]LogTargetPlatformManager: Display: Loaded TargetPlatform 'AllDesktop'
[2020.03.25-23.11.35:468][  0]LogTargetPlatformManager: Display: Loaded TargetPlatform 'Android'
[2020.03.25-23.11.35:468][  0]LogTargetPlatformManager: Display: Loaded TargetPlatform 'Android_ASTC'
[2020.03.25-23.11.35:468][  0]LogTargetPlatformManager: Display: Loaded TargetPlatform 'Android_ATC'
[2020.03.25-23.11.35:468][  0]LogTargetPlatformManager: Display: Loaded TargetPlatform 'Android_DXT'
[2020.03.25-23.11.35:468][  0]LogTargetPlatformManager: Display: Loaded TargetPlatform 'Android_ETC1'
[2020.03.25-23.11.35:468][  0]LogTargetPlatformManager: Display: Loaded TargetPlatform 'Android_ETC1a'
[2020.03.25-23.11.35:468][  0]LogTargetPlatformManager: Display: Loaded TargetPlatform 'Android_ETC2'
[2020.03.25-23.11.35:468][  0]LogTargetPlatformManager: Display: Loaded TargetPlatform 'Android_PVRTC'
[2020.03.25-23.11.35:468][  0]LogTargetPlatformManager: Display: Loaded TargetPlatform 'AndroidClient'
[2020.03.25-23.11.35:468][  0]LogTargetPlatformManager: Display: Loaded TargetPlatform 'Android_ASTCClient'
[2020.03.25-23.11.35:468][  0]LogTargetPlatformManager: Display: Loaded TargetPlatform 'Android_ATCClient'
[2020.03.25-23.11.35:468][  0]LogTargetPlatformManager: Display: Loaded TargetPlatform 'Android_DXTClient'
[2020.03.25-23.11.35:468][  0]LogTargetPlatformManager: Display: Loaded TargetPlatform 'Android_ETC1Client'
[2020.03.25-23.11.35:468][  0]LogTargetPlatformManager: Display: Loaded TargetPlatform 'Android_ETC1aClient'
[2020.03.25-23.11.35:468][  0]LogTargetPlatformManager: Display: Loaded TargetPlatform 'Android_ETC2Client'
[2020.03.25-23.11.35:468][  0]LogTargetPlatformManager: Display: Loaded TargetPlatform 'Android_PVRTCClient'
[2020.03.25-23.11.35:468][  0]LogTargetPlatformManager: Display: Loaded TargetPlatform 'Android_Multi'
[2020.03.25-23.11.35:468][  0]LogTargetPlatformManager: Display: Loaded TargetPlatform 'Android_MultiClient'
[2020.03.25-23.11.35:483][  0]LogTargetPlatformManager: Display: Loaded TargetPlatform 'IOSClient'
[2020.03.25-23.11.35:484][  0]LogTargetPlatformManager: Display: Loaded TargetPlatform 'IOS'
[2020.03.25-23.11.35:489][  0]LogTargetPlatformManager: Display: Loaded TargetPlatform 'LinuxNoEditor'
[2020.03.25-23.11.35:495][  0]LogTargetPlatformManager: Display: Loaded TargetPlatform 'LinuxClient'
[2020.03.25-23.11.35:501][  0]LogTargetPlatformManager: Display: Loaded TargetPlatform 'LinuxServer'
[2020.03.25-23.11.35:507][  0]LogTargetPlatformManager: Display: Loaded TargetPlatform 'LinuxAArch64NoEditor'
[2020.03.25-23.11.35:514][  0]LogTargetPlatformManager: Display: Loaded TargetPlatform 'LinuxAArch64Client'
[2020.03.25-23.11.35:520][  0]LogTargetPlatformManager: Display: Loaded TargetPlatform 'LinuxAArch64Server'
[2020.03.25-23.11.35:539][  0]LogTargetPlatformManager: Display: Loaded TargetPlatform 'Lumin'
[2020.03.25-23.11.35:539][  0]LogTargetPlatformManager: Display: Loaded TargetPlatform 'LuminClient'
[2020.03.25-23.11.35:551][  0]LogTargetPlatformManager: Display: Loaded TargetPlatform 'TVOSClient'
[2020.03.25-23.11.35:551][  0]LogTargetPlatformManager: Display: Loaded TargetPlatform 'TVOS'
[2020.03.25-23.11.35:557][  0]LogTargetPlatformManager: Display: Loaded TargetPlatform 'WindowsNoEditor'
[2020.03.25-23.11.35:565][  0]LogTargetPlatformManager: Display: Loaded TargetPlatform 'Windows'
[2020.03.25-23.11.35:571][  0]LogTargetPlatformManager: Display: Loaded TargetPlatform 'WindowsClient'
[2020.03.25-23.11.35:577][  0]LogTargetPlatformManager: Display: Loaded TargetPlatform 'WindowsServer'
[2020.03.25-23.11.35:577][  0]LogTargetPlatformManager: Display: Building Assets For Windows
[2020.03.25-23.11.35:579][  0]LogAudioDebug: Display: Lib vorbis DLL was dynamically loaded.
[2020.03.25-23.11.35:597][  0]LogShaderCompilers: Guid format shader working directory is -1 characters bigger than the processId version (../../../../../git/CECS_343_project/Staying_alive/Intermediate/Shaders/WorkingDirectory/4156/).
[2020.03.25-23.11.35:597][  0]LogShaderCompilers: Cleaned the shader compiler working directory 'C:/Users/Lucas C/AppData/Local/Temp/UnrealShaderWorkingDir/BE759CF74845601F2A7655B378FC7F8B/'.
[2020.03.25-23.11.35:597][  0]LogXGEController: Cannot use XGE Controller as Incredibuild is not installed on this machine.
[2020.03.25-23.11.35:597][  0]LogShaderCompilers: Cannot use XGE Shader Compiler as Incredibuild is not installed on this machine.
[2020.03.25-23.11.35:597][  0]LogShaderCompilers: Display: Using Local Shader Compiler.
[2020.03.25-23.11.36:272][  0]LogDerivedDataCache: Display: Max Cache Size: 512 MB
[2020.03.25-23.11.36:325][  0]LogDerivedDataCache: Loaded boot cache 0.05s 78MB C:/Users/Lucas C/AppData/Local/UnrealEngine/4.24/DerivedDataCache/Boot.ddc.
[2020.03.25-23.11.36:325][  0]LogDerivedDataCache: Display: Loaded Boot cache: C:/Users/Lucas C/AppData/Local/UnrealEngine/4.24/DerivedDataCache/Boot.ddc
[2020.03.25-23.11.36:325][  0]LogDerivedDataCache: FDerivedDataBackendGraph:  Pak pak cache file ../../../../../git/CECS_343_project/Staying_alive/DerivedDataCache/DDC.ddp not found, will not use a pak cache.
[2020.03.25-23.11.36:325][  0]LogDerivedDataCache: Unable to find inner node Pak for hierarchical cache Hierarchy.
[2020.03.25-23.11.36:325][  0]LogDerivedDataCache: FDerivedDataBackendGraph:  CompressedPak pak cache file ../../../../../git/CECS_343_project/Staying_alive/DerivedDataCache/Compressed.ddp not found, will not use a pak cache.
[2020.03.25-23.11.36:325][  0]LogDerivedDataCache: Unable to find inner node CompressedPak for hierarchical cache Hierarchy.
[2020.03.25-23.11.36:335][  0]LogDerivedDataCache: Display: Pak cache opened for reading ../../../Engine/DerivedDataCache/Compressed.ddp.
[2020.03.25-23.11.36:335][  0]LogDerivedDataCache: FDerivedDataBackendGraph:  EnterprisePak pak cache file ../../../Enterprise/DerivedDataCache/Compressed.ddp not found, will not use a pak cache.
[2020.03.25-23.11.36:335][  0]LogDerivedDataCache: Unable to find inner node EnterprisePak for hierarchical cache Hierarchy.
[2020.03.25-23.11.36:336][  0]LogDerivedDataCache: Using Local data cache path C:/Users/Lucas C/AppData/Local/UnrealEngine/Common/DerivedDataCache: Writable
[2020.03.25-23.11.36:336][  0]LogDerivedDataCache: Shared data cache path not found in *engine.ini, will not use an Shared cache.
[2020.03.25-23.11.36:336][  0]LogDerivedDataCache: Unable to find inner node Shared for hierarchical cache Hierarchy.
[2020.03.25-23.11.36:359][  0]LogMaterial: Verifying Global Shaders for PCD3D_SM5
[2020.03.25-23.11.36:361][  0]LogSlate: Using FreeType 2.10.0
[2020.03.25-23.11.36:362][  0]LogSlate: SlateFontServices - WITH_FREETYPE: 1, WITH_HARFBUZZ: 1
[2020.03.25-23.11.36:409][  0]LogAssetRegistry: FAssetRegistry took 0.0022 seconds to start up
[2020.03.25-23.11.36:677][  0]LogInit: Selected Device Profile: [Windows]
[2020.03.25-23.11.36:818][  0]LogMeshReduction: Using QuadricMeshReduction for automatic static mesh reduction
[2020.03.25-23.11.36:818][  0]LogMeshReduction: Using SimplygonMeshReduction for automatic skeletal mesh reduction
[2020.03.25-23.11.36:818][  0]LogMeshReduction: Using ProxyLODMeshReduction for automatic mesh merging
[2020.03.25-23.11.36:818][  0]LogMeshReduction: No distributed automatic mesh merging module available
[2020.03.25-23.11.36:818][  0]LogMeshMerging: No distributed automatic mesh merging module available
[2020.03.25-23.11.36:831][  0]LogNetVersion: Staying_alive 1.0.0, NetCL: 10570792, EngineNetVer: 13, GameNetVer: 0 (Checksum: 368689442)
[2020.03.25-23.11.37:737][  0]LogPackageLocalizationCache: Processed 10 localized package path(s) for 1 prioritized culture(s) in 0.032881 seconds
[2020.03.25-23.11.37:744][  0]LogUObjectArray: 46750 objects as part of root set at end of initial load.
[2020.03.25-23.11.37:744][  0]LogUObjectAllocator: 8137160 out of 0 bytes used by permanent object pool.
[2020.03.25-23.11.37:744][  0]LogUObjectArray: CloseDisregardForGC: 0/0 objects in disregard for GC pool
[2020.03.25-23.11.38:091][  0]LogTcpMessaging: Initializing TcpMessaging bridge
[2020.03.25-23.11.38:093][  0]LogUdpMessaging: Initializing bridge on interface 0.0.0.0:0 to multicast group 230.0.0.1:6666.
[2020.03.25-23.11.38:134][  0]SourceControl: Source control is disabled
[2020.03.25-23.11.38:134][  0]SourceControl: Source control is disabled
[2020.03.25-23.11.38:135][  0]SourceControl: Source control is disabled
[2020.03.25-23.11.38:135][  0]SourceControl: Source control is disabled
[2020.03.25-23.11.38:136][  0]SourceControl: Source control is disabled
[2020.03.25-23.11.38:201][  0]LogAndroidPermission: UAndroidPermissionCallbackProxy::GetInstance
[2020.03.25-23.11.38:210][  0]LogAudioCaptureCore: Display: No Audio Capture implementations found. Audio input will be silent.
[2020.03.25-23.11.38:210][  0]LogAudioCaptureCore: Display: No Audio Capture implementations found. Audio input will be silent.
[2020.03.25-23.11.38:282][  0]LogOcInput: OculusInput pre-init called
[2020.03.25-23.11.38:287][  0]LogWindows: Failed to load 'OVRPlugin.dll' (GetLastError=126)
[2020.03.25-23.11.38:287][  0]LogWindows: File 'OVRPlugin.dll' does not exist
[2020.03.25-23.11.38:348][  0]LogEngine: Initializing Engine...
[2020.03.25-23.11.38:348][  0]LogHMD: Failed to initialize OpenVR with code 110
[2020.03.25-23.11.38:349][  0]LogStats: UGameplayTagsManager::InitializeManager -  0.000 s
[2020.03.25-23.11.38:653][  0]LogInit: Initializing FReadOnlyCVARCache
[2020.03.25-23.11.38:659][  0]LogAIModule: Creating AISystem for world Untitled
[2020.03.25-23.11.38:679][  0]LogAudioMixer: Display: Audio Mixer Platform Settings:
[2020.03.25-23.11.38:679][  0]LogAudioMixer: Display: 	Sample Rate:						  48000
[2020.03.25-23.11.38:679][  0]LogAudioMixer: Display: 	Callback Buffer Frame Size Requested: 1024
[2020.03.25-23.11.38:679][  0]LogAudioMixer: Display: 	Callback Buffer Frame Size To Use:	  1024
[2020.03.25-23.11.38:679][  0]LogAudioMixer: Display: 	Number of buffers to queue:			  2
[2020.03.25-23.11.38:679][  0]LogAudioMixer: Display: 	Max Channels (voices):				  32
[2020.03.25-23.11.38:679][  0]LogAudioMixer: Display: 	Number of Async Source Workers:		  0
[2020.03.25-23.11.38:679][  0]LogAudio: Display: AudioDevice MaxSources: 32
[2020.03.25-23.11.38:679][  0]LogAudio: Display: Using built-in audio occlusion.
[2020.03.25-23.11.38:679][  0]LogAudioMixer: Display: Initializing audio mixer.
[2020.03.25-23.11.38:701][  0]LogAudioMixer: Display: Audio Device Output Speaker Info:
[2020.03.25-23.11.38:701][  0]LogAudioMixer: Display: Name: Headset Earphone (Corsair VOID PRO USB Gaming Headset )
[2020.03.25-23.11.38:701][  0]LogAudioMixer: Display: Is Default: Yes
[2020.03.25-23.11.38:701][  0]LogAudioMixer: Display: Sample Rate: 48000
[2020.03.25-23.11.38:701][  0]LogAudioMixer: Display: Channel Count Used: 2
[2020.03.25-23.11.38:701][  0]LogAudioMixer: Display: Device Channel Count: 2
[2020.03.25-23.11.38:701][  0]LogAudioMixer: Display: Channel Order:
[2020.03.25-23.11.38:701][  0]LogAudioMixer: Display: 0: FrontLeft
[2020.03.25-23.11.38:701][  0]LogAudioMixer: Display: 1: FrontRight
[2020.03.25-23.11.38:730][  0]LogAudioMixer: Display: Using Audio Device Headset Earphone (Corsair VOID PRO USB Gaming Headset )
[2020.03.25-23.11.38:738][  0]LogInit: FAudioDevice initialized.
[2020.03.25-23.11.38:738][  0]LogNetVersion: Set ProjectVersion to 1.0.0.0. Version Checksum will be recalculated on next use.
[2020.03.25-23.11.38:809][  0]LogDerivedDataCache: Saved boot cache 0.07s 78MB C:/Users/Lucas C/AppData/Local/UnrealEngine/4.24/DerivedDataCache/Boot.ddc.
[2020.03.25-23.11.38:813][  0]LogInit: Texture streaming: Enabled
[2020.03.25-23.11.38:821][  0]LogEngineSessionManager: EngineSessionManager initialized
[2020.03.25-23.11.38:821][  0]LogEditorSessionSummary: Verbose: Initializing EditorSessionSummaryWriter for editor session tracking
[2020.03.25-23.11.38:822][  0]LogEditorSessionSummary: EditorSessionSummaryWriter initialized
[2020.03.25-23.11.38:868][  0]LogInit: Transaction tracking system initialized
[2020.03.25-23.11.38:875][  0]BlueprintLog: New page: Editor Load
[2020.03.25-23.11.38:896][  0]LocalizationService: Localization service is disabled
[2020.03.25-23.11.39:119][  0]LogFileCache: Scanning file cache for directory 'G:/git/CECS_343_project/Staying_alive/Content/' took 0.00s
[2020.03.25-23.11.39:119][  0]LogCook: Display: Max memory allowance for cook 16384mb min free memory 0mb
[2020.03.25-23.11.39:119][  0]LogCook: Display: Mobile HDR setting 1
[2020.03.25-23.11.39:672][  0]SourceControl: Source control is disabled
[2020.03.25-23.11.39:672][  0]Cmd: MAP LOAD FILE="../../../../../git/CECS_343_project/Staying_alive/Content/StarterContent/Maps/Minimal_Default.umap" TEMPLATE=0 SHOWPROGRESS=1 FEATURELEVEL=3
[2020.03.25-23.11.39:673][  0]LightingResults: New page: Lighting Build
[2020.03.25-23.11.39:673][  0]LogWorld: UWorld::CleanupWorld for Untitled, bSessionEnded=true, bCleanupResources=true
[2020.03.25-23.11.39:673][  0]LogSlate: InvalidateAllWidgets triggered.  All widgets were invalidated
[2020.03.25-23.11.39:673][  0]MapCheck: New page: Map Check
[2020.03.25-23.11.39:673][  0]LightingResults: New page: Lighting Build
[2020.03.25-23.11.39:697][  0]LogUObjectHash: Compacting FUObjectHashTables data took   1.68ms
[2020.03.25-23.11.39:912][  0]LogAIModule: Creating AISystem for world Minimal_Default
[2020.03.25-23.11.39:923][  0]LogEditorServer: Finished looking for orphan Actors (0.000 secs)
[2020.03.25-23.11.39:948][  0]LogUObjectHash: Compacting FUObjectHashTables data took   1.96ms
[2020.03.25-23.11.39:949][  0]Cmd: MAP CHECKDEP NOCLEARLOG
[2020.03.25-23.11.39:949][  0]MapCheck: Map check complete: 0 Error(s), 0 Warning(s), took 0.084ms to complete.
[2020.03.25-23.11.39:949][  0]LogFileHelpers: Loading map 'Minimal_Default' took 0.276
[2020.03.25-23.11.40:116][  0]LogSlate: Updating window title bar state: overlay mode, drag disabled, window buttons hidden, title bar hidden
[2020.03.25-23.11.40:123][  0]LogSlate: Updating window title bar state: overlay mode, drag disabled, window buttons hidden, title bar hidden
[2020.03.25-23.11.40:130][  0]LogSlate: Updating window title bar state: overlay mode, drag disabled, window buttons hidden, title bar hidden
[2020.03.25-23.11.40:137][  0]LogSlate: Updating window title bar state: overlay mode, drag disabled, window buttons hidden, title bar hidden
[2020.03.25-23.11.40:143][  0]LogCollectionManager: Loaded 0 collections in 0.000622 seconds
[2020.03.25-23.11.40:157][  0]LogFileCache: Scanning file cache for directory 'G:/git/CECS_343_project/Staying_alive/Saved/Collections/' took 0.00s
[2020.03.25-23.11.40:157][  0]LogFileCache: Scanning file cache for directory 'G:/git/CECS_343_project/Staying_alive/Content/Developers/LucasC/Collections/' took 0.00s
[2020.03.25-23.11.40:157][  0]LogFileCache: Scanning file cache for directory 'G:/git/CECS_343_project/Staying_alive/Content/Collections/' took 0.00s
[2020.03.25-23.11.40:157][  0]LogContentBrowser: Native class hierarchy populated in 0.0076 seconds. Added 3015 classes and 717 folders.
[2020.03.25-23.11.40:159][  0]LogContentBrowser: Native class hierarchy updated for 'WidgetCarousel' in 0.0002 seconds. Added 0 classes and 0 folders.
[2020.03.25-23.11.40:407][  0]LogContentBrowser: Native class hierarchy updated for 'AddContentDialog' in 0.0002 seconds. Added 0 classes and 0 folders.
[2020.03.25-23.11.40:447][  0]LogContentBrowser: Native class hierarchy updated for 'SceneOutliner' in 0.0002 seconds. Added 2 classes and 3 folders.
[2020.03.25-23.11.40:468][  0]LogContentBrowser: Native class hierarchy updated for 'HierarchicalLODOutliner' in 0.0005 seconds. Added 0 classes and 0 folders.
[2020.03.25-23.11.40:468][  0]LogLoad: (Engine Initialization) Total time: 6.48 seconds
[2020.03.25-23.11.40:468][  0]LogLoad: (Engine Initialization) Total Blueprint compile time: 0.00 seconds
[2020.03.25-23.11.40:507][  0]LogAssetRegistry: Asset discovery search completed in 4.0986 seconds
[2020.03.25-23.11.40:510][  0]LogCollectionManager: Fixed up redirectors for 0 collections in 0.000007 seconds (updated 0 objects)
[2020.03.25-23.11.40:511][  0]LogContentStreaming: Texture pool size now 1000 MB
[2020.03.25-23.11.40:519][  0]LogSlate: Took 0.000120 seconds to synchronously load lazily loaded font '../../../Engine/Content/Slate/Fonts/Roboto-Regular.ttf' (155K)
[2020.03.25-23.11.40:520][  0]LogSlate: Took 0.000084 seconds to synchronously load lazily loaded font '../../../Engine/Content/Slate/Fonts/Roboto-Bold.ttf' (160K)
[2020.03.25-23.11.40:528][  0]LogSlate: Took 0.004391 seconds to synchronously load lazily loaded font '../../../Engine/Content/Editor/Slate/Fonts/FontAwesome.ttf' (139K)
[2020.03.25-23.11.40:812][  0]LogSlate: Took 0.003890 seconds to synchronously load lazily loaded font '../../../Engine/Content/Slate/Fonts/Roboto-Light.ttf' (167K)
[2020.03.25-23.11.40:827][  1]LogRenderer: Reallocating scene render targets to support 804x360 Format 10 NumSamples 1 (Frame:1).
[2020.03.25-23.11.50:583][322]LogRenderer: Reallocating scene render targets to support 1208x572 Format 10 NumSamples 1 (Frame:302).
[2020.03.25-23.12.10:958][695]LogTemp: Repeating last play command: Selected Viewport
[2020.03.25-23.12.10:969][695]LogBlueprintUserMessages: Early PlayInEditor Detection: Level '/Game/StarterContent/Maps/Minimal_Default.Minimal_Default:PersistentLevel' has LevelScriptBlueprint '/Game/StarterContent/Maps/Minimal_Default.Minimal_Default:PersistentLevel.Minimal_Default' with GeneratedClass '/Game/StarterContent/Maps/Minimal_Default.Minimal_Default_C' with ClassGeneratedBy '/Game/StarterContent/Maps/Minimal_Default.Minimal_Default:PersistentLevel.Minimal_Default'
[2020.03.25-23.12.10:969][695]LogPlayLevel: PlayLevel: No blueprints needed recompiling
[2020.03.25-23.12.10:970][695]PIE: New page: PIE session: Minimal_Default (Mar 25, 2020, 9:12:10 AM)
[2020.03.25-23.12.10:971][695]LogOnline: OSS: Creating online subsystem instance for: NULL
[2020.03.25-23.12.10:971][695]LogOnline: OSS: TryLoadSubsystemAndSetDefault: Loaded subsystem for module [NULL]
[2020.03.25-23.12.10:971][695]LogPlayLevel: Creating play world package: /Game/StarterContent/Maps/UEDPIE_0_Minimal_Default
[2020.03.25-23.12.10:974][695]LogPlayLevel: PIE: StaticDuplicateObject took: (0.002861s)
[2020.03.25-23.12.10:976][695]LogAIModule: Creating AISystem for world Minimal_Default
[2020.03.25-23.12.10:976][695]LogPlayLevel: PIE: World Init took: (0.001465s)
[2020.03.25-23.12.10:976][695]LogPlayLevel: PIE: Created PIE world by copying editor world from /Game/StarterContent/Maps/Minimal_Default.Minimal_Default to /Game/StarterContent/Maps/UEDPIE_0_Minimal_Default.Minimal_Default (0.004596s)
[2020.03.25-23.12.10:999][695]LogUObjectHash: Compacting FUObjectHashTables data took   1.52ms
[2020.03.25-23.12.11:000][695]LogAudioMixer: Display: Audio Mixer Platform Settings:
[2020.03.25-23.12.11:000][695]LogAudioMixer: Display: 	Sample Rate:						  48000
[2020.03.25-23.12.11:000][695]LogAudioMixer: Display: 	Callback Buffer Frame Size Requested: 1024
[2020.03.25-23.12.11:000][695]LogAudioMixer: Display: 	Callback Buffer Frame Size To Use:	  1024
[2020.03.25-23.12.11:000][695]LogAudioMixer: Display: 	Number of buffers to queue:			  2
[2020.03.25-23.12.11:000][695]LogAudioMixer: Display: 	Max Channels (voices):				  32
[2020.03.25-23.12.11:000][695]LogAudioMixer: Display: 	Number of Async Source Workers:		  0
[2020.03.25-23.12.11:000][695]LogAudio: Display: AudioDevice MaxSources: 32
[2020.03.25-23.12.11:001][695]LogAudio: Display: Using built-in audio occlusion.
[2020.03.25-23.12.11:001][695]LogAudioMixer: Display: Initializing audio mixer.
[2020.03.25-23.12.11:017][695]LogAudioMixer: Display: Audio Device Output Speaker Info:
[2020.03.25-23.12.11:017][695]LogAudioMixer: Display: Name: Headset Earphone (Corsair VOID PRO USB Gaming Headset )
[2020.03.25-23.12.11:017][695]LogAudioMixer: Display: Is Default: Yes
[2020.03.25-23.12.11:017][695]LogAudioMixer: Display: Sample Rate: 48000
[2020.03.25-23.12.11:017][695]LogAudioMixer: Display: Channel Count Used: 2
[2020.03.25-23.12.11:017][695]LogAudioMixer: Display: Device Channel Count: 2
[2020.03.25-23.12.11:017][695]LogAudioMixer: Display: Channel Order:
[2020.03.25-23.12.11:017][695]LogAudioMixer: Display: 0: FrontLeft
[2020.03.25-23.12.11:017][695]LogAudioMixer: Display: 1: FrontRight
[2020.03.25-23.12.11:029][695]LogAudioMixer: Display: Using Audio Device Headset Earphone (Corsair VOID PRO USB Gaming Headset )
[2020.03.25-23.12.11:030][695]LogInit: FAudioDevice initialized.
[2020.03.25-23.12.11:036][695]LogLoad: Game class is 'topDown_menu_mode_C'
[2020.03.25-23.12.11:038][695]LogWorld: Bringing World /Game/StarterContent/Maps/UEDPIE_0_Minimal_Default.Minimal_Default up for play (max tick rate 0) at 2020.03.25-16.12.11
[2020.03.25-23.12.11:038][695]LogWorld: Bringing up level for play took: 0.000821
[2020.03.25-23.12.11:038][695]LogOnline: OSS: Creating online subsystem instance for: :Context_1
[2020.03.25-23.12.11:041][695]LogContentBrowser: Native class hierarchy updated for 'MovieSceneCapture' in 0.0003 seconds. Added 20 classes and 0 folders.
[2020.03.25-23.12.11:041][695]LogGameMode: Display: Match State Changed from EnteringMap to WaitingToStart
[2020.03.25-23.12.11:041][695]LogGameState: Match State Changed from EnteringMap to WaitingToStart
[2020.03.25-23.12.11:041][695]LogGameMode: Display: Match State Changed from WaitingToStart to InProgress
[2020.03.25-23.12.11:043][695]LogGameState: Match State Changed from WaitingToStart to InProgress
[2020.03.25-23.12.11:043][695]PIE: Play in editor start time for /Game/StarterContent/Maps/UEDPIE_0_Minimal_Default 0.841
[2020.03.25-23.12.11:043][695]LogBlueprintUserMessages: Late PlayInEditor Detection: Level '/Game/StarterContent/Maps/Minimal_Default.Minimal_Default:PersistentLevel' has LevelScriptBlueprint '/Game/StarterContent/Maps/Minimal_Default.Minimal_Default:PersistentLevel.Minimal_Default' with GeneratedClass '/Game/StarterContent/Maps/Minimal_Default.Minimal_Default_C' with ClassGeneratedBy '/Game/StarterContent/Maps/Minimal_Default.Minimal_Default:PersistentLevel.Minimal_Default'
[2020.03.25-23.12.19:244][669]LogAudioMixer: Display: No commands were queued while flushing the source manager.
[2020.03.25-23.12.19:248][669]LogAudioMixer: Display: Flush succeeded in the source manager command queue (1).
[2020.03.25-23.12.19:268][669]LogAudioMixer: Display: Flush succeeded the source manager command queue (2).
[2020.03.25-23.12.19:268][669]LogBlueprintUserMessages: Early EndPlayMap Detection: Level '/Game/StarterContent/Maps/Minimal_Default.Minimal_Default:PersistentLevel' has LevelScriptBlueprint '/Game/StarterContent/Maps/Minimal_Default.Minimal_Default:PersistentLevel.Minimal_Default' with GeneratedClass '/Game/StarterContent/Maps/Minimal_Default.Minimal_Default_C' with ClassGeneratedBy '/Game/StarterContent/Maps/Minimal_Default.Minimal_Default:PersistentLevel.Minimal_Default'
[2020.03.25-23.12.19:268][669]LogSlate: Updating window title bar state: overlay mode, drag disabled, window buttons hidden, title bar hidden
[2020.03.25-23.12.19:268][669]LogWorld: BeginTearingDown for /Game/StarterContent/Maps/UEDPIE_0_Minimal_Default
[2020.03.25-23.12.19:268][669]LogAudioMixer: Display: No commands were queued while flushing the source manager.
[2020.03.25-23.12.19:268][669]LogWorld: UWorld::CleanupWorld for Minimal_Default, bSessionEnded=true, bCleanupResources=true
[2020.03.25-23.12.19:268][669]LogSlate: InvalidateAllWidgets triggered.  All widgets were invalidated
[2020.03.25-23.12.19:280][669]LogPlayLevel: Display: Shutting down PIE online subsystems
[2020.03.25-23.12.19:280][669]LogBlueprintUserMessages: Late EndPlayMap Detection: Level '/Game/StarterContent/Maps/Minimal_Default.Minimal_Default:PersistentLevel' has LevelScriptBlueprint '/Game/StarterContent/Maps/Minimal_Default.Minimal_Default:PersistentLevel.Minimal_Default' with GeneratedClass '/Game/StarterContent/Maps/Minimal_Default.Minimal_Default_C' with ClassGeneratedBy '/Game/StarterContent/Maps/Minimal_Default.Minimal_Default:PersistentLevel.Minimal_Default'
[2020.03.25-23.12.19:282][669]LogSlate: InvalidateAllWidgets triggered.  All widgets were invalidated
[2020.03.25-23.12.19:305][669]LogAudioMixer: Display: No commands were queued while flushing the source manager.
[2020.03.25-23.12.19:306][669]LogSlate: Updating window title bar state: overlay mode, drag disabled, window buttons hidden, title bar hidden
[2020.03.25-23.12.19:310][669]LogUObjectHash: Compacting FUObjectHashTables data took   1.42ms
[2020.03.25-23.12.19:348][671]LogPlayLevel: Display: Destroying online subsystem :Context_1
[2020.03.25-23.12.57:704][104]LogSlate: Took 0.000133 seconds to synchronously load lazily loaded font '../../../Engine/Content/Slate/Fonts/Roboto-Light.ttf' (167K)
[2020.03.25-23.12.57:869][104]LogAIModule: Creating AISystem for world level_1
[2020.03.25-23.12.57:870][104]LogAssetEditorSubsystem: Opening Asset editor for World /Game/level_1.level_1
[2020.03.25-23.12.57:894][104]LogUObjectHash: Compacting FUObjectHashTables data took   2.11ms
[2020.03.25-23.12.57:897][104]Cmd: MAP LOAD FILE="../../../../../git/CECS_343_project/Staying_alive/Content/level_1.umap" TEMPLATE=0 SHOWPROGRESS=1 FEATURELEVEL=3
[2020.03.25-23.12.57:897][104]LightingResults: New page: Lighting Build
[2020.03.25-23.12.57:897][104]LoadErrors: New page: Loading map: level_1.umap
[2020.03.25-23.12.57:898][104]LogWorld: UWorld::CleanupWorld for Minimal_Default, bSessionEnded=true, bCleanupResources=true
[2020.03.25-23.12.57:898][104]LogSlate: InvalidateAllWidgets triggered.  All widgets were invalidated
[2020.03.25-23.12.57:898][104]MapCheck: New page: Map Check
[2020.03.25-23.12.57:898][104]LightingResults: New page: Lighting Build
[2020.03.25-23.12.57:922][104]LogUObjectHash: Compacting FUObjectHashTables data took   1.89ms
[2020.03.25-23.12.57:926][104]LogEditorServer: Finished looking for orphan Actors (0.000 secs)
[2020.03.25-23.12.57:949][104]LogUObjectHash: Compacting FUObjectHashTables data took   1.25ms
[2020.03.25-23.12.57:970][104]Cmd: MAP CHECKDEP NOCLEARLOG
[2020.03.25-23.12.57:970][104]MapCheck: Map check complete: 0 Error(s), 0 Warning(s), took 0.066ms to complete.
[2020.03.25-23.12.57:970][104]LogFileHelpers: Loading map 'level_1' took 0.075
[2020.03.25-23.13.03:977][802]LogTemp: Repeating last play command: Selected Viewport
[2020.03.25-23.13.03:988][802]LogPlayLevel: PlayLevel: No blueprints needed recompiling
[2020.03.25-23.13.03:988][802]PIE: New page: PIE session: level_1 (Mar 25, 2020, 9:13:03 AM)
[2020.03.25-23.13.03:988][802]LogPlayLevel: Creating play world package: /Game/UEDPIE_0_level_1
[2020.03.25-23.13.03:991][802]LogPlayLevel: PIE: StaticDuplicateObject took: (0.002828s)
[2020.03.25-23.13.03:992][802]LogAIModule: Creating AISystem for world level_1
[2020.03.25-23.13.03:992][802]LogPlayLevel: PIE: World Init took: (0.000849s)
[2020.03.25-23.13.03:992][802]LogPlayLevel: PIE: Created PIE world by copying editor world from /Game/level_1.level_1 to /Game/UEDPIE_0_level_1.level_1 (0.003834s)
[2020.03.25-23.13.04:014][802]LogUObjectHash: Compacting FUObjectHashTables data took   1.43ms
[2020.03.25-23.13.04:015][802]LogAudioMixer: Display: Audio Mixer Platform Settings:
[2020.03.25-23.13.04:015][802]LogAudioMixer: Display: 	Sample Rate:						  48000
[2020.03.25-23.13.04:015][802]LogAudioMixer: Display: 	Callback Buffer Frame Size Requested: 1024
[2020.03.25-23.13.04:015][802]LogAudioMixer: Display: 	Callback Buffer Frame Size To Use:	  1024
[2020.03.25-23.13.04:015][802]LogAudioMixer: Display: 	Number of buffers to queue:			  2
[2020.03.25-23.13.04:015][802]LogAudioMixer: Display: 	Max Channels (voices):				  32
[2020.03.25-23.13.04:015][802]LogAudioMixer: Display: 	Number of Async Source Workers:		  0
[2020.03.25-23.13.04:015][802]LogAudio: Display: AudioDevice MaxSources: 32
[2020.03.25-23.13.04:015][802]LogAudio: Display: Using built-in audio occlusion.
[2020.03.25-23.13.04:015][802]LogAudioMixer: Display: Initializing audio mixer.
[2020.03.25-23.13.04:031][802]LogAudioMixer: Display: Audio Device Output Speaker Info:
[2020.03.25-23.13.04:031][802]LogAudioMixer: Display: Name: Headset Earphone (Corsair VOID PRO USB Gaming Headset )
[2020.03.25-23.13.04:031][802]LogAudioMixer: Display: Is Default: Yes
[2020.03.25-23.13.04:031][802]LogAudioMixer: Display: Sample Rate: 48000
[2020.03.25-23.13.04:031][802]LogAudioMixer: Display: Channel Count Used: 2
[2020.03.25-23.13.04:031][802]LogAudioMixer: Display: Device Channel Count: 2
[2020.03.25-23.13.04:031][802]LogAudioMixer: Display: Channel Order:
[2020.03.25-23.13.04:031][802]LogAudioMixer: Display: 0: FrontLeft
[2020.03.25-23.13.04:031][802]LogAudioMixer: Display: 1: FrontRight
[2020.03.25-23.13.04:043][802]LogAudioMixer: Display: Using Audio Device Headset Earphone (Corsair VOID PRO USB Gaming Headset )
[2020.03.25-23.13.04:044][802]LogInit: FAudioDevice initialized.
[2020.03.25-23.13.04:052][802]LogLoad: Game class is 'GameModeBase'
[2020.03.25-23.13.04:053][802]LogWorld: Bringing World /Game/UEDPIE_0_level_1.level_1 up for play (max tick rate 0) at 2020.03.25-16.13.04
[2020.03.25-23.13.04:053][802]LogWorld: Bringing up level for play took: 0.000766
[2020.03.25-23.13.04:053][802]LogOnline: OSS: Creating online subsystem instance for: :Context_2
[2020.03.25-23.13.04:056][802]LogScript: Warning: Script Msg: SetTimer passed a negative time.  The associated timer may fail to fire!  If using InitialStartDelayVariance, be sure it is smaller than (Time + InitialStartDelay).
[2020.03.25-23.13.04:056][802]LogScript: Warning: Script Msg: SetTimer passed a negative time or initial start delay.  The associated timer may fail to fire!  If using InitialStartDelayVariance, be sure it is smaller than (Time + InitialStartDelay).
[2020.03.25-23.13.04:056][802]PIE: Play in editor start time for /Game/UEDPIE_0_level_1 -0.145
[2020.03.25-23.13.10:011][515]LogAudioMixer: Display: No commands were queued while flushing the source manager.
[2020.03.25-23.13.10:011][515]LogAudioMixer: Display: No commands were queued while flushing the source manager.
[2020.03.25-23.13.10:011][515]LogSlate: Updating window title bar state: overlay mode, drag disabled, window buttons hidden, title bar hidden
[2020.03.25-23.13.10:011][515]LogWorld: BeginTearingDown for /Game/UEDPIE_0_level_1
[2020.03.25-23.13.10:011][515]LogAudioMixer: Display: No commands were queued while flushing the source manager.
[2020.03.25-23.13.10:012][515]LogWorld: UWorld::CleanupWorld for level_1, bSessionEnded=true, bCleanupResources=true
[2020.03.25-23.13.10:012][515]LogSlate: InvalidateAllWidgets triggered.  All widgets were invalidated
[2020.03.25-23.13.10:019][515]LogPlayLevel: Display: Shutting down PIE online subsystems
[2020.03.25-23.13.10:022][515]LogSlate: InvalidateAllWidgets triggered.  All widgets were invalidated
[2020.03.25-23.13.10:043][515]LogAudioMixer: Display: No commands were queued while flushing the source manager.
[2020.03.25-23.13.10:046][515]LogSlate: Updating window title bar state: overlay mode, drag disabled, window buttons hidden, title bar hidden
[2020.03.25-23.13.10:048][515]LogUObjectHash: Compacting FUObjectHashTables data took   1.34ms
[2020.03.25-23.13.10:112][521]LogPlayLevel: Display: Destroying online subsystem :Context_2
[2020.03.25-23.13.19:912][543]LogAIModule: Creating AISystem for world Advanced_Lighting
[2020.03.25-23.13.19:957][543]LogAssetEditorSubsystem: Opening Asset editor for World /Game/StarterContent/Maps/Advanced_Lighting.Advanced_Lighting
[2020.03.25-23.13.19:980][543]LogUObjectHash: Compacting FUObjectHashTables data took   1.87ms
[2020.03.25-23.13.19:982][543]Cmd: MAP LOAD FILE="../../../../../git/CECS_343_project/Staying_alive/Content/StarterContent/Maps/Advanced_Lighting.umap" TEMPLATE=0 SHOWPROGRESS=1 FEATURELEVEL=3
[2020.03.25-23.13.19:982][543]LightingResults: New page: Lighting Build
[2020.03.25-23.13.19:983][543]LoadErrors: New page: Loading map: Advanced_Lighting.umap
[2020.03.25-23.13.19:983][543]LogWorld: UWorld::CleanupWorld for level_1, bSessionEnded=true, bCleanupResources=true
[2020.03.25-23.13.19:983][543]LogSlate: InvalidateAllWidgets triggered.  All widgets were invalidated
[2020.03.25-23.13.19:983][543]MapCheck: New page: Map Check
[2020.03.25-23.13.19:983][543]LightingResults: New page: Lighting Build
[2020.03.25-23.13.20:007][543]LogUObjectHash: Compacting FUObjectHashTables data took   1.49ms
[2020.03.25-23.13.20:009][543]LogEditorServer: Finished looking for orphan Actors (0.000 secs)
[2020.03.25-23.13.20:033][543]LogUObjectHash: Compacting FUObjectHashTables data took   1.27ms
[2020.03.25-23.13.20:053][543]Cmd: MAP CHECKDEP NOCLEARLOG
[2020.03.25-23.13.20:053][543]MapCheck: Map check complete: 0 Error(s), 0 Warning(s), took 0.068ms to complete.
[2020.03.25-23.13.20:053][543]LogFileHelpers: Loading map 'Advanced_Lighting' took 0.072
[2020.03.25-23.13.27:077][357]LogTemp: Repeating last play command: Selected Viewport
[2020.03.25-23.13.27:088][357]LogPlayLevel: PlayLevel: No blueprints needed recompiling
[2020.03.25-23.13.27:088][357]PIE: New page: PIE session: Advanced_Lighting (Mar 25, 2020, 9:13:27 AM)
[2020.03.25-23.13.27:088][357]LogPlayLevel: Creating play world package: /Game/StarterContent/Maps/UEDPIE_0_Advanced_Lighting
[2020.03.25-23.13.27:090][357]LogPlayLevel: PIE: StaticDuplicateObject took: (0.001868s)
[2020.03.25-23.13.27:091][357]LogAIModule: Creating AISystem for world Advanced_Lighting
[2020.03.25-23.13.27:091][357]LogPlayLevel: PIE: World Init took: (0.000950s)
[2020.03.25-23.13.27:091][357]LogPlayLevel: PIE: Created PIE world by copying editor world from /Game/StarterContent/Maps/Advanced_Lighting.Advanced_Lighting to /Game/StarterContent/Maps/UEDPIE_0_Advanced_Lighting.Advanced_Lighting (0.003000s)
[2020.03.25-23.13.27:113][357]LogUObjectHash: Compacting FUObjectHashTables data took   1.27ms
[2020.03.25-23.13.27:113][357]LogAudioMixer: Display: Audio Mixer Platform Settings:
[2020.03.25-23.13.27:113][357]LogAudioMixer: Display: 	Sample Rate:						  48000
[2020.03.25-23.13.27:113][357]LogAudioMixer: Display: 	Callback Buffer Frame Size Requested: 1024
[2020.03.25-23.13.27:113][357]LogAudioMixer: Display: 	Callback Buffer Frame Size To Use:	  1024
[2020.03.25-23.13.27:113][357]LogAudioMixer: Display: 	Number of buffers to queue:			  2
[2020.03.25-23.13.27:113][357]LogAudioMixer: Display: 	Max Channels (voices):				  32
[2020.03.25-23.13.27:113][357]LogAudioMixer: Display: 	Number of Async Source Workers:		  0
[2020.03.25-23.13.27:113][357]LogAudio: Display: AudioDevice MaxSources: 32
[2020.03.25-23.13.27:114][357]LogAudio: Display: Using built-in audio occlusion.
[2020.03.25-23.13.27:114][357]LogAudioMixer: Display: Initializing audio mixer.
[2020.03.25-23.13.27:130][357]LogAudioMixer: Display: Audio Device Output Speaker Info:
[2020.03.25-23.13.27:131][357]LogAudioMixer: Display: Name: Headset Earphone (Corsair VOID PRO USB Gaming Headset )
[2020.03.25-23.13.27:131][357]LogAudioMixer: Display: Is Default: Yes
[2020.03.25-23.13.27:131][357]LogAudioMixer: Display: Sample Rate: 48000
[2020.03.25-23.13.27:131][357]LogAudioMixer: Display: Channel Count Used: 2
[2020.03.25-23.13.27:131][357]LogAudioMixer: Display: Device Channel Count: 2
[2020.03.25-23.13.27:131][357]LogAudioMixer: Display: Channel Order:
[2020.03.25-23.13.27:131][357]LogAudioMixer: Display: 0: FrontLeft
[2020.03.25-23.13.27:131][357]LogAudioMixer: Display: 1: FrontRight
[2020.03.25-23.13.27:142][357]LogAudioMixer: Display: Using Audio Device Headset Earphone (Corsair VOID PRO USB Gaming Headset )
[2020.03.25-23.13.27:143][357]LogInit: FAudioDevice initialized.
[2020.03.25-23.13.27:154][357]LogLoad: Game class is 'GameModeBase'
[2020.03.25-23.13.27:154][357]LogWorld: Bringing World /Game/StarterContent/Maps/UEDPIE_0_Advanced_Lighting.Advanced_Lighting up for play (max tick rate 0) at 2020.03.25-16.13.27
[2020.03.25-23.13.27:155][357]LogWorld: Bringing up level for play took: 0.000717
[2020.03.25-23.13.27:155][357]LogOnline: OSS: Creating online subsystem instance for: :Context_3
[2020.03.25-23.13.27:157][357]PIE: Play in editor start time for /Game/StarterContent/Maps/UEDPIE_0_Advanced_Lighting 0.955
[2020.03.25-23.14.12:061][739]LogAudioMixer: Display: No commands were queued while flushing the source manager.
[2020.03.25-23.14.12:061][739]LogAudioMixer: Display: No commands were queued while flushing the source manager.
[2020.03.25-23.14.12:061][739]LogSlate: Updating window title bar state: overlay mode, drag disabled, window buttons hidden, title bar hidden
[2020.03.25-23.14.12:061][739]LogWorld: BeginTearingDown for /Game/StarterContent/Maps/UEDPIE_0_Advanced_Lighting
[2020.03.25-23.14.12:062][739]LogAudioMixer: Display: No commands were queued while flushing the source manager.
[2020.03.25-23.14.12:062][739]LogWorld: UWorld::CleanupWorld for Advanced_Lighting, bSessionEnded=true, bCleanupResources=true
[2020.03.25-23.14.12:062][739]LogSlate: InvalidateAllWidgets triggered.  All widgets were invalidated
[2020.03.25-23.14.12:068][739]LogPlayLevel: Display: Shutting down PIE online subsystems
[2020.03.25-23.14.12:072][739]LogSlate: InvalidateAllWidgets triggered.  All widgets were invalidated
[2020.03.25-23.14.12:094][739]LogAudioMixer: Display: No commands were queued while flushing the source manager.
[2020.03.25-23.14.12:097][739]LogSlate: Updating window title bar state: overlay mode, drag disabled, window buttons hidden, title bar hidden
[2020.03.25-23.14.12:099][739]LogUObjectHash: Compacting FUObjectHashTables data took   1.29ms
[2020.03.25-23.14.12:165][745]LogPlayLevel: Display: Destroying online subsystem :Context_3
[2020.03.25-23.14.13:411][893]Cmd: SELECT NONE
[2020.03.25-23.14.14:179][985]LogEditorViewport: Clicking on Actor (LMB): BP_LightStudio_C (BP_LightStage)
[2020.03.25-23.14.14:234][986]Cmd: SELECT NONE
[2020.03.25-23.14.17:620][372]LogAIModule: Creating AISystem for world Minimal_Default
[2020.03.25-23.14.17:622][372]LogAssetEditorSubsystem: Opening Asset editor for World /Game/StarterContent/Maps/Minimal_Default.Minimal_Default
[2020.03.25-23.14.17:645][372]LogUObjectHash: Compacting FUObjectHashTables data took   1.26ms
[2020.03.25-23.14.17:647][372]Cmd: MAP LOAD FILE="../../../../../git/CECS_343_project/Staying_alive/Content/StarterContent/Maps/Minimal_Default.umap" TEMPLATE=0 SHOWPROGRESS=1 FEATURELEVEL=3
[2020.03.25-23.14.17:647][372]LightingResults: New page: Lighting Build
[2020.03.25-23.14.17:648][372]LoadErrors: New page: Loading map: Minimal_Default.umap
[2020.03.25-23.14.17:648][372]LogWorld: UWorld::CleanupWorld for Advanced_Lighting, bSessionEnded=true, bCleanupResources=true
[2020.03.25-23.14.17:648][372]LogSlate: InvalidateAllWidgets triggered.  All widgets were invalidated
[2020.03.25-23.14.17:648][372]MapCheck: New page: Map Check
[2020.03.25-23.14.17:648][372]LightingResults: New page: Lighting Build
[2020.03.25-23.14.17:673][372]LogUObjectHash: Compacting FUObjectHashTables data took   1.42ms
[2020.03.25-23.14.17:675][372]LogEditorServer: Finished looking for orphan Actors (0.000 secs)
[2020.03.25-23.14.17:700][372]LogUObjectHash: Compacting FUObjectHashTables data took   1.53ms
[2020.03.25-23.14.17:720][372]Cmd: MAP CHECKDEP NOCLEARLOG
[2020.03.25-23.14.17:721][372]MapCheck: Map check complete: 0 Error(s), 0 Warning(s), took 0.07ms to complete.
[2020.03.25-23.14.17:721][372]LogFileHelpers: Loading map 'Minimal_Default' took 0.074
[2020.03.25-23.14.23:534][839]LogAIModule: Creating AISystem for world StarterMap
[2020.03.25-23.14.23:590][839]LogAssetEditorSubsystem: Opening Asset editor for World /Game/StarterContent/Maps/StarterMap.StarterMap
[2020.03.25-23.14.23:616][839]LogUObjectHash: Compacting FUObjectHashTables data took   1.97ms
[2020.03.25-23.14.23:618][839]Cmd: MAP LOAD FILE="../../../../../git/CECS_343_project/Staying_alive/Content/StarterContent/Maps/StarterMap.umap" TEMPLATE=0 SHOWPROGRESS=1 FEATURELEVEL=3
[2020.03.25-23.14.23:618][839]LightingResults: New page: Lighting Build
[2020.03.25-23.14.23:619][839]LoadErrors: New page: Loading map: StarterMap.umap
[2020.03.25-23.14.23:619][839]LogWorld: UWorld::CleanupWorld for Minimal_Default, bSessionEnded=true, bCleanupResources=true
[2020.03.25-23.14.23:619][839]LogSlate: InvalidateAllWidgets triggered.  All widgets were invalidated
[2020.03.25-23.14.23:619][839]MapCheck: New page: Map Check
[2020.03.25-23.14.23:619][839]LightingResults: New page: Lighting Build
[2020.03.25-23.14.23:644][839]LogUObjectHash: Compacting FUObjectHashTables data took   1.72ms
[2020.03.25-23.14.23:694][839]LogEditorServer: Finished looking for orphan Actors (0.000 secs)
[2020.03.25-23.14.23:721][839]LogUObjectHash: Compacting FUObjectHashTables data took   1.60ms
[2020.03.25-23.14.23:743][839]Cmd: MAP CHECKDEP NOCLEARLOG
[2020.03.25-23.14.23:743][839]MapCheck: Map check complete: 0 Error(s), 0 Warning(s), took 0.106ms to complete.
[2020.03.25-23.14.23:743][839]LogFileHelpers: Loading map 'StarterMap' took 0.125
[2020.03.25-23.14.32:743][784]LogTemp: Repeating last play command: Selected Viewport
[2020.03.25-23.14.32:755][784]LogBlueprintUserMessages: Early PlayInEditor Detection: Level '/Game/StarterContent/Maps/StarterMap.StarterMap:PersistentLevel' has LevelScriptBlueprint '/Game/StarterContent/Maps/StarterMap.StarterMap:PersistentLevel.StarterMap' with GeneratedClass '/Game/StarterContent/Maps/StarterMap.StarterMap_C' with ClassGeneratedBy '/Game/StarterContent/Maps/StarterMap.StarterMap:PersistentLevel.StarterMap'
[2020.03.25-23.14.32:755][784]LogPlayLevel: PlayLevel: No blueprints needed recompiling
[2020.03.25-23.14.32:755][784]PIE: New page: PIE session: StarterMap (Mar 25, 2020, 9:14:32 AM)
[2020.03.25-23.14.32:755][784]LogPlayLevel: Creating play world package: /Game/StarterContent/Maps/UEDPIE_0_StarterMap
[2020.03.25-23.14.32:771][784]LogPlayLevel: PIE: StaticDuplicateObject took: (0.016236s)
[2020.03.25-23.14.32:772][784]LogAIModule: Creating AISystem for world StarterMap
[2020.03.25-23.14.32:773][784]LogPlayLevel: PIE: World Init took: (0.001481s)
[2020.03.25-23.14.32:773][784]LogPlayLevel: PIE: Created PIE world by copying editor world from /Game/StarterContent/Maps/StarterMap.StarterMap to /Game/StarterContent/Maps/UEDPIE_0_StarterMap.StarterMap (0.017997s)
[2020.03.25-23.14.32:796][784]LogUObjectHash: Compacting FUObjectHashTables data took   1.30ms
[2020.03.25-23.14.32:799][784]LogAudioMixer: Display: Audio Mixer Platform Settings:
[2020.03.25-23.14.32:799][784]LogAudioMixer: Display: 	Sample Rate:						  48000
[2020.03.25-23.14.32:799][784]LogAudioMixer: Display: 	Callback Buffer Frame Size Requested: 1024
[2020.03.25-23.14.32:799][784]LogAudioMixer: Display: 	Callback Buffer Frame Size To Use:	  1024
[2020.03.25-23.14.32:799][784]LogAudioMixer: Display: 	Number of buffers to queue:			  2
[2020.03.25-23.14.32:799][784]LogAudioMixer: Display: 	Max Channels (voices):				  32
[2020.03.25-23.14.32:799][784]LogAudioMixer: Display: 	Number of Async Source Workers:		  0
[2020.03.25-23.14.32:799][784]LogAudio: Display: AudioDevice MaxSources: 32
[2020.03.25-23.14.32:799][784]LogAudio: Display: Using built-in audio occlusion.
[2020.03.25-23.14.32:799][784]LogAudioMixer: Display: Initializing audio mixer.
[2020.03.25-23.14.32:816][784]LogAudioMixer: Display: Audio Device Output Speaker Info:
[2020.03.25-23.14.32:816][784]LogAudioMixer: Display: Name: Headset Earphone (Corsair VOID PRO USB Gaming Headset )
[2020.03.25-23.14.32:816][784]LogAudioMixer: Display: Is Default: Yes
[2020.03.25-23.14.32:816][784]LogAudioMixer: Display: Sample Rate: 48000
[2020.03.25-23.14.32:816][784]LogAudioMixer: Display: Channel Count Used: 2
[2020.03.25-23.14.32:816][784]LogAudioMixer: Display: Device Channel Count: 2
[2020.03.25-23.14.32:816][784]LogAudioMixer: Display: Channel Order:
[2020.03.25-23.14.32:816][784]LogAudioMixer: Display: 0: FrontLeft
[2020.03.25-23.14.32:816][784]LogAudioMixer: Display: 1: FrontRight
[2020.03.25-23.14.32:828][784]LogAudioMixer: Display: Using Audio Device Headset Earphone (Corsair VOID PRO USB Gaming Headset )
[2020.03.25-23.14.32:830][784]LogInit: FAudioDevice initialized.
[2020.03.25-23.14.32:837][784]LogLoad: Game class is 'GameModeBase'
[2020.03.25-23.14.32:843][784]LogWorld: Bringing World /Game/StarterContent/Maps/UEDPIE_0_StarterMap.StarterMap up for play (max tick rate 0) at 2020.03.25-16.14.32
[2020.03.25-23.14.32:844][784]LogWorld: Bringing up level for play took: 0.005976
[2020.03.25-23.14.32:844][784]LogOnline: OSS: Creating online subsystem instance for: :Context_4
[2020.03.25-23.14.32:868][784]PIE: Play in editor start time for /Game/StarterContent/Maps/UEDPIE_0_StarterMap 0.667
[2020.03.25-23.14.32:869][784]LogBlueprintUserMessages: Late PlayInEditor Detection: Level '/Game/StarterContent/Maps/StarterMap.StarterMap:PersistentLevel' has LevelScriptBlueprint '/Game/StarterContent/Maps/StarterMap.StarterMap:PersistentLevel.StarterMap' with GeneratedClass '/Game/StarterContent/Maps/StarterMap.StarterMap_C' with ClassGeneratedBy '/Game/StarterContent/Maps/StarterMap.StarterMap:PersistentLevel.StarterMap'
[2020.03.25-23.17.16:865][431]LogAudioMixer: Display: No commands were queued while flushing the source manager.
[2020.03.25-23.17.16:866][431]LogAudioMixer: Display: Flush succeeded in the source manager command queue (1).
[2020.03.25-23.17.16:887][431]LogAudioMixer: Display: Flush succeeded the source manager command queue (2).
[2020.03.25-23.17.16:887][431]LogBlueprintUserMessages: Early EndPlayMap Detection: Level '/Game/StarterContent/Maps/StarterMap.StarterMap:PersistentLevel' has LevelScriptBlueprint '/Game/StarterContent/Maps/StarterMap.StarterMap:PersistentLevel.StarterMap' with GeneratedClass '/Game/StarterContent/Maps/StarterMap.StarterMap_C' with ClassGeneratedBy '/Game/StarterContent/Maps/StarterMap.StarterMap:PersistentLevel.StarterMap'
[2020.03.25-23.17.16:887][431]LogSlate: Updating window title bar state: overlay mode, drag disabled, window buttons hidden, title bar hidden
[2020.03.25-23.17.16:887][431]LogWorld: BeginTearingDown for /Game/StarterContent/Maps/UEDPIE_0_StarterMap
[2020.03.25-23.17.16:887][431]LogAudioMixer: Display: No commands were queued while flushing the source manager.
[2020.03.25-23.17.16:887][431]LogWorld: UWorld::CleanupWorld for StarterMap, bSessionEnded=true, bCleanupResources=true
[2020.03.25-23.17.16:888][431]LogSlate: InvalidateAllWidgets triggered.  All widgets were invalidated
[2020.03.25-23.17.16:898][431]LogPlayLevel: Display: Shutting down PIE online subsystems
[2020.03.25-23.17.16:898][431]LogBlueprintUserMessages: Late EndPlayMap Detection: Level '/Game/StarterContent/Maps/StarterMap.StarterMap:PersistentLevel' has LevelScriptBlueprint '/Game/StarterContent/Maps/StarterMap.StarterMap:PersistentLevel.StarterMap' with GeneratedClass '/Game/StarterContent/Maps/StarterMap.StarterMap_C' with ClassGeneratedBy '/Game/StarterContent/Maps/StarterMap.StarterMap:PersistentLevel.StarterMap'
[2020.03.25-23.17.16:901][431]LogSlate: InvalidateAllWidgets triggered.  All widgets were invalidated
[2020.03.25-23.17.16:924][431]LogAudioMixer: Display: No commands were queued while flushing the source manager.
[2020.03.25-23.17.16:928][431]LogSlate: Updating window title bar state: overlay mode, drag disabled, window buttons hidden, title bar hidden
[2020.03.25-23.17.16:932][431]LogUObjectHash: Compacting FUObjectHashTables data took   1.32ms
[2020.03.25-23.17.16:986][433]LogPlayLevel: Display: Destroying online subsystem :Context_4
[2020.03.25-23.17.34:279][483]LogAssetEditorSubsystem: Opening Asset editor for Texture2D /Game/menu_assests/menu_back_ground.menu_back_ground
[2020.03.25-23.17.34:342][483]LogContentBrowser: Native class hierarchy updated for 'TextureEditor' in 0.0002 seconds. Added 1 classes and 2 folders.
[2020.03.25-23.17.47:526][  1]LogSlate: Window 'menu_back_ground' being destroyed
[2020.03.25-23.17.51:582][461]Cmd: SELECT NONE
[2020.03.25-23.17.59:116][337]LogAIModule: Creating AISystem for world level_1
[2020.03.25-23.17.59:117][337]LogAssetEditorSubsystem: Opening Asset editor for World /Game/level_1.level_1
[2020.03.25-23.17.59:141][337]LogUObjectHash: Compacting FUObjectHashTables data took   1.60ms
[2020.03.25-23.17.59:143][337]Cmd: MAP LOAD FILE="../../../../../git/CECS_343_project/Staying_alive/Content/level_1.umap" TEMPLATE=0 SHOWPROGRESS=1 FEATURELEVEL=3
[2020.03.25-23.17.59:143][337]LightingResults: New page: Lighting Build
[2020.03.25-23.17.59:144][337]LoadErrors: New page: Loading map: level_1.umap
[2020.03.25-23.17.59:145][337]LogWorld: UWorld::CleanupWorld for StarterMap, bSessionEnded=true, bCleanupResources=true
[2020.03.25-23.17.59:145][337]LogSlate: InvalidateAllWidgets triggered.  All widgets were invalidated
[2020.03.25-23.17.59:146][337]MapCheck: New page: Map Check
[2020.03.25-23.17.59:146][337]LightingResults: New page: Lighting Build
[2020.03.25-23.17.59:171][337]LogUObjectHash: Compacting FUObjectHashTables data took   1.77ms
[2020.03.25-23.17.59:191][337]LogEditorServer: Finished looking for orphan Actors (0.000 secs)
[2020.03.25-23.17.59:215][337]LogUObjectHash: Compacting FUObjectHashTables data took   1.24ms
[2020.03.25-23.17.59:236][337]Cmd: MAP CHECKDEP NOCLEARLOG
[2020.03.25-23.17.59:236][337]MapCheck: Map check complete: 0 Error(s), 0 Warning(s), took 0.066ms to complete.
[2020.03.25-23.17.59:236][337]LogFileHelpers: Loading map 'level_1' took 0.094
[2020.03.25-23.18.06:749][216]Cmd: SELECT NONE
[2020.03.25-23.18.26:384][539]LogEditorViewport: Clicking on Actor (LMB): enemy_pawn_C (enemy_pawn)
[2020.03.25-23.18.30:571][ 31]Cmd: SELECT NONE
[2020.03.25-23.18.31:089][ 91]Cmd: SELECT NONE
[2020.03.25-23.18.38:628][975]LogUObjectHash: Compacting FUObjectHashTables data took   1.43ms
